CRITICAL - 2023-01-05 00:39:34 --> Undefined variable $cart
in APPPATH\Controllers\Package.php on line 27.
 1 APPPATH\Controllers\Package.php(27): CodeIgniter\Debug\Exceptions->errorHandler(2, 'Undefined variable $cart', 'APPPATH\\Controllers\\Package.php', 27)
 2 SYSTEMPATH\CodeIgniter.php(925): App\Controllers\Package->delete()
 3 SYSTEMPATH\CodeIgniter.php(480): CodeIgniter\CodeIgniter->runController(Object(App\Controllers\Package))
 4 SYSTEMPATH\CodeIgniter.php(349): CodeIgniter\CodeIgniter->handleRequest(null, Object(Config\Cache), false)
 5 FCPATH\index.php(67): CodeIgniter\CodeIgniter->run()
 6 SYSTEMPATH\Commands\Server\rewrite.php(47): require_once('FCPATH\\index.php')
CRITICAL - 2023-01-05 00:45:03 --> syntax error, unexpected double-quoted string " class=", expecting "," or ";"
in APPPATH\Views\cart.php on line 125.
 1 SYSTEMPATH\View\View.php(216): CodeIgniter\View\View->CodeIgniter\View\{closure}()
 2 SYSTEMPATH\Common.php(1135): CodeIgniter\View\View->render('cart', [], true)
 3 APPPATH\Controllers\Package.php(58): view('cart', [...])
 4 SYSTEMPATH\CodeIgniter.php(925): App\Controllers\Package->cart()
 5 SYSTEMPATH\CodeIgniter.php(480): CodeIgniter\CodeIgniter->runController(Object(App\Controllers\Package))
 6 SYSTEMPATH\CodeIgniter.php(349): CodeIgniter\CodeIgniter->handleRequest(null, Object(Config\Cache), false)
 7 FCPATH\index.php(67): CodeIgniter\CodeIgniter->run()
 8 SYSTEMPATH\Commands\Server\rewrite.php(47): require_once('FCPATH\\index.php')
CRITICAL - 2023-01-05 00:45:44 --> Call to undefined function site_ur()
in APPPATH\Views\cart.php on line 125.
 1 SYSTEMPATH\View\View.php(213): include()
 2 SYSTEMPATH\View\View.php(216): CodeIgniter\View\View->CodeIgniter\View\{closure}()
 3 SYSTEMPATH\Common.php(1135): CodeIgniter\View\View->render('cart', [], true)
 4 APPPATH\Controllers\Package.php(58): view('cart', [...])
 5 SYSTEMPATH\CodeIgniter.php(925): App\Controllers\Package->cart()
 6 SYSTEMPATH\CodeIgniter.php(480): CodeIgniter\CodeIgniter->runController(Object(App\Controllers\Package))
 7 SYSTEMPATH\CodeIgniter.php(349): CodeIgniter\CodeIgniter->handleRequest(null, Object(Config\Cache), false)
 8 FCPATH\index.php(67): CodeIgniter\CodeIgniter->run()
 9 SYSTEMPATH\Commands\Server\rewrite.php(47): require_once('FCPATH\\index.php')
CRITICAL - 2023-01-05 00:46:10 --> Call to undefined function site_ur()
in APPPATH\Views\cart.php on line 125.
 1 SYSTEMPATH\View\View.php(213): include()
 2 SYSTEMPATH\View\View.php(216): CodeIgniter\View\View->CodeIgniter\View\{closure}()
 3 SYSTEMPATH\Common.php(1135): CodeIgniter\View\View->render('cart', [], true)
 4 APPPATH\Controllers\Package.php(58): view('cart', [...])
 5 SYSTEMPATH\CodeIgniter.php(925): App\Controllers\Package->cart()
 6 SYSTEMPATH\CodeIgniter.php(480): CodeIgniter\CodeIgniter->runController(Object(App\Controllers\Package))
 7 SYSTEMPATH\CodeIgniter.php(349): CodeIgniter\CodeIgniter->handleRequest(null, Object(Config\Cache), false)
 8 FCPATH\index.php(67): CodeIgniter\CodeIgniter->run()
 9 SYSTEMPATH\Commands\Server\rewrite.php(47): require_once('FCPATH\\index.php')
CRITICAL - 2023-01-05 00:59:58 --> Undefined variable $cart
in APPPATH\Views\cart.php on line 91.
 1 APPPATH\Views\cart.php(91): CodeIgniter\Debug\Exceptions->errorHandler(2, 'Undefined variable $cart', 'APPPATH\\Views\\cart.php', 91)
 2 SYSTEMPATH\View\View.php(213): include('APPPATH\\Views\\cart.php')
 3 SYSTEMPATH\View\View.php(216): CodeIgniter\View\View->CodeIgniter\View\{closure}()
 4 SYSTEMPATH\Common.php(1135): CodeIgniter\View\View->render('cart', [], true)
 5 APPPATH\Controllers\Package.php(30): view('cart')
 6 SYSTEMPATH\CodeIgniter.php(925): App\Controllers\Package->delete('5')
 7 SYSTEMPATH\CodeIgniter.php(480): CodeIgniter\CodeIgniter->runController(Object(App\Controllers\Package))
 8 SYSTEMPATH\CodeIgniter.php(349): CodeIgniter\CodeIgniter->handleRequest(null, Object(Config\Cache), false)
 9 FCPATH\index.php(67): CodeIgniter\CodeIgniter->run()
10 SYSTEMPATH\Commands\Server\rewrite.php(47): require_once('FCPATH\\index.php')
CRITICAL - 2023-01-05 01:00:29 --> Undefined variable $cart
in APPPATH\Views\cart.php on line 91.
 1 APPPATH\Views\cart.php(91): CodeIgniter\Debug\Exceptions->errorHandler(2, 'Undefined variable $cart', 'APPPATH\\Views\\cart.php', 91)
 2 SYSTEMPATH\View\View.php(213): include('APPPATH\\Views\\cart.php')
 3 SYSTEMPATH\View\View.php(216): CodeIgniter\View\View->CodeIgniter\View\{closure}()
 4 SYSTEMPATH\Common.php(1135): CodeIgniter\View\View->render('cart', [], true)
 5 APPPATH\Controllers\Package.php(30): view('cart')
 6 SYSTEMPATH\CodeIgniter.php(925): App\Controllers\Package->delete('5')
 7 SYSTEMPATH\CodeIgniter.php(480): CodeIgniter\CodeIgniter->runController(Object(App\Controllers\Package))
 8 SYSTEMPATH\CodeIgniter.php(349): CodeIgniter\CodeIgniter->handleRequest(null, Object(Config\Cache), false)
 9 FCPATH\index.php(67): CodeIgniter\CodeIgniter->run()
10 SYSTEMPATH\Commands\Server\rewrite.php(47): require_once('FCPATH\\index.php')
