CRITICAL - 2022-12-02 14:36:59 --> Call to undefined function display_error()
in APPPATH\Views\signup.php on line 34.
 1 SYSTEMPATH\View\View.php(213): include()
 2 SYSTEMPATH\View\View.php(216): CodeIgniter\View\View->CodeIgniter\View\{closure}()
 3 SYSTEMPATH\Common.php(1134): CodeIgniter\View\View->render('signup', [], true)
 4 APPPATH\Controllers\SignupController.php(36): view('signup', [...])
 5 SYSTEMPATH\CodeIgniter.php(927): App\Controllers\SignupController->store()
 6 SYSTEMPATH\CodeIgniter.php(482): CodeIgniter\CodeIgniter->runController(Object(App\Controllers\SignupController))
 7 SYSTEMPATH\CodeIgniter.php(351): CodeIgniter\CodeIgniter->handleRequest(null, Object(Config\Cache), false)
 8 FCPATH\index.php(67): CodeIgniter\CodeIgniter->run()
 9 SYSTEMPATH\Commands\Server\rewrite.php(46): require_once('FCPATH\\index.php')
CRITICAL - 2022-12-02 15:01:35 --> Invalid file: register.php
in SYSTEMPATH\Exceptions\FrameworkException.php on line 33.
 1 SYSTEMPATH\View\View.php(201): CodeIgniter\Exceptions\FrameworkException::forInvalidFile('register.php')
 2 SYSTEMPATH\Common.php(1134): CodeIgniter\View\View->render('register', [], true)
 3 APPPATH\Controllers\SignupController.php(12): view('register', [])
 4 SYSTEMPATH\CodeIgniter.php(927): App\Controllers\SignupController->index()
 5 SYSTEMPATH\CodeIgniter.php(482): CodeIgniter\CodeIgniter->runController(Object(App\Controllers\SignupController))
 6 SYSTEMPATH\CodeIgniter.php(351): CodeIgniter\CodeIgniter->handleRequest(null, Object(Config\Cache), false)
 7 FCPATH\index.php(67): CodeIgniter\CodeIgniter->run()
 8 SYSTEMPATH\Commands\Server\rewrite.php(46): require_once('FCPATH\\index.php')
CRITICAL - 2022-12-02 15:01:57 --> Invalid file: register.php
in SYSTEMPATH\Exceptions\FrameworkException.php on line 33.
 1 SYSTEMPATH\View\View.php(201): CodeIgniter\Exceptions\FrameworkException::forInvalidFile('register.php')
 2 SYSTEMPATH\Common.php(1134): CodeIgniter\View\View->render('register', [], true)
 3 APPPATH\Controllers\SignupController.php(12): view('register', [])
 4 SYSTEMPATH\CodeIgniter.php(927): App\Controllers\SignupController->index()
 5 SYSTEMPATH\CodeIgniter.php(482): CodeIgniter\CodeIgniter->runController(Object(App\Controllers\SignupController))
 6 SYSTEMPATH\CodeIgniter.php(351): CodeIgniter\CodeIgniter->handleRequest(null, Object(Config\Cache), false)
 7 FCPATH\index.php(67): CodeIgniter\CodeIgniter->run()
 8 SYSTEMPATH\Commands\Server\rewrite.php(46): require_once('FCPATH\\index.php')
CRITICAL - 2022-12-02 15:02:09 --> Invalid file: register.php
in SYSTEMPATH\Exceptions\FrameworkException.php on line 33.
 1 SYSTEMPATH\View\View.php(201): CodeIgniter\Exceptions\FrameworkException::forInvalidFile('register.php')
 2 SYSTEMPATH\Common.php(1134): CodeIgniter\View\View->render('register', [], true)
 3 APPPATH\Controllers\SignupController.php(12): view('register', [])
 4 SYSTEMPATH\CodeIgniter.php(927): App\Controllers\SignupController->index()
 5 SYSTEMPATH\CodeIgniter.php(482): CodeIgniter\CodeIgniter->runController(Object(App\Controllers\SignupController))
 6 SYSTEMPATH\CodeIgniter.php(351): CodeIgniter\CodeIgniter->handleRequest(null, Object(Config\Cache), false)
 7 FCPATH\index.php(67): CodeIgniter\CodeIgniter->run()
 8 SYSTEMPATH\Commands\Server\rewrite.php(46): require_once('FCPATH\\index.php')
CRITICAL - 2022-12-02 15:03:26 --> Call to undefined function display_error()
in APPPATH\Views\auth\register.php on line 34.
 1 SYSTEMPATH\View\View.php(213): include()
 2 SYSTEMPATH\View\View.php(216): CodeIgniter\View\View->CodeIgniter\View\{closure}()
 3 SYSTEMPATH\Common.php(1134): CodeIgniter\View\View->render('auth/register', [], true)
 4 APPPATH\Controllers\SignupController.php(61): view('auth/register', [...])
 5 SYSTEMPATH\CodeIgniter.php(927): App\Controllers\SignupController->store()
 6 SYSTEMPATH\CodeIgniter.php(482): CodeIgniter\CodeIgniter->runController(Object(App\Controllers\SignupController))
 7 SYSTEMPATH\CodeIgniter.php(351): CodeIgniter\CodeIgniter->handleRequest(null, Object(Config\Cache), false)
 8 FCPATH\index.php(67): CodeIgniter\CodeIgniter->run()
 9 SYSTEMPATH\Commands\Server\rewrite.php(46): require_once('FCPATH\\index.php')
CRITICAL - 2022-12-02 15:08:27 --> Undefined property: App\Controllers\SignupController::$rules
in APPPATH\Controllers\SignupController.php on line 61.
 1 APPPATH\Controllers\SignupController.php(61): CodeIgniter\Debug\Exceptions->errorHandler(2, 'Undefined property: App\\Controllers\\SignupController::$rules', 'APPPATH\\Controllers\\SignupController.php', 61)
 2 SYSTEMPATH\CodeIgniter.php(927): App\Controllers\SignupController->store()
 3 SYSTEMPATH\CodeIgniter.php(482): CodeIgniter\CodeIgniter->runController(Object(App\Controllers\SignupController))
 4 SYSTEMPATH\CodeIgniter.php(351): CodeIgniter\CodeIgniter->handleRequest(null, Object(Config\Cache), false)
 5 FCPATH\index.php(67): CodeIgniter\CodeIgniter->run()
 6 SYSTEMPATH\Commands\Server\rewrite.php(46): require_once('FCPATH\\index.php')
CRITICAL - 2022-12-02 15:09:59 --> CodeIgniter\Validation\Validation::setRules(): Argument #1 ($rules) must be of type array, bool given, called in C:\xampp\htdocs\FinancialManagementSystem\vendor\codeigniter4\framework\system\Controller.php on line 184
in SYSTEMPATH\Validation\Validation.php on line 463.
 1 SYSTEMPATH\Controller.php(184): CodeIgniter\Validation\Validation->setRules(false, [])
 2 SYSTEMPATH\Controller.php(138): CodeIgniter\Controller->setValidator(false, [])
 3 APPPATH\Controllers\SignupController.php(50): CodeIgniter\Controller->validate(false)
 4 SYSTEMPATH\CodeIgniter.php(927): App\Controllers\SignupController->store()
 5 SYSTEMPATH\CodeIgniter.php(482): CodeIgniter\CodeIgniter->runController(Object(App\Controllers\SignupController))
 6 SYSTEMPATH\CodeIgniter.php(351): CodeIgniter\CodeIgniter->handleRequest(null, Object(Config\Cache), false)
 7 FCPATH\index.php(67): CodeIgniter\CodeIgniter->run()
 8 SYSTEMPATH\Commands\Server\rewrite.php(46): require_once('FCPATH\\index.php')
CRITICAL - 2022-12-02 15:11:03 --> Call to undefined function display_error()
in APPPATH\Views\auth\register.php on line 34.
 1 SYSTEMPATH\View\View.php(213): include()
 2 SYSTEMPATH\View\View.php(216): CodeIgniter\View\View->CodeIgniter\View\{closure}()
 3 SYSTEMPATH\Common.php(1134): CodeIgniter\View\View->render('auth/register', [], true)
 4 APPPATH\Controllers\SignupController.php(51): view('auth/register', [...])
 5 SYSTEMPATH\CodeIgniter.php(927): App\Controllers\SignupController->store()
 6 SYSTEMPATH\CodeIgniter.php(482): CodeIgniter\CodeIgniter->runController(Object(App\Controllers\SignupController))
 7 SYSTEMPATH\CodeIgniter.php(351): CodeIgniter\CodeIgniter->handleRequest(null, Object(Config\Cache), false)
 8 FCPATH\index.php(67): CodeIgniter\CodeIgniter->run()
 9 SYSTEMPATH\Commands\Server\rewrite.php(46): require_once('FCPATH\\index.php')
CRITICAL - 2022-12-02 15:12:41 --> Call to undefined function display_error()
in APPPATH\Views\auth\register.php on line 34.
 1 SYSTEMPATH\View\View.php(213): include()
 2 SYSTEMPATH\View\View.php(216): CodeIgniter\View\View->CodeIgniter\View\{closure}()
 3 SYSTEMPATH\Common.php(1134): CodeIgniter\View\View->render('auth/register', [], true)
 4 APPPATH\Controllers\SignupController.php(51): view('auth/register', [...])
 5 SYSTEMPATH\CodeIgniter.php(927): App\Controllers\SignupController->store()
 6 SYSTEMPATH\CodeIgniter.php(482): CodeIgniter\CodeIgniter->runController(Object(App\Controllers\SignupController))
 7 SYSTEMPATH\CodeIgniter.php(351): CodeIgniter\CodeIgniter->handleRequest(null, Object(Config\Cache), false)
 8 FCPATH\index.php(67): CodeIgniter\CodeIgniter->run()
 9 SYSTEMPATH\Commands\Server\rewrite.php(46): require_once('FCPATH\\index.php')
CRITICAL - 2022-12-02 15:13:51 --> Invalid file: auth/signin.php
in SYSTEMPATH\Exceptions\FrameworkException.php on line 33.
 1 SYSTEMPATH\View\View.php(201): CodeIgniter\Exceptions\FrameworkException::forInvalidFile('auth/signin.php')
 2 SYSTEMPATH\Common.php(1134): CodeIgniter\View\View->render('auth/signin', [], true)
 3 APPPATH\Controllers\SigninController.php(11): view('auth/signin')
 4 SYSTEMPATH\CodeIgniter.php(927): App\Controllers\SigninController->index()
 5 SYSTEMPATH\CodeIgniter.php(482): CodeIgniter\CodeIgniter->runController(Object(App\Controllers\SigninController))
 6 SYSTEMPATH\CodeIgniter.php(351): CodeIgniter\CodeIgniter->handleRequest(null, Object(Config\Cache), false)
 7 FCPATH\index.php(67): CodeIgniter\CodeIgniter->run()
 8 SYSTEMPATH\Commands\Server\rewrite.php(46): require_once('FCPATH\\index.php')
CRITICAL - 2022-12-02 15:15:11 --> Invalid file: auth/signin.php
in SYSTEMPATH\Exceptions\FrameworkException.php on line 33.
 1 SYSTEMPATH\View\View.php(201): CodeIgniter\Exceptions\FrameworkException::forInvalidFile('auth/signin.php')
 2 SYSTEMPATH\Common.php(1134): CodeIgniter\View\View->render('auth/signin', [], true)
 3 APPPATH\Controllers\SigninController.php(11): view('auth/signin')
 4 SYSTEMPATH\CodeIgniter.php(927): App\Controllers\SigninController->index()
 5 SYSTEMPATH\CodeIgniter.php(482): CodeIgniter\CodeIgniter->runController(Object(App\Controllers\SigninController))
 6 SYSTEMPATH\CodeIgniter.php(351): CodeIgniter\CodeIgniter->handleRequest(null, Object(Config\Cache), false)
 7 FCPATH\index.php(67): CodeIgniter\CodeIgniter->run()
 8 SYSTEMPATH\Commands\Server\rewrite.php(46): require_once('FCPATH\\index.php')
CRITICAL - 2022-12-02 19:26:52 --> Invalid file: register.php
in SYSTEMPATH\Exceptions\FrameworkException.php on line 33.
 1 SYSTEMPATH\View\View.php(201): CodeIgniter\Exceptions\FrameworkException::forInvalidFile('register.php')
 2 SYSTEMPATH\Common.php(1134): CodeIgniter\View\View->render('register', [], true)
 3 APPPATH\Controllers\SignupController.php(36): view('register', [...])
 4 SYSTEMPATH\CodeIgniter.php(927): App\Controllers\SignupController->store()
 5 SYSTEMPATH\CodeIgniter.php(482): CodeIgniter\CodeIgniter->runController(Object(App\Controllers\SignupController))
 6 SYSTEMPATH\CodeIgniter.php(351): CodeIgniter\CodeIgniter->handleRequest(null, Object(Config\Cache), false)
 7 FCPATH\index.php(67): CodeIgniter\CodeIgniter->run()
 8 SYSTEMPATH\Commands\Server\rewrite.php(46): require_once('FCPATH\\index.php')
CRITICAL - 2022-12-02 19:29:43 --> Call to a member function with() on string
in APPPATH\Controllers\SignupController.php on line 36.
 1 SYSTEMPATH\CodeIgniter.php(927): App\Controllers\SignupController->store()
 2 SYSTEMPATH\CodeIgniter.php(482): CodeIgniter\CodeIgniter->runController(Object(App\Controllers\SignupController))
 3 SYSTEMPATH\CodeIgniter.php(351): CodeIgniter\CodeIgniter->handleRequest(null, Object(Config\Cache), false)
 4 FCPATH\index.php(67): CodeIgniter\CodeIgniter->run()
 5 SYSTEMPATH\Commands\Server\rewrite.php(46): require_once('FCPATH\\index.php')
CRITICAL - 2022-12-02 19:32:08 --> CodeIgniter\HTTP\RedirectResponse::to(): Argument #2 ($code) must be of type ?int, array given, called in C:\xampp\htdocs\FinancialManagementSystem\app\Controllers\SignupController.php on line 36
in SYSTEMPATH\HTTP\RedirectResponse.php on line 32.
 1 APPPATH\Controllers\SignupController.php(36): CodeIgniter\HTTP\RedirectResponse->to('register', [...])
 2 SYSTEMPATH\CodeIgniter.php(927): App\Controllers\SignupController->store()
 3 SYSTEMPATH\CodeIgniter.php(482): CodeIgniter\CodeIgniter->runController(Object(App\Controllers\SignupController))
 4 SYSTEMPATH\CodeIgniter.php(351): CodeIgniter\CodeIgniter->handleRequest(null, Object(Config\Cache), false)
 5 FCPATH\index.php(67): CodeIgniter\CodeIgniter->run()
 6 SYSTEMPATH\Commands\Server\rewrite.php(46): require_once('FCPATH\\index.php')
CRITICAL - 2022-12-02 19:38:47 --> Too few arguments to function CodeIgniter\HTTP\RedirectResponse::with(), 1 passed in C:\xampp\htdocs\FinancialManagementSystem\app\Controllers\SignupController.php on line 36 and exactly 2 expected
in SYSTEMPATH\HTTP\RedirectResponse.php on line 134.
 1 APPPATH\Controllers\SignupController.php(36): CodeIgniter\HTTP\RedirectResponse->with('fail, something went wrong')
 2 SYSTEMPATH\CodeIgniter.php(927): App\Controllers\SignupController->store()
 3 SYSTEMPATH\CodeIgniter.php(482): CodeIgniter\CodeIgniter->runController(Object(App\Controllers\SignupController))
 4 SYSTEMPATH\CodeIgniter.php(351): CodeIgniter\CodeIgniter->handleRequest(null, Object(Config\Cache), false)
 5 FCPATH\index.php(67): CodeIgniter\CodeIgniter->run()
 6 SYSTEMPATH\Commands\Server\rewrite.php(46): require_once('FCPATH\\index.php')
CRITICAL - 2022-12-02 19:40:06 --> Too few arguments to function CodeIgniter\HTTP\RedirectResponse::with(), 1 passed in C:\xampp\htdocs\FinancialManagementSystem\app\Controllers\SignupController.php on line 36 and exactly 2 expected
in SYSTEMPATH\HTTP\RedirectResponse.php on line 134.
 1 APPPATH\Controllers\SignupController.php(36): CodeIgniter\HTTP\RedirectResponse->with('fail, something went wrong')
 2 SYSTEMPATH\CodeIgniter.php(927): App\Controllers\SignupController->store()
 3 SYSTEMPATH\CodeIgniter.php(482): CodeIgniter\CodeIgniter->runController(Object(App\Controllers\SignupController))
 4 SYSTEMPATH\CodeIgniter.php(351): CodeIgniter\CodeIgniter->handleRequest(null, Object(Config\Cache), false)
 5 FCPATH\index.php(67): CodeIgniter\CodeIgniter->run()
 6 SYSTEMPATH\Commands\Server\rewrite.php(46): require_once('FCPATH\\index.php')
CRITICAL - 2022-12-02 19:43:44 --> CodeIgniter\HTTP\RedirectResponse::to(): Argument #2 ($code) must be of type ?int, array given, called in C:\xampp\htdocs\FinancialManagementSystem\app\Controllers\SignupController.php on line 36
in SYSTEMPATH\HTTP\RedirectResponse.php on line 32.
 1 APPPATH\Controllers\SignupController.php(36): CodeIgniter\HTTP\RedirectResponse->to('auth/register', [...])
 2 SYSTEMPATH\CodeIgniter.php(927): App\Controllers\SignupController->store()
 3 SYSTEMPATH\CodeIgniter.php(482): CodeIgniter\CodeIgniter->runController(Object(App\Controllers\SignupController))
 4 SYSTEMPATH\CodeIgniter.php(351): CodeIgniter\CodeIgniter->handleRequest(null, Object(Config\Cache), false)
 5 FCPATH\index.php(67): CodeIgniter\CodeIgniter->run()
 6 SYSTEMPATH\Commands\Server\rewrite.php(46): require_once('FCPATH\\index.php')
ERROR - 2022-12-02 19:47:33 --> mysqli_sql_exception: Unknown column 'name' in 'where clause' in C:\xampp\htdocs\FinancialManagementSystem\vendor\codeigniter4\framework\system\Database\MySQLi\Connection.php:292
Stack trace:
#0 C:\xampp\htdocs\FinancialManagementSystem\vendor\codeigniter4\framework\system\Database\MySQLi\Connection.php(292): mysqli->query('SELECT 1\nFROM `...', 0)
#1 C:\xampp\htdocs\FinancialManagementSystem\vendor\codeigniter4\framework\system\Database\BaseConnection.php(666): CodeIgniter\Database\MySQLi\Connection->execute('SELECT 1\nFROM `...')
#2 C:\xampp\htdocs\FinancialManagementSystem\vendor\codeigniter4\framework\system\Database\BaseConnection.php(593): CodeIgniter\Database\BaseConnection->simpleQuery('SELECT 1\nFROM `...')
#3 C:\xampp\htdocs\FinancialManagementSystem\vendor\codeigniter4\framework\system\Database\BaseBuilder.php(1585): CodeIgniter\Database\BaseConnection->query('SELECT 1\nFROM `...', Array, false)
#4 C:\xampp\htdocs\FinancialManagementSystem\vendor\codeigniter4\framework\system\Validation\Rules.php(142): CodeIgniter\Database\BaseBuilder->get()
#5 C:\xampp\htdocs\FinancialManagementSystem\vendor\codeigniter4\framework\system\Validation\Validation.php(315): CodeIgniter\Validation\Rules->is_unique('randell', 'name ', Array, NULL, 'name')
#6 C:\xampp\htdocs\FinancialManagementSystem\vendor\codeigniter4\framework\system\Validation\Validation.php(175): CodeIgniter\Validation\Validation->processRules('name', 'name', 'randell', Array, Array)
#7 C:\xampp\htdocs\FinancialManagementSystem\vendor\codeigniter4\framework\system\Controller.php(140): CodeIgniter\Validation\Validation->run()
#8 C:\xampp\htdocs\FinancialManagementSystem\app\Controllers\SignupController.php(21): CodeIgniter\Controller->validate(Array)
#9 C:\xampp\htdocs\FinancialManagementSystem\vendor\codeigniter4\framework\system\CodeIgniter.php(927): App\Controllers\SignupController->store()
#10 C:\xampp\htdocs\FinancialManagementSystem\vendor\codeigniter4\framework\system\CodeIgniter.php(482): CodeIgniter\CodeIgniter->runController(Object(App\Controllers\SignupController))
#11 C:\xampp\htdocs\FinancialManagementSystem\vendor\codeigniter4\framework\system\CodeIgniter.php(351): CodeIgniter\CodeIgniter->handleRequest(NULL, Object(Config\Cache), false)
#12 C:\xampp\htdocs\FinancialManagementSystem\public\index.php(67): CodeIgniter\CodeIgniter->run()
#13 C:\xampp\htdocs\FinancialManagementSystem\vendor\codeigniter4\framework\system\Commands\Server\rewrite.php(46): require_once('C:\\xampp\\htdocs...')
#14 {main}
CRITICAL - 2022-12-02 19:47:33 --> Call to a member function getRow() on bool
in SYSTEMPATH\Validation\Rules.php on line 142.
 1 SYSTEMPATH\Validation\Validation.php(315): CodeIgniter\Validation\Rules->is_unique('randell', 'name ', [...], null, 'name')
 2 SYSTEMPATH\Validation\Validation.php(175): CodeIgniter\Validation\Validation->processRules('name', 'name', 'randell', [...], [...])
 3 SYSTEMPATH\Controller.php(140): CodeIgniter\Validation\Validation->run()
 4 APPPATH\Controllers\SignupController.php(21): CodeIgniter\Controller->validate([...])
 5 SYSTEMPATH\CodeIgniter.php(927): App\Controllers\SignupController->store()
 6 SYSTEMPATH\CodeIgniter.php(482): CodeIgniter\CodeIgniter->runController(Object(App\Controllers\SignupController))
 7 SYSTEMPATH\CodeIgniter.php(351): CodeIgniter\CodeIgniter->handleRequest(null, Object(Config\Cache), false)
 8 FCPATH\index.php(67): CodeIgniter\CodeIgniter->run()
 9 SYSTEMPATH\Commands\Server\rewrite.php(46): require_once('FCPATH\\index.php')
CRITICAL - 2022-12-02 20:55:07 --> Too few arguments to function CodeIgniter\HTTP\RedirectResponse::with(), 1 passed in C:\xampp\htdocs\FinancialManagementSystem\app\Controllers\SignupController.php on line 33 and exactly 2 expected
in SYSTEMPATH\HTTP\RedirectResponse.php on line 134.
 1 APPPATH\Controllers\SignupController.php(33): CodeIgniter\HTTP\RedirectResponse->with('success, You regiestered successfully')
 2 SYSTEMPATH\CodeIgniter.php(927): App\Controllers\SignupController->store()
 3 SYSTEMPATH\CodeIgniter.php(482): CodeIgniter\CodeIgniter->runController(Object(App\Controllers\SignupController))
 4 SYSTEMPATH\CodeIgniter.php(351): CodeIgniter\CodeIgniter->handleRequest(null, Object(Config\Cache), false)
 5 FCPATH\index.php(67): CodeIgniter\CodeIgniter->run()
 6 SYSTEMPATH\Commands\Server\rewrite.php(46): require_once('FCPATH\\index.php')
CRITICAL - 2022-12-02 20:55:47 --> Call to a member function with() on string
in APPPATH\Controllers\SignupController.php on line 36.
 1 SYSTEMPATH\CodeIgniter.php(927): App\Controllers\SignupController->store()
 2 SYSTEMPATH\CodeIgniter.php(482): CodeIgniter\CodeIgniter->runController(Object(App\Controllers\SignupController))
 3 SYSTEMPATH\CodeIgniter.php(351): CodeIgniter\CodeIgniter->handleRequest(null, Object(Config\Cache), false)
 4 FCPATH\index.php(67): CodeIgniter\CodeIgniter->run()
 5 SYSTEMPATH\Commands\Server\rewrite.php(46): require_once('FCPATH\\index.php')
CRITICAL - 2022-12-02 20:56:48 --> Undefined constant "App\Controllers\redirect"
in APPPATH\Controllers\SignupController.php on line 36.
 1 SYSTEMPATH\CodeIgniter.php(927): App\Controllers\SignupController->store()
 2 SYSTEMPATH\CodeIgniter.php(482): CodeIgniter\CodeIgniter->runController(Object(App\Controllers\SignupController))
 3 SYSTEMPATH\CodeIgniter.php(351): CodeIgniter\CodeIgniter->handleRequest(null, Object(Config\Cache), false)
 4 FCPATH\index.php(67): CodeIgniter\CodeIgniter->run()
 5 SYSTEMPATH\Commands\Server\rewrite.php(46): require_once('FCPATH\\index.php')
CRITICAL - 2022-12-02 20:57:40 --> Too few arguments to function CodeIgniter\HTTP\RedirectResponse::with(), 1 passed in C:\xampp\htdocs\FinancialManagementSystem\app\Controllers\SignupController.php on line 36 and exactly 2 expected
in SYSTEMPATH\HTTP\RedirectResponse.php on line 134.
 1 APPPATH\Controllers\SignupController.php(36): CodeIgniter\HTTP\RedirectResponse->with('fail, something went wrong')
 2 SYSTEMPATH\CodeIgniter.php(927): App\Controllers\SignupController->store()
 3 SYSTEMPATH\CodeIgniter.php(482): CodeIgniter\CodeIgniter->runController(Object(App\Controllers\SignupController))
 4 SYSTEMPATH\CodeIgniter.php(351): CodeIgniter\CodeIgniter->handleRequest(null, Object(Config\Cache), false)
 5 FCPATH\index.php(67): CodeIgniter\CodeIgniter->run()
 6 SYSTEMPATH\Commands\Server\rewrite.php(46): require_once('FCPATH\\index.php')
CRITICAL - 2022-12-02 21:00:05 --> Too few arguments to function CodeIgniter\HTTP\RedirectResponse::with(), 1 passed in C:\xampp\htdocs\FinancialManagementSystem\app\Controllers\SignupController.php on line 36 and exactly 2 expected
in SYSTEMPATH\HTTP\RedirectResponse.php on line 134.
 1 APPPATH\Controllers\SignupController.php(36): CodeIgniter\HTTP\RedirectResponse->with('fail, something went wrong')
 2 SYSTEMPATH\CodeIgniter.php(927): App\Controllers\SignupController->store()
 3 SYSTEMPATH\CodeIgniter.php(482): CodeIgniter\CodeIgniter->runController(Object(App\Controllers\SignupController))
 4 SYSTEMPATH\CodeIgniter.php(351): CodeIgniter\CodeIgniter->handleRequest(null, Object(Config\Cache), false)
 5 FCPATH\index.php(67): CodeIgniter\CodeIgniter->run()
 6 SYSTEMPATH\Commands\Server\rewrite.php(46): require_once('FCPATH\\index.php')
CRITICAL - 2022-12-02 21:45:51 --> Undefined variable $user
in APPPATH\Controllers\ProfileController.php on line 11.
 1 APPPATH\Controllers\ProfileController.php(11): CodeIgniter\Debug\Exceptions->errorHandler(2, 'Undefined variable $user', 'APPPATH\\Controllers\\ProfileController.php', 11)
 2 SYSTEMPATH\CodeIgniter.php(927): App\Controllers\ProfileController->index()
 3 SYSTEMPATH\CodeIgniter.php(482): CodeIgniter\CodeIgniter->runController(Object(App\Controllers\ProfileController))
 4 SYSTEMPATH\CodeIgniter.php(351): CodeIgniter\CodeIgniter->handleRequest(null, Object(Config\Cache), false)
 5 FCPATH\index.php(67): CodeIgniter\CodeIgniter->run()
 6 SYSTEMPATH\Commands\Server\rewrite.php(46): require_once('FCPATH\\index.php')
CRITICAL - 2022-12-02 21:46:22 --> Undefined variable $user
in APPPATH\Controllers\ProfileController.php on line 11.
 1 APPPATH\Controllers\ProfileController.php(11): CodeIgniter\Debug\Exceptions->errorHandler(2, 'Undefined variable $user', 'APPPATH\\Controllers\\ProfileController.php', 11)
 2 SYSTEMPATH\CodeIgniter.php(927): App\Controllers\ProfileController->index()
 3 SYSTEMPATH\CodeIgniter.php(482): CodeIgniter\CodeIgniter->runController(Object(App\Controllers\ProfileController))
 4 SYSTEMPATH\CodeIgniter.php(351): CodeIgniter\CodeIgniter->handleRequest(null, Object(Config\Cache), false)
 5 FCPATH\index.php(67): CodeIgniter\CodeIgniter->run()
 6 SYSTEMPATH\Commands\Server\rewrite.php(46): require_once('FCPATH\\index.php')
CRITICAL - 2022-12-02 22:01:53 --> Call to undefined method App\Controllers\ProfileController::include()
in APPPATH\Controllers\ProfileController.php on line 13.
 1 SYSTEMPATH\CodeIgniter.php(927): App\Controllers\ProfileController->index()
 2 SYSTEMPATH\CodeIgniter.php(482): CodeIgniter\CodeIgniter->runController(Object(App\Controllers\ProfileController))
 3 SYSTEMPATH\CodeIgniter.php(351): CodeIgniter\CodeIgniter->handleRequest(null, Object(Config\Cache), false)
 4 FCPATH\index.php(67): CodeIgniter\CodeIgniter->run()
 5 SYSTEMPATH\Commands\Server\rewrite.php(46): require_once('FCPATH\\index.php')
CRITICAL - 2022-12-02 22:02:34 --> Call to undefined method App\Controllers\ProfileController::include()
in APPPATH\Controllers\ProfileController.php on line 13.
 1 SYSTEMPATH\CodeIgniter.php(927): App\Controllers\ProfileController->index()
 2 SYSTEMPATH\CodeIgniter.php(482): CodeIgniter\CodeIgniter->runController(Object(App\Controllers\ProfileController))
 3 SYSTEMPATH\CodeIgniter.php(351): CodeIgniter\CodeIgniter->handleRequest(null, Object(Config\Cache), false)
 4 FCPATH\index.php(67): CodeIgniter\CodeIgniter->run()
 5 SYSTEMPATH\Commands\Server\rewrite.php(46): require_once('FCPATH\\index.php')
CRITICAL - 2022-12-02 22:05:36 --> Call to undefined method App\Controllers\ProfileController::include()
in APPPATH\Controllers\ProfileController.php on line 13.
 1 SYSTEMPATH\CodeIgniter.php(927): App\Controllers\ProfileController->index()
 2 SYSTEMPATH\CodeIgniter.php(482): CodeIgniter\CodeIgniter->runController(Object(App\Controllers\ProfileController))
 3 SYSTEMPATH\CodeIgniter.php(351): CodeIgniter\CodeIgniter->handleRequest(null, Object(Config\Cache), false)
 4 FCPATH\index.php(67): CodeIgniter\CodeIgniter->run()
 5 SYSTEMPATH\Commands\Server\rewrite.php(46): require_once('FCPATH\\index.php')
CRITICAL - 2022-12-02 22:07:29 --> Undefined variable $user
in APPPATH\Views\include\topbar.php on line 106.
 1 APPPATH\Views\include\topbar.php(106): CodeIgniter\Debug\Exceptions->errorHandler(2, 'Undefined variable $user', 'APPPATH\\Views\\include\\topbar.php', 106)
 2 SYSTEMPATH\View\View.php(213): include('APPPATH\\Views\\include\\topbar.php')
 3 SYSTEMPATH\View\View.php(216): CodeIgniter\View\View->CodeIgniter\View\{closure}()
 4 SYSTEMPATH\View\View.php(431): CodeIgniter\View\View->render('include/topbar', null, true)
 5 APPPATH\Views\page\dashboard.php(19): CodeIgniter\View\View->include('include/topbar')
 6 SYSTEMPATH\View\View.php(213): include('APPPATH\\Views\\page\\dashboard.php')
 7 SYSTEMPATH\View\View.php(216): CodeIgniter\View\View->CodeIgniter\View\{closure}()
 8 SYSTEMPATH\Common.php(1134): CodeIgniter\View\View->render('page/dashboard', [], true)
 9 APPPATH\Controllers\ProfileController.php(13): view('page/dashboard')
10 SYSTEMPATH\CodeIgniter.php(927): App\Controllers\ProfileController->index()
11 SYSTEMPATH\CodeIgniter.php(482): CodeIgniter\CodeIgniter->runController(Object(App\Controllers\ProfileController))
12 SYSTEMPATH\CodeIgniter.php(351): CodeIgniter\CodeIgniter->handleRequest(null, Object(Config\Cache), false)
13 FCPATH\index.php(67): CodeIgniter\CodeIgniter->run()
14 SYSTEMPATH\Commands\Server\rewrite.php(46): require_once('FCPATH\\index.php')
CRITICAL - 2022-12-02 22:07:50 --> Undefined variable $user
in APPPATH\Views\include\topbar.php on line 106.
 1 APPPATH\Views\include\topbar.php(106): CodeIgniter\Debug\Exceptions->errorHandler(2, 'Undefined variable $user', 'APPPATH\\Views\\include\\topbar.php', 106)
 2 SYSTEMPATH\View\View.php(213): include('APPPATH\\Views\\include\\topbar.php')
 3 SYSTEMPATH\View\View.php(216): CodeIgniter\View\View->CodeIgniter\View\{closure}()
 4 SYSTEMPATH\View\View.php(431): CodeIgniter\View\View->render('include/topbar', null, true)
 5 APPPATH\Views\page\dashboard.php(19): CodeIgniter\View\View->include('include/topbar')
 6 SYSTEMPATH\View\View.php(213): include('APPPATH\\Views\\page\\dashboard.php')
 7 SYSTEMPATH\View\View.php(216): CodeIgniter\View\View->CodeIgniter\View\{closure}()
 8 SYSTEMPATH\Common.php(1134): CodeIgniter\View\View->render('page/dashboard', [], true)
 9 APPPATH\Controllers\ProfileController.php(13): view('page/dashboard')
10 SYSTEMPATH\CodeIgniter.php(927): App\Controllers\ProfileController->index()
11 SYSTEMPATH\CodeIgniter.php(482): CodeIgniter\CodeIgniter->runController(Object(App\Controllers\ProfileController))
12 SYSTEMPATH\CodeIgniter.php(351): CodeIgniter\CodeIgniter->handleRequest(null, Object(Config\Cache), false)
13 FCPATH\index.php(67): CodeIgniter\CodeIgniter->run()
14 SYSTEMPATH\Commands\Server\rewrite.php(46): require_once('FCPATH\\index.php')
CRITICAL - 2022-12-02 22:09:15 --> Undefined variable $user
in APPPATH\Views\include\topbar.php on line 106.
 1 APPPATH\Views\include\topbar.php(106): CodeIgniter\Debug\Exceptions->errorHandler(2, 'Undefined variable $user', 'APPPATH\\Views\\include\\topbar.php', 106)
 2 SYSTEMPATH\View\View.php(213): include('APPPATH\\Views\\include\\topbar.php')
 3 SYSTEMPATH\View\View.php(216): CodeIgniter\View\View->CodeIgniter\View\{closure}()
 4 SYSTEMPATH\View\View.php(431): CodeIgniter\View\View->render('include/topbar', null, true)
 5 APPPATH\Views\page\dashboard.php(19): CodeIgniter\View\View->include('include/topbar')
 6 SYSTEMPATH\View\View.php(213): include('APPPATH\\Views\\page\\dashboard.php')
 7 SYSTEMPATH\View\View.php(216): CodeIgniter\View\View->CodeIgniter\View\{closure}()
 8 SYSTEMPATH\Common.php(1134): CodeIgniter\View\View->render('page/dashboard', [], true)
 9 APPPATH\Controllers\ProfileController.php(12): view('page/dashboard')
10 SYSTEMPATH\CodeIgniter.php(927): App\Controllers\ProfileController->index()
11 SYSTEMPATH\CodeIgniter.php(482): CodeIgniter\CodeIgniter->runController(Object(App\Controllers\ProfileController))
12 SYSTEMPATH\CodeIgniter.php(351): CodeIgniter\CodeIgniter->handleRequest(null, Object(Config\Cache), false)
13 FCPATH\index.php(67): CodeIgniter\CodeIgniter->run()
14 SYSTEMPATH\Commands\Server\rewrite.php(46): require_once('FCPATH\\index.php')
CRITICAL - 2022-12-02 22:09:54 --> Undefined variable $user
in APPPATH\Views\include\topbar.php on line 106.
 1 APPPATH\Views\include\topbar.php(106): CodeIgniter\Debug\Exceptions->errorHandler(2, 'Undefined variable $user', 'APPPATH\\Views\\include\\topbar.php', 106)
 2 SYSTEMPATH\View\View.php(213): include('APPPATH\\Views\\include\\topbar.php')
 3 SYSTEMPATH\View\View.php(216): CodeIgniter\View\View->CodeIgniter\View\{closure}()
 4 SYSTEMPATH\View\View.php(431): CodeIgniter\View\View->render('include/topbar', null, true)
 5 APPPATH\Views\page\dashboard.php(19): CodeIgniter\View\View->include('include/topbar')
 6 SYSTEMPATH\View\View.php(213): include('APPPATH\\Views\\page\\dashboard.php')
 7 SYSTEMPATH\View\View.php(216): CodeIgniter\View\View->CodeIgniter\View\{closure}()
 8 SYSTEMPATH\Common.php(1134): CodeIgniter\View\View->render('page/dashboard', [], true)
 9 APPPATH\Controllers\ProfileController.php(12): view('page/dashboard')
10 SYSTEMPATH\CodeIgniter.php(927): App\Controllers\ProfileController->index()
11 SYSTEMPATH\CodeIgniter.php(482): CodeIgniter\CodeIgniter->runController(Object(App\Controllers\ProfileController))
12 SYSTEMPATH\CodeIgniter.php(351): CodeIgniter\CodeIgniter->handleRequest(null, Object(Config\Cache), false)
13 FCPATH\index.php(67): CodeIgniter\CodeIgniter->run()
14 SYSTEMPATH\Commands\Server\rewrite.php(46): require_once('FCPATH\\index.php')
CRITICAL - 2022-12-02 22:13:25 --> Undefined variable $users
in APPPATH\Controllers\ProfileController.php on line 11.
 1 APPPATH\Controllers\ProfileController.php(11): CodeIgniter\Debug\Exceptions->errorHandler(2, 'Undefined variable $users', 'APPPATH\\Controllers\\ProfileController.php', 11)
 2 SYSTEMPATH\CodeIgniter.php(927): App\Controllers\ProfileController->index()
 3 SYSTEMPATH\CodeIgniter.php(482): CodeIgniter\CodeIgniter->runController(Object(App\Controllers\ProfileController))
 4 SYSTEMPATH\CodeIgniter.php(351): CodeIgniter\CodeIgniter->handleRequest(null, Object(Config\Cache), false)
 5 FCPATH\index.php(67): CodeIgniter\CodeIgniter->run()
 6 SYSTEMPATH\Commands\Server\rewrite.php(46): require_once('FCPATH\\index.php')
CRITICAL - 2022-12-02 22:13:37 --> Undefined variable $users
in APPPATH\Controllers\ProfileController.php on line 11.
 1 APPPATH\Controllers\ProfileController.php(11): CodeIgniter\Debug\Exceptions->errorHandler(2, 'Undefined variable $users', 'APPPATH\\Controllers\\ProfileController.php', 11)
 2 SYSTEMPATH\CodeIgniter.php(927): App\Controllers\ProfileController->index()
 3 SYSTEMPATH\CodeIgniter.php(482): CodeIgniter\CodeIgniter->runController(Object(App\Controllers\ProfileController))
 4 SYSTEMPATH\CodeIgniter.php(351): CodeIgniter\CodeIgniter->handleRequest(null, Object(Config\Cache), false)
 5 FCPATH\index.php(67): CodeIgniter\CodeIgniter->run()
 6 SYSTEMPATH\Commands\Server\rewrite.php(46): require_once('FCPATH\\index.php')
CRITICAL - 2022-12-02 22:15:38 --> Undefined variable $users
in APPPATH\Controllers\ProfileController.php on line 11.
 1 APPPATH\Controllers\ProfileController.php(11): CodeIgniter\Debug\Exceptions->errorHandler(2, 'Undefined variable $users', 'APPPATH\\Controllers\\ProfileController.php', 11)
 2 SYSTEMPATH\CodeIgniter.php(927): App\Controllers\ProfileController->index()
 3 SYSTEMPATH\CodeIgniter.php(482): CodeIgniter\CodeIgniter->runController(Object(App\Controllers\ProfileController))
 4 SYSTEMPATH\CodeIgniter.php(351): CodeIgniter\CodeIgniter->handleRequest(null, Object(Config\Cache), false)
 5 FCPATH\index.php(67): CodeIgniter\CodeIgniter->run()
 6 SYSTEMPATH\Commands\Server\rewrite.php(46): require_once('FCPATH\\index.php')
CRITICAL - 2022-12-02 22:21:04 --> Call to undefined method App\Controllers\ProfileController::include()
in APPPATH\Controllers\ProfileController.php on line 12.
 1 SYSTEMPATH\CodeIgniter.php(927): App\Controllers\ProfileController->index()
 2 SYSTEMPATH\CodeIgniter.php(482): CodeIgniter\CodeIgniter->runController(Object(App\Controllers\ProfileController))
 3 SYSTEMPATH\CodeIgniter.php(351): CodeIgniter\CodeIgniter->handleRequest(null, Object(Config\Cache), false)
 4 FCPATH\index.php(67): CodeIgniter\CodeIgniter->run()
 5 SYSTEMPATH\Commands\Server\rewrite.php(46): require_once('FCPATH\\index.php')
CRITICAL - 2022-12-02 22:24:17 --> Call to undefined method App\Controllers\ProfileController::include()
in APPPATH\Controllers\ProfileController.php on line 12.
 1 SYSTEMPATH\CodeIgniter.php(927): App\Controllers\ProfileController->index()
 2 SYSTEMPATH\CodeIgniter.php(482): CodeIgniter\CodeIgniter->runController(Object(App\Controllers\ProfileController))
 3 SYSTEMPATH\CodeIgniter.php(351): CodeIgniter\CodeIgniter->handleRequest(null, Object(Config\Cache), false)
 4 FCPATH\index.php(67): CodeIgniter\CodeIgniter->run()
 5 SYSTEMPATH\Commands\Server\rewrite.php(46): require_once('FCPATH\\index.php')
CRITICAL - 2022-12-02 22:32:26 --> foreach() argument must be of type array|object, string given
in APPPATH\Views\include\topbar.php on line 106.
 1 APPPATH\Views\include\topbar.php(106): CodeIgniter\Debug\Exceptions->errorHandler(2, 'foreach() argument must be of type array|object, string given', 'APPPATH\\Views\\include\\topbar.php', 106)
 2 SYSTEMPATH\View\View.php(213): include('APPPATH\\Views\\include\\topbar.php')
 3 SYSTEMPATH\View\View.php(216): CodeIgniter\View\View->CodeIgniter\View\{closure}()
 4 SYSTEMPATH\Common.php(1134): CodeIgniter\View\View->render('include/topbar', [], true)
 5 APPPATH\Controllers\ProfileController.php(13): view('include/topbar', [...])
 6 SYSTEMPATH\CodeIgniter.php(927): App\Controllers\ProfileController->index()
 7 SYSTEMPATH\CodeIgniter.php(482): CodeIgniter\CodeIgniter->runController(Object(App\Controllers\ProfileController))
 8 SYSTEMPATH\CodeIgniter.php(351): CodeIgniter\CodeIgniter->handleRequest(null, Object(Config\Cache), false)
 9 FCPATH\index.php(67): CodeIgniter\CodeIgniter->run()
10 SYSTEMPATH\Commands\Server\rewrite.php(46): require_once('FCPATH\\index.php')
CRITICAL - 2022-12-02 22:33:04 --> Object of class CodeIgniter\Session\Session could not be converted to string
in APPPATH\Controllers\ProfileController.php on line 11.
 1 SYSTEMPATH\CodeIgniter.php(927): App\Controllers\ProfileController->index()
 2 SYSTEMPATH\CodeIgniter.php(482): CodeIgniter\CodeIgniter->runController(Object(App\Controllers\ProfileController))
 3 SYSTEMPATH\CodeIgniter.php(351): CodeIgniter\CodeIgniter->handleRequest(null, Object(Config\Cache), false)
 4 FCPATH\index.php(67): CodeIgniter\CodeIgniter->run()
 5 SYSTEMPATH\Commands\Server\rewrite.php(46): require_once('FCPATH\\index.php')
CRITICAL - 2022-12-02 22:33:25 --> foreach() argument must be of type array|object, string given
in APPPATH\Views\include\topbar.php on line 106.
 1 APPPATH\Views\include\topbar.php(106): CodeIgniter\Debug\Exceptions->errorHandler(2, 'foreach() argument must be of type array|object, string given', 'APPPATH\\Views\\include\\topbar.php', 106)
 2 SYSTEMPATH\View\View.php(213): include('APPPATH\\Views\\include\\topbar.php')
 3 SYSTEMPATH\View\View.php(216): CodeIgniter\View\View->CodeIgniter\View\{closure}()
 4 SYSTEMPATH\Common.php(1134): CodeIgniter\View\View->render('include/topbar', [], true)
 5 APPPATH\Controllers\ProfileController.php(13): view('include/topbar', [...])
 6 SYSTEMPATH\CodeIgniter.php(927): App\Controllers\ProfileController->index()
 7 SYSTEMPATH\CodeIgniter.php(482): CodeIgniter\CodeIgniter->runController(Object(App\Controllers\ProfileController))
 8 SYSTEMPATH\CodeIgniter.php(351): CodeIgniter\CodeIgniter->handleRequest(null, Object(Config\Cache), false)
 9 FCPATH\index.php(67): CodeIgniter\CodeIgniter->run()
10 SYSTEMPATH\Commands\Server\rewrite.php(46): require_once('FCPATH\\index.php')
CRITICAL - 2022-12-02 22:34:14 --> foreach() argument must be of type array|object, string given
in APPPATH\Views\include\topbar.php on line 106.
 1 APPPATH\Views\include\topbar.php(106): CodeIgniter\Debug\Exceptions->errorHandler(2, 'foreach() argument must be of type array|object, string given', 'APPPATH\\Views\\include\\topbar.php', 106)
 2 SYSTEMPATH\View\View.php(213): include('APPPATH\\Views\\include\\topbar.php')
 3 SYSTEMPATH\View\View.php(216): CodeIgniter\View\View->CodeIgniter\View\{closure}()
 4 SYSTEMPATH\Common.php(1134): CodeIgniter\View\View->render('include/topbar', [], true)
 5 APPPATH\Controllers\ProfileController.php(13): view('include/topbar', [...])
 6 SYSTEMPATH\CodeIgniter.php(927): App\Controllers\ProfileController->index()
 7 SYSTEMPATH\CodeIgniter.php(482): CodeIgniter\CodeIgniter->runController(Object(App\Controllers\ProfileController))
 8 SYSTEMPATH\CodeIgniter.php(351): CodeIgniter\CodeIgniter->handleRequest(null, Object(Config\Cache), false)
 9 FCPATH\index.php(67): CodeIgniter\CodeIgniter->run()
10 SYSTEMPATH\Commands\Server\rewrite.php(46): require_once('FCPATH\\index.php')
CRITICAL - 2022-12-02 22:38:51 --> Undefined variable $user
in APPPATH\Views\include\topbar.php on line 106.
 1 APPPATH\Views\include\topbar.php(106): CodeIgniter\Debug\Exceptions->errorHandler(2, 'Undefined variable $user', 'APPPATH\\Views\\include\\topbar.php', 106)
 2 SYSTEMPATH\View\View.php(213): include('APPPATH\\Views\\include\\topbar.php')
 3 SYSTEMPATH\View\View.php(216): CodeIgniter\View\View->CodeIgniter\View\{closure}()
 4 SYSTEMPATH\View\View.php(431): CodeIgniter\View\View->render('include/topbar', null, true)
 5 APPPATH\Views\page\dashboard.php(19): CodeIgniter\View\View->include('include/topbar')
 6 SYSTEMPATH\View\View.php(213): include('APPPATH\\Views\\page\\dashboard.php')
 7 SYSTEMPATH\View\View.php(216): CodeIgniter\View\View->CodeIgniter\View\{closure}()
 8 SYSTEMPATH\Common.php(1134): CodeIgniter\View\View->render('page/dashboard', [], true)
 9 APPPATH\Controllers\ProfileController.php(12): view('page/dashboard')
10 SYSTEMPATH\CodeIgniter.php(927): App\Controllers\ProfileController->index()
11 SYSTEMPATH\CodeIgniter.php(482): CodeIgniter\CodeIgniter->runController(Object(App\Controllers\ProfileController))
12 SYSTEMPATH\CodeIgniter.php(351): CodeIgniter\CodeIgniter->handleRequest(null, Object(Config\Cache), false)
13 FCPATH\index.php(67): CodeIgniter\CodeIgniter->run()
14 SYSTEMPATH\Commands\Server\rewrite.php(46): require_once('FCPATH\\index.php')
