CRITICAL - 2022-12-05 07:19:46 --> Undefined variable $admininfo
in APPPATH\Views\include\topbar.php on line 93.
 1 APPPATH\Views\include\topbar.php(93): CodeIgniter\Debug\Exceptions->errorHandler(2, 'Undefined variable $admininfo', 'APPPATH\\Views\\include\\topbar.php', 93)
 2 SYSTEMPATH\View\View.php(213): include('APPPATH\\Views\\include\\topbar.php')
 3 SYSTEMPATH\View\View.php(216): CodeIgniter\View\View->CodeIgniter\View\{closure}()
 4 SYSTEMPATH\View\View.php(431): CodeIgniter\View\View->render('include/topbar', null, true)
 5 APPPATH\Views\page\AllBookings.php(18): CodeIgniter\View\View->include('include/topbar')
 6 SYSTEMPATH\View\View.php(213): include('APPPATH\\Views\\page\\AllBookings.php')
 7 SYSTEMPATH\View\View.php(216): CodeIgniter\View\View->CodeIgniter\View\{closure}()
 8 SYSTEMPATH\Common.php(1134): CodeIgniter\View\View->render('page/AllBookings', [], true)
 9 APPPATH\Controllers\TransactionController.php(9): view('page/AllBookings')
10 SYSTEMPATH\CodeIgniter.php(927): App\Controllers\TransactionController->AllBookings()
11 SYSTEMPATH\CodeIgniter.php(482): CodeIgniter\CodeIgniter->runController(Object(App\Controllers\TransactionController))
12 SYSTEMPATH\CodeIgniter.php(351): CodeIgniter\CodeIgniter->handleRequest(null, Object(Config\Cache), false)
13 FCPATH\index.php(67): CodeIgniter\CodeIgniter->run()
14 SYSTEMPATH\Commands\Server\rewrite.php(46): require_once('FCPATH\\index.php')
CRITICAL - 2022-12-05 07:21:35 --> Undefined variable $admininfo
in APPPATH\Views\include\topbar.php on line 93.
 1 APPPATH\Views\include\topbar.php(93): CodeIgniter\Debug\Exceptions->errorHandler(2, 'Undefined variable $admininfo', 'APPPATH\\Views\\include\\topbar.php', 93)
 2 SYSTEMPATH\View\View.php(213): include('APPPATH\\Views\\include\\topbar.php')
 3 SYSTEMPATH\View\View.php(216): CodeIgniter\View\View->CodeIgniter\View\{closure}()
 4 SYSTEMPATH\View\View.php(431): CodeIgniter\View\View->render('include/topbar', null, true)
 5 APPPATH\Views\page\AllBookings.php(18): CodeIgniter\View\View->include('include/topbar')
 6 SYSTEMPATH\View\View.php(213): include('APPPATH\\Views\\page\\AllBookings.php')
 7 SYSTEMPATH\View\View.php(216): CodeIgniter\View\View->CodeIgniter\View\{closure}()
 8 SYSTEMPATH\Common.php(1134): CodeIgniter\View\View->render('page/AllBookings', [], true)
 9 APPPATH\Controllers\TransactionController.php(9): view('page/AllBookings')
10 SYSTEMPATH\CodeIgniter.php(927): App\Controllers\TransactionController->AllBookings()
11 SYSTEMPATH\CodeIgniter.php(482): CodeIgniter\CodeIgniter->runController(Object(App\Controllers\TransactionController))
12 SYSTEMPATH\CodeIgniter.php(351): CodeIgniter\CodeIgniter->handleRequest(null, Object(Config\Cache), false)
13 FCPATH\index.php(67): CodeIgniter\CodeIgniter->run()
14 SYSTEMPATH\Commands\Server\rewrite.php(46): require_once('FCPATH\\index.php')
CRITICAL - 2022-12-05 07:21:38 --> Undefined variable $admininfo
in APPPATH\Views\include\topbar.php on line 93.
 1 APPPATH\Views\include\topbar.php(93): CodeIgniter\Debug\Exceptions->errorHandler(2, 'Undefined variable $admininfo', 'APPPATH\\Views\\include\\topbar.php', 93)
 2 SYSTEMPATH\View\View.php(213): include('APPPATH\\Views\\include\\topbar.php')
 3 SYSTEMPATH\View\View.php(216): CodeIgniter\View\View->CodeIgniter\View\{closure}()
 4 SYSTEMPATH\View\View.php(431): CodeIgniter\View\View->render('include/topbar', null, true)
 5 APPPATH\Views\page\dashboard.php(19): CodeIgniter\View\View->include('include/topbar')
 6 SYSTEMPATH\View\View.php(213): include('APPPATH\\Views\\page\\dashboard.php')
 7 SYSTEMPATH\View\View.php(216): CodeIgniter\View\View->CodeIgniter\View\{closure}()
 8 SYSTEMPATH\Common.php(1134): CodeIgniter\View\View->render('page/dashboard', [], true)
 9 APPPATH\Controllers\ProfileController.php(11): view('page/dashboard')
10 SYSTEMPATH\CodeIgniter.php(927): App\Controllers\ProfileController->index()
11 SYSTEMPATH\CodeIgniter.php(482): CodeIgniter\CodeIgniter->runController(Object(App\Controllers\ProfileController))
12 SYSTEMPATH\CodeIgniter.php(351): CodeIgniter\CodeIgniter->handleRequest(null, Object(Config\Cache), false)
13 FCPATH\index.php(67): CodeIgniter\CodeIgniter->run()
14 SYSTEMPATH\Commands\Server\rewrite.php(46): require_once('FCPATH\\index.php')
CRITICAL - 2022-12-05 07:21:39 --> Undefined variable $admininfo
in APPPATH\Views\include\topbar.php on line 93.
 1 APPPATH\Views\include\topbar.php(93): CodeIgniter\Debug\Exceptions->errorHandler(2, 'Undefined variable $admininfo', 'APPPATH\\Views\\include\\topbar.php', 93)
 2 SYSTEMPATH\View\View.php(213): include('APPPATH\\Views\\include\\topbar.php')
 3 SYSTEMPATH\View\View.php(216): CodeIgniter\View\View->CodeIgniter\View\{closure}()
 4 SYSTEMPATH\View\View.php(431): CodeIgniter\View\View->render('include/topbar', null, true)
 5 APPPATH\Views\page\dashboard.php(19): CodeIgniter\View\View->include('include/topbar')
 6 SYSTEMPATH\View\View.php(213): include('APPPATH\\Views\\page\\dashboard.php')
 7 SYSTEMPATH\View\View.php(216): CodeIgniter\View\View->CodeIgniter\View\{closure}()
 8 SYSTEMPATH\Common.php(1134): CodeIgniter\View\View->render('page/dashboard', [], true)
 9 APPPATH\Controllers\ProfileController.php(11): view('page/dashboard')
10 SYSTEMPATH\CodeIgniter.php(927): App\Controllers\ProfileController->index()
11 SYSTEMPATH\CodeIgniter.php(482): CodeIgniter\CodeIgniter->runController(Object(App\Controllers\ProfileController))
12 SYSTEMPATH\CodeIgniter.php(351): CodeIgniter\CodeIgniter->handleRequest(null, Object(Config\Cache), false)
13 FCPATH\index.php(67): CodeIgniter\CodeIgniter->run()
14 SYSTEMPATH\Commands\Server\rewrite.php(46): require_once('FCPATH\\index.php')
CRITICAL - 2022-12-05 07:21:54 --> Undefined variable $admininfo
in APPPATH\Views\include\topbar.php on line 93.
 1 APPPATH\Views\include\topbar.php(93): CodeIgniter\Debug\Exceptions->errorHandler(2, 'Undefined variable $admininfo', 'APPPATH\\Views\\include\\topbar.php', 93)
 2 SYSTEMPATH\View\View.php(213): include('APPPATH\\Views\\include\\topbar.php')
 3 SYSTEMPATH\View\View.php(216): CodeIgniter\View\View->CodeIgniter\View\{closure}()
 4 SYSTEMPATH\View\View.php(431): CodeIgniter\View\View->render('include/topbar', null, true)
 5 APPPATH\Views\page\dashboard.php(19): CodeIgniter\View\View->include('include/topbar')
 6 SYSTEMPATH\View\View.php(213): include('APPPATH\\Views\\page\\dashboard.php')
 7 SYSTEMPATH\View\View.php(216): CodeIgniter\View\View->CodeIgniter\View\{closure}()
 8 SYSTEMPATH\Common.php(1134): CodeIgniter\View\View->render('page/dashboard', [], true)
 9 APPPATH\Controllers\ProfileController.php(11): view('page/dashboard')
10 SYSTEMPATH\CodeIgniter.php(927): App\Controllers\ProfileController->index()
11 SYSTEMPATH\CodeIgniter.php(482): CodeIgniter\CodeIgniter->runController(Object(App\Controllers\ProfileController))
12 SYSTEMPATH\CodeIgniter.php(351): CodeIgniter\CodeIgniter->handleRequest(null, Object(Config\Cache), false)
13 FCPATH\index.php(67): CodeIgniter\CodeIgniter->run()
14 SYSTEMPATH\Commands\Server\rewrite.php(46): require_once('FCPATH\\index.php')
CRITICAL - 2022-12-05 07:21:57 --> Undefined variable $admininfo
in APPPATH\Views\include\topbar.php on line 93.
 1 APPPATH\Views\include\topbar.php(93): CodeIgniter\Debug\Exceptions->errorHandler(2, 'Undefined variable $admininfo', 'APPPATH\\Views\\include\\topbar.php', 93)
 2 SYSTEMPATH\View\View.php(213): include('APPPATH\\Views\\include\\topbar.php')
 3 SYSTEMPATH\View\View.php(216): CodeIgniter\View\View->CodeIgniter\View\{closure}()
 4 SYSTEMPATH\View\View.php(431): CodeIgniter\View\View->render('include/topbar', null, true)
 5 APPPATH\Views\page\AllBookings.php(18): CodeIgniter\View\View->include('include/topbar')
 6 SYSTEMPATH\View\View.php(213): include('APPPATH\\Views\\page\\AllBookings.php')
 7 SYSTEMPATH\View\View.php(216): CodeIgniter\View\View->CodeIgniter\View\{closure}()
 8 SYSTEMPATH\Common.php(1134): CodeIgniter\View\View->render('page/AllBookings', [], true)
 9 APPPATH\Controllers\TransactionController.php(9): view('page/AllBookings')
10 SYSTEMPATH\CodeIgniter.php(927): App\Controllers\TransactionController->AllBookings()
11 SYSTEMPATH\CodeIgniter.php(482): CodeIgniter\CodeIgniter->runController(Object(App\Controllers\TransactionController))
12 SYSTEMPATH\CodeIgniter.php(351): CodeIgniter\CodeIgniter->handleRequest(null, Object(Config\Cache), false)
13 FCPATH\index.php(67): CodeIgniter\CodeIgniter->run()
14 SYSTEMPATH\Commands\Server\rewrite.php(46): require_once('FCPATH\\index.php')
CRITICAL - 2022-12-05 07:22:00 --> Undefined variable $admininfo
in APPPATH\Views\include\topbar.php on line 93.
 1 APPPATH\Views\include\topbar.php(93): CodeIgniter\Debug\Exceptions->errorHandler(2, 'Undefined variable $admininfo', 'APPPATH\\Views\\include\\topbar.php', 93)
 2 SYSTEMPATH\View\View.php(213): include('APPPATH\\Views\\include\\topbar.php')
 3 SYSTEMPATH\View\View.php(216): CodeIgniter\View\View->CodeIgniter\View\{closure}()
 4 SYSTEMPATH\View\View.php(431): CodeIgniter\View\View->render('include/topbar', null, true)
 5 APPPATH\Views\page\dashboard.php(19): CodeIgniter\View\View->include('include/topbar')
 6 SYSTEMPATH\View\View.php(213): include('APPPATH\\Views\\page\\dashboard.php')
 7 SYSTEMPATH\View\View.php(216): CodeIgniter\View\View->CodeIgniter\View\{closure}()
 8 SYSTEMPATH\Common.php(1134): CodeIgniter\View\View->render('page/dashboard', [], true)
 9 APPPATH\Controllers\ProfileController.php(11): view('page/dashboard')
10 SYSTEMPATH\CodeIgniter.php(927): App\Controllers\ProfileController->index()
11 SYSTEMPATH\CodeIgniter.php(482): CodeIgniter\CodeIgniter->runController(Object(App\Controllers\ProfileController))
12 SYSTEMPATH\CodeIgniter.php(351): CodeIgniter\CodeIgniter->handleRequest(null, Object(Config\Cache), false)
13 FCPATH\index.php(67): CodeIgniter\CodeIgniter->run()
14 SYSTEMPATH\Commands\Server\rewrite.php(46): require_once('FCPATH\\index.php')
CRITICAL - 2022-12-05 07:22:03 --> Undefined variable $admininfo
in APPPATH\Views\include\topbar.php on line 93.
 1 APPPATH\Views\include\topbar.php(93): CodeIgniter\Debug\Exceptions->errorHandler(2, 'Undefined variable $admininfo', 'APPPATH\\Views\\include\\topbar.php', 93)
 2 SYSTEMPATH\View\View.php(213): include('APPPATH\\Views\\include\\topbar.php')
 3 SYSTEMPATH\View\View.php(216): CodeIgniter\View\View->CodeIgniter\View\{closure}()
 4 SYSTEMPATH\View\View.php(431): CodeIgniter\View\View->render('include/topbar', null, true)
 5 APPPATH\Views\page\dashboard.php(19): CodeIgniter\View\View->include('include/topbar')
 6 SYSTEMPATH\View\View.php(213): include('APPPATH\\Views\\page\\dashboard.php')
 7 SYSTEMPATH\View\View.php(216): CodeIgniter\View\View->CodeIgniter\View\{closure}()
 8 SYSTEMPATH\Common.php(1134): CodeIgniter\View\View->render('page/dashboard', [], true)
 9 APPPATH\Controllers\ProfileController.php(11): view('page/dashboard')
10 SYSTEMPATH\CodeIgniter.php(927): App\Controllers\ProfileController->index()
11 SYSTEMPATH\CodeIgniter.php(482): CodeIgniter\CodeIgniter->runController(Object(App\Controllers\ProfileController))
12 SYSTEMPATH\CodeIgniter.php(351): CodeIgniter\CodeIgniter->handleRequest(null, Object(Config\Cache), false)
13 FCPATH\index.php(67): CodeIgniter\CodeIgniter->run()
14 SYSTEMPATH\Commands\Server\rewrite.php(46): require_once('FCPATH\\index.php')
CRITICAL - 2022-12-05 07:22:05 --> Undefined variable $admininfo
in APPPATH\Views\include\topbar.php on line 93.
 1 APPPATH\Views\include\topbar.php(93): CodeIgniter\Debug\Exceptions->errorHandler(2, 'Undefined variable $admininfo', 'APPPATH\\Views\\include\\topbar.php', 93)
 2 SYSTEMPATH\View\View.php(213): include('APPPATH\\Views\\include\\topbar.php')
 3 SYSTEMPATH\View\View.php(216): CodeIgniter\View\View->CodeIgniter\View\{closure}()
 4 SYSTEMPATH\View\View.php(431): CodeIgniter\View\View->render('include/topbar', null, true)
 5 APPPATH\Views\page\dashboard.php(19): CodeIgniter\View\View->include('include/topbar')
 6 SYSTEMPATH\View\View.php(213): include('APPPATH\\Views\\page\\dashboard.php')
 7 SYSTEMPATH\View\View.php(216): CodeIgniter\View\View->CodeIgniter\View\{closure}()
 8 SYSTEMPATH\Common.php(1134): CodeIgniter\View\View->render('page/dashboard', [], true)
 9 APPPATH\Controllers\ProfileController.php(11): view('page/dashboard')
10 SYSTEMPATH\CodeIgniter.php(927): App\Controllers\ProfileController->index()
11 SYSTEMPATH\CodeIgniter.php(482): CodeIgniter\CodeIgniter->runController(Object(App\Controllers\ProfileController))
12 SYSTEMPATH\CodeIgniter.php(351): CodeIgniter\CodeIgniter->handleRequest(null, Object(Config\Cache), false)
13 FCPATH\index.php(67): CodeIgniter\CodeIgniter->run()
14 SYSTEMPATH\Commands\Server\rewrite.php(46): require_once('FCPATH\\index.php')
CRITICAL - 2022-12-05 07:22:19 --> Undefined variable $admininfo
in APPPATH\Views\include\topbar.php on line 93.
 1 APPPATH\Views\include\topbar.php(93): CodeIgniter\Debug\Exceptions->errorHandler(2, 'Undefined variable $admininfo', 'APPPATH\\Views\\include\\topbar.php', 93)
 2 SYSTEMPATH\View\View.php(213): include('APPPATH\\Views\\include\\topbar.php')
 3 SYSTEMPATH\View\View.php(216): CodeIgniter\View\View->CodeIgniter\View\{closure}()
 4 SYSTEMPATH\View\View.php(431): CodeIgniter\View\View->render('include/topbar', null, true)
 5 APPPATH\Views\page\dashboard.php(19): CodeIgniter\View\View->include('include/topbar')
 6 SYSTEMPATH\View\View.php(213): include('APPPATH\\Views\\page\\dashboard.php')
 7 SYSTEMPATH\View\View.php(216): CodeIgniter\View\View->CodeIgniter\View\{closure}()
 8 SYSTEMPATH\Common.php(1134): CodeIgniter\View\View->render('page/dashboard', [], true)
 9 APPPATH\Controllers\ProfileController.php(11): view('page/dashboard')
10 SYSTEMPATH\CodeIgniter.php(927): App\Controllers\ProfileController->index()
11 SYSTEMPATH\CodeIgniter.php(482): CodeIgniter\CodeIgniter->runController(Object(App\Controllers\ProfileController))
12 SYSTEMPATH\CodeIgniter.php(351): CodeIgniter\CodeIgniter->handleRequest(null, Object(Config\Cache), false)
13 FCPATH\index.php(67): CodeIgniter\CodeIgniter->run()
14 SYSTEMPATH\Commands\Server\rewrite.php(46): require_once('FCPATH\\index.php')
CRITICAL - 2022-12-05 07:22:25 --> Undefined variable $admininfo
in APPPATH\Views\include\topbar.php on line 93.
 1 APPPATH\Views\include\topbar.php(93): CodeIgniter\Debug\Exceptions->errorHandler(2, 'Undefined variable $admininfo', 'APPPATH\\Views\\include\\topbar.php', 93)
 2 SYSTEMPATH\View\View.php(213): include('APPPATH\\Views\\include\\topbar.php')
 3 SYSTEMPATH\View\View.php(216): CodeIgniter\View\View->CodeIgniter\View\{closure}()
 4 SYSTEMPATH\View\View.php(431): CodeIgniter\View\View->render('include/topbar', null, true)
 5 APPPATH\Views\page\dashboard.php(19): CodeIgniter\View\View->include('include/topbar')
 6 SYSTEMPATH\View\View.php(213): include('APPPATH\\Views\\page\\dashboard.php')
 7 SYSTEMPATH\View\View.php(216): CodeIgniter\View\View->CodeIgniter\View\{closure}()
 8 SYSTEMPATH\Common.php(1134): CodeIgniter\View\View->render('page/dashboard', [], true)
 9 APPPATH\Controllers\ProfileController.php(11): view('page/dashboard')
10 SYSTEMPATH\CodeIgniter.php(927): App\Controllers\ProfileController->index()
11 SYSTEMPATH\CodeIgniter.php(482): CodeIgniter\CodeIgniter->runController(Object(App\Controllers\ProfileController))
12 SYSTEMPATH\CodeIgniter.php(351): CodeIgniter\CodeIgniter->handleRequest(null, Object(Config\Cache), false)
13 FCPATH\index.php(67): CodeIgniter\CodeIgniter->run()
14 SYSTEMPATH\Commands\Server\rewrite.php(46): require_once('FCPATH\\index.php')
CRITICAL - 2022-12-05 07:22:53 --> Undefined variable $admininfo
in APPPATH\Views\include\topbar.php on line 93.
 1 APPPATH\Views\include\topbar.php(93): CodeIgniter\Debug\Exceptions->errorHandler(2, 'Undefined variable $admininfo', 'APPPATH\\Views\\include\\topbar.php', 93)
 2 SYSTEMPATH\View\View.php(213): include('APPPATH\\Views\\include\\topbar.php')
 3 SYSTEMPATH\View\View.php(216): CodeIgniter\View\View->CodeIgniter\View\{closure}()
 4 SYSTEMPATH\View\View.php(431): CodeIgniter\View\View->render('include/topbar', null, true)
 5 APPPATH\Views\page\AllBookings.php(18): CodeIgniter\View\View->include('include/topbar')
 6 SYSTEMPATH\View\View.php(213): include('APPPATH\\Views\\page\\AllBookings.php')
 7 SYSTEMPATH\View\View.php(216): CodeIgniter\View\View->CodeIgniter\View\{closure}()
 8 SYSTEMPATH\Common.php(1134): CodeIgniter\View\View->render('page/AllBookings', [], true)
 9 APPPATH\Controllers\TransactionController.php(9): view('page/AllBookings')
10 SYSTEMPATH\CodeIgniter.php(927): App\Controllers\TransactionController->AllBookings()
11 SYSTEMPATH\CodeIgniter.php(482): CodeIgniter\CodeIgniter->runController(Object(App\Controllers\TransactionController))
12 SYSTEMPATH\CodeIgniter.php(351): CodeIgniter\CodeIgniter->handleRequest(null, Object(Config\Cache), false)
13 FCPATH\index.php(67): CodeIgniter\CodeIgniter->run()
14 SYSTEMPATH\Commands\Server\rewrite.php(46): require_once('FCPATH\\index.php')
CRITICAL - 2022-12-05 07:24:50 --> Undefined variable $admininfo
in APPPATH\Views\include\topbar.php on line 93.
 1 APPPATH\Views\include\topbar.php(93): CodeIgniter\Debug\Exceptions->errorHandler(2, 'Undefined variable $admininfo', 'APPPATH\\Views\\include\\topbar.php', 93)
 2 SYSTEMPATH\View\View.php(213): include('APPPATH\\Views\\include\\topbar.php')
 3 SYSTEMPATH\View\View.php(216): CodeIgniter\View\View->CodeIgniter\View\{closure}()
 4 SYSTEMPATH\View\View.php(431): CodeIgniter\View\View->render('include/topbar', null, true)
 5 APPPATH\Views\page\dashboard.php(19): CodeIgniter\View\View->include('include/topbar')
 6 SYSTEMPATH\View\View.php(213): include('APPPATH\\Views\\page\\dashboard.php')
 7 SYSTEMPATH\View\View.php(216): CodeIgniter\View\View->CodeIgniter\View\{closure}()
 8 SYSTEMPATH\Common.php(1134): CodeIgniter\View\View->render('page/dashboard', [], true)
 9 APPPATH\Controllers\ProfileController.php(11): view('page/dashboard')
10 SYSTEMPATH\CodeIgniter.php(927): App\Controllers\ProfileController->index()
11 SYSTEMPATH\CodeIgniter.php(482): CodeIgniter\CodeIgniter->runController(Object(App\Controllers\ProfileController))
12 SYSTEMPATH\CodeIgniter.php(351): CodeIgniter\CodeIgniter->handleRequest(null, Object(Config\Cache), false)
13 FCPATH\index.php(67): CodeIgniter\CodeIgniter->run()
14 SYSTEMPATH\Commands\Server\rewrite.php(46): require_once('FCPATH\\index.php')
CRITICAL - 2022-12-05 07:26:02 --> Undefined variable $admininfo
in APPPATH\Views\include\topbar.php on line 93.
 1 APPPATH\Views\include\topbar.php(93): CodeIgniter\Debug\Exceptions->errorHandler(2, 'Undefined variable $admininfo', 'APPPATH\\Views\\include\\topbar.php', 93)
 2 SYSTEMPATH\View\View.php(213): include('APPPATH\\Views\\include\\topbar.php')
 3 SYSTEMPATH\View\View.php(216): CodeIgniter\View\View->CodeIgniter\View\{closure}()
 4 SYSTEMPATH\View\View.php(431): CodeIgniter\View\View->render('include/topbar', null, true)
 5 APPPATH\Views\page\AllBookings.php(18): CodeIgniter\View\View->include('include/topbar')
 6 SYSTEMPATH\View\View.php(213): include('APPPATH\\Views\\page\\AllBookings.php')
 7 SYSTEMPATH\View\View.php(216): CodeIgniter\View\View->CodeIgniter\View\{closure}()
 8 SYSTEMPATH\Common.php(1134): CodeIgniter\View\View->render('page/AllBookings', [], true)
 9 APPPATH\Controllers\TransactionController.php(9): view('page/AllBookings')
10 SYSTEMPATH\CodeIgniter.php(927): App\Controllers\TransactionController->AllBookings()
11 SYSTEMPATH\CodeIgniter.php(482): CodeIgniter\CodeIgniter->runController(Object(App\Controllers\TransactionController))
12 SYSTEMPATH\CodeIgniter.php(351): CodeIgniter\CodeIgniter->handleRequest(null, Object(Config\Cache), false)
13 FCPATH\index.php(67): CodeIgniter\CodeIgniter->run()
14 SYSTEMPATH\Commands\Server\rewrite.php(46): require_once('FCPATH\\index.php')
CRITICAL - 2022-12-05 07:26:15 --> Undefined variable $admininfo
in APPPATH\Views\include\topbar.php on line 93.
 1 APPPATH\Views\include\topbar.php(93): CodeIgniter\Debug\Exceptions->errorHandler(2, 'Undefined variable $admininfo', 'APPPATH\\Views\\include\\topbar.php', 93)
 2 SYSTEMPATH\View\View.php(213): include('APPPATH\\Views\\include\\topbar.php')
 3 SYSTEMPATH\View\View.php(216): CodeIgniter\View\View->CodeIgniter\View\{closure}()
 4 SYSTEMPATH\View\View.php(431): CodeIgniter\View\View->render('include/topbar', null, true)
 5 APPPATH\Views\page\AllBookings.php(18): CodeIgniter\View\View->include('include/topbar')
 6 SYSTEMPATH\View\View.php(213): include('APPPATH\\Views\\page\\AllBookings.php')
 7 SYSTEMPATH\View\View.php(216): CodeIgniter\View\View->CodeIgniter\View\{closure}()
 8 SYSTEMPATH\Common.php(1134): CodeIgniter\View\View->render('page/AllBookings', [], true)
 9 APPPATH\Controllers\TransactionController.php(9): view('page/AllBookings')
10 SYSTEMPATH\CodeIgniter.php(927): App\Controllers\TransactionController->AllBookings()
11 SYSTEMPATH\CodeIgniter.php(482): CodeIgniter\CodeIgniter->runController(Object(App\Controllers\TransactionController))
12 SYSTEMPATH\CodeIgniter.php(351): CodeIgniter\CodeIgniter->handleRequest(null, Object(Config\Cache), false)
13 FCPATH\index.php(67): CodeIgniter\CodeIgniter->run()
14 SYSTEMPATH\Commands\Server\rewrite.php(46): require_once('FCPATH\\index.php')
CRITICAL - 2022-12-05 07:26:41 --> Undefined variable $admininfo
in APPPATH\Views\include\topbar.php on line 93.
 1 APPPATH\Views\include\topbar.php(93): CodeIgniter\Debug\Exceptions->errorHandler(2, 'Undefined variable $admininfo', 'APPPATH\\Views\\include\\topbar.php', 93)
 2 SYSTEMPATH\View\View.php(213): include('APPPATH\\Views\\include\\topbar.php')
 3 SYSTEMPATH\View\View.php(216): CodeIgniter\View\View->CodeIgniter\View\{closure}()
 4 SYSTEMPATH\View\View.php(431): CodeIgniter\View\View->render('include/topbar', null, true)
 5 APPPATH\Views\page\dashboard.php(19): CodeIgniter\View\View->include('include/topbar')
 6 SYSTEMPATH\View\View.php(213): include('APPPATH\\Views\\page\\dashboard.php')
 7 SYSTEMPATH\View\View.php(216): CodeIgniter\View\View->CodeIgniter\View\{closure}()
 8 SYSTEMPATH\Common.php(1134): CodeIgniter\View\View->render('page/dashboard', [], true)
 9 APPPATH\Controllers\ProfileController.php(14): view('page/dashboard')
10 SYSTEMPATH\CodeIgniter.php(927): App\Controllers\ProfileController->index()
11 SYSTEMPATH\CodeIgniter.php(482): CodeIgniter\CodeIgniter->runController(Object(App\Controllers\ProfileController))
12 SYSTEMPATH\CodeIgniter.php(351): CodeIgniter\CodeIgniter->handleRequest(null, Object(Config\Cache), false)
13 FCPATH\index.php(67): CodeIgniter\CodeIgniter->run()
14 SYSTEMPATH\Commands\Server\rewrite.php(46): require_once('FCPATH\\index.php')
CRITICAL - 2022-12-05 07:26:43 --> Undefined variable $admininfo
in APPPATH\Views\include\topbar.php on line 93.
 1 APPPATH\Views\include\topbar.php(93): CodeIgniter\Debug\Exceptions->errorHandler(2, 'Undefined variable $admininfo', 'APPPATH\\Views\\include\\topbar.php', 93)
 2 SYSTEMPATH\View\View.php(213): include('APPPATH\\Views\\include\\topbar.php')
 3 SYSTEMPATH\View\View.php(216): CodeIgniter\View\View->CodeIgniter\View\{closure}()
 4 SYSTEMPATH\View\View.php(431): CodeIgniter\View\View->render('include/topbar', null, true)
 5 APPPATH\Views\page\dashboard.php(19): CodeIgniter\View\View->include('include/topbar')
 6 SYSTEMPATH\View\View.php(213): include('APPPATH\\Views\\page\\dashboard.php')
 7 SYSTEMPATH\View\View.php(216): CodeIgniter\View\View->CodeIgniter\View\{closure}()
 8 SYSTEMPATH\Common.php(1134): CodeIgniter\View\View->render('page/dashboard', [], true)
 9 APPPATH\Controllers\ProfileController.php(14): view('page/dashboard')
10 SYSTEMPATH\CodeIgniter.php(927): App\Controllers\ProfileController->index()
11 SYSTEMPATH\CodeIgniter.php(482): CodeIgniter\CodeIgniter->runController(Object(App\Controllers\ProfileController))
12 SYSTEMPATH\CodeIgniter.php(351): CodeIgniter\CodeIgniter->handleRequest(null, Object(Config\Cache), false)
13 FCPATH\index.php(67): CodeIgniter\CodeIgniter->run()
14 SYSTEMPATH\Commands\Server\rewrite.php(46): require_once('FCPATH\\index.php')
CRITICAL - 2022-12-05 07:26:47 --> Undefined variable $admininfo
in APPPATH\Views\include\topbar.php on line 93.
 1 APPPATH\Views\include\topbar.php(93): CodeIgniter\Debug\Exceptions->errorHandler(2, 'Undefined variable $admininfo', 'APPPATH\\Views\\include\\topbar.php', 93)
 2 SYSTEMPATH\View\View.php(213): include('APPPATH\\Views\\include\\topbar.php')
 3 SYSTEMPATH\View\View.php(216): CodeIgniter\View\View->CodeIgniter\View\{closure}()
 4 SYSTEMPATH\View\View.php(431): CodeIgniter\View\View->render('include/topbar', null, true)
 5 APPPATH\Views\page\dashboard.php(19): CodeIgniter\View\View->include('include/topbar')
 6 SYSTEMPATH\View\View.php(213): include('APPPATH\\Views\\page\\dashboard.php')
 7 SYSTEMPATH\View\View.php(216): CodeIgniter\View\View->CodeIgniter\View\{closure}()
 8 SYSTEMPATH\Common.php(1134): CodeIgniter\View\View->render('page/dashboard', [], true)
 9 APPPATH\Controllers\ProfileController.php(14): view('page/dashboard')
10 SYSTEMPATH\CodeIgniter.php(927): App\Controllers\ProfileController->index()
11 SYSTEMPATH\CodeIgniter.php(482): CodeIgniter\CodeIgniter->runController(Object(App\Controllers\ProfileController))
12 SYSTEMPATH\CodeIgniter.php(351): CodeIgniter\CodeIgniter->handleRequest(null, Object(Config\Cache), false)
13 FCPATH\index.php(67): CodeIgniter\CodeIgniter->run()
14 SYSTEMPATH\Commands\Server\rewrite.php(46): require_once('FCPATH\\index.php')
CRITICAL - 2022-12-05 07:28:28 --> Undefined variable $admininfo
in APPPATH\Views\include\topbar.php on line 93.
 1 APPPATH\Views\include\topbar.php(93): CodeIgniter\Debug\Exceptions->errorHandler(2, 'Undefined variable $admininfo', 'APPPATH\\Views\\include\\topbar.php', 93)
 2 SYSTEMPATH\View\View.php(213): include('APPPATH\\Views\\include\\topbar.php')
 3 SYSTEMPATH\View\View.php(216): CodeIgniter\View\View->CodeIgniter\View\{closure}()
 4 SYSTEMPATH\View\View.php(431): CodeIgniter\View\View->render('include/topbar', null, true)
 5 APPPATH\Views\page\AllBookings.php(18): CodeIgniter\View\View->include('include/topbar')
 6 SYSTEMPATH\View\View.php(213): include('APPPATH\\Views\\page\\AllBookings.php')
 7 SYSTEMPATH\View\View.php(216): CodeIgniter\View\View->CodeIgniter\View\{closure}()
 8 SYSTEMPATH\Common.php(1134): CodeIgniter\View\View->render('page/AllBookings', [], true)
 9 APPPATH\Controllers\TransactionController.php(9): view('page/AllBookings')
10 SYSTEMPATH\CodeIgniter.php(927): App\Controllers\TransactionController->AllBookings()
11 SYSTEMPATH\CodeIgniter.php(482): CodeIgniter\CodeIgniter->runController(Object(App\Controllers\TransactionController))
12 SYSTEMPATH\CodeIgniter.php(351): CodeIgniter\CodeIgniter->handleRequest(null, Object(Config\Cache), false)
13 FCPATH\index.php(67): CodeIgniter\CodeIgniter->run()
14 SYSTEMPATH\Commands\Server\rewrite.php(46): require_once('FCPATH\\index.php')
CRITICAL - 2022-12-05 07:37:13 --> Undefined variable $admininfo
in APPPATH\Views\include\topbar.php on line 93.
 1 APPPATH\Views\include\topbar.php(93): CodeIgniter\Debug\Exceptions->errorHandler(2, 'Undefined variable $admininfo', 'APPPATH\\Views\\include\\topbar.php', 93)
 2 SYSTEMPATH\View\View.php(213): include('APPPATH\\Views\\include\\topbar.php')
 3 SYSTEMPATH\View\View.php(216): CodeIgniter\View\View->CodeIgniter\View\{closure}()
 4 SYSTEMPATH\View\View.php(431): CodeIgniter\View\View->render('include/topbar', null, true)
 5 APPPATH\Views\page\AllBookings.php(18): CodeIgniter\View\View->include('include/topbar')
 6 SYSTEMPATH\View\View.php(213): include('APPPATH\\Views\\page\\AllBookings.php')
 7 SYSTEMPATH\View\View.php(216): CodeIgniter\View\View->CodeIgniter\View\{closure}()
 8 SYSTEMPATH\Common.php(1134): CodeIgniter\View\View->render('page/AllBookings', [], true)
 9 APPPATH\Controllers\TransactionController.php(9): view('page/AllBookings')
10 SYSTEMPATH\CodeIgniter.php(927): App\Controllers\TransactionController->AllBookings()
11 SYSTEMPATH\CodeIgniter.php(482): CodeIgniter\CodeIgniter->runController(Object(App\Controllers\TransactionController))
12 SYSTEMPATH\CodeIgniter.php(351): CodeIgniter\CodeIgniter->handleRequest(null, Object(Config\Cache), false)
13 FCPATH\index.php(67): CodeIgniter\CodeIgniter->run()
14 SYSTEMPATH\Commands\Server\rewrite.php(46): require_once('FCPATH\\index.php')
CRITICAL - 2022-12-05 07:38:08 --> Undefined variable $admininfo
in APPPATH\Views\include\topbar.php on line 93.
 1 APPPATH\Views\include\topbar.php(93): CodeIgniter\Debug\Exceptions->errorHandler(2, 'Undefined variable $admininfo', 'APPPATH\\Views\\include\\topbar.php', 93)
 2 SYSTEMPATH\View\View.php(213): include('APPPATH\\Views\\include\\topbar.php')
 3 SYSTEMPATH\View\View.php(216): CodeIgniter\View\View->CodeIgniter\View\{closure}()
 4 SYSTEMPATH\View\View.php(431): CodeIgniter\View\View->render('include/topbar', null, true)
 5 APPPATH\Views\page\AllBookings.php(18): CodeIgniter\View\View->include('include/topbar')
 6 SYSTEMPATH\View\View.php(213): include('APPPATH\\Views\\page\\AllBookings.php')
 7 SYSTEMPATH\View\View.php(216): CodeIgniter\View\View->CodeIgniter\View\{closure}()
 8 SYSTEMPATH\Common.php(1134): CodeIgniter\View\View->render('page/AllBookings', [], true)
 9 APPPATH\Controllers\TransactionController.php(9): view('page/AllBookings')
10 SYSTEMPATH\CodeIgniter.php(927): App\Controllers\TransactionController->AllBookings()
11 SYSTEMPATH\CodeIgniter.php(482): CodeIgniter\CodeIgniter->runController(Object(App\Controllers\TransactionController))
12 SYSTEMPATH\CodeIgniter.php(351): CodeIgniter\CodeIgniter->handleRequest(null, Object(Config\Cache), false)
13 FCPATH\index.php(67): CodeIgniter\CodeIgniter->run()
14 SYSTEMPATH\Commands\Server\rewrite.php(46): require_once('FCPATH\\index.php')
CRITICAL - 2022-12-05 07:40:46 --> Undefined variable $admininfo
in APPPATH\Views\include\topbar.php on line 93.
 1 APPPATH\Views\include\topbar.php(93): CodeIgniter\Debug\Exceptions->errorHandler(2, 'Undefined variable $admininfo', 'APPPATH\\Views\\include\\topbar.php', 93)
 2 SYSTEMPATH\View\View.php(213): include('APPPATH\\Views\\include\\topbar.php')
 3 SYSTEMPATH\View\View.php(216): CodeIgniter\View\View->CodeIgniter\View\{closure}()
 4 SYSTEMPATH\View\View.php(431): CodeIgniter\View\View->render('include/topbar', null, true)
 5 APPPATH\Views\page\AllBookings.php(18): CodeIgniter\View\View->include('include/topbar')
 6 SYSTEMPATH\View\View.php(213): include('APPPATH\\Views\\page\\AllBookings.php')
 7 SYSTEMPATH\View\View.php(216): CodeIgniter\View\View->CodeIgniter\View\{closure}()
 8 SYSTEMPATH\Common.php(1134): CodeIgniter\View\View->render('page/AllBookings', [], true)
 9 APPPATH\Controllers\TransactionController.php(9): view('page/AllBookings')
10 SYSTEMPATH\CodeIgniter.php(927): App\Controllers\TransactionController->AllBookings()
11 SYSTEMPATH\CodeIgniter.php(482): CodeIgniter\CodeIgniter->runController(Object(App\Controllers\TransactionController))
12 SYSTEMPATH\CodeIgniter.php(351): CodeIgniter\CodeIgniter->handleRequest(null, Object(Config\Cache), false)
13 FCPATH\index.php(67): CodeIgniter\CodeIgniter->run()
14 SYSTEMPATH\Commands\Server\rewrite.php(46): require_once('FCPATH\\index.php')
CRITICAL - 2022-12-05 10:55:08 --> Invalid file: page/addBoolkings.php
in SYSTEMPATH\Exceptions\FrameworkException.php on line 33.
 1 SYSTEMPATH\View\View.php(201): CodeIgniter\Exceptions\FrameworkException::forInvalidFile('page/addBoolkings.php')
 2 SYSTEMPATH\Common.php(1134): CodeIgniter\View\View->render('page/addBoolkings', [], true)
 3 APPPATH\Controllers\TransactionController.php(14): view('page/addBoolkings')
 4 SYSTEMPATH\CodeIgniter.php(927): App\Controllers\TransactionController->addBookings()
 5 SYSTEMPATH\CodeIgniter.php(482): CodeIgniter\CodeIgniter->runController(Object(App\Controllers\TransactionController))
 6 SYSTEMPATH\CodeIgniter.php(351): CodeIgniter\CodeIgniter->handleRequest(null, Object(Config\Cache), false)
 7 FCPATH\index.php(67): CodeIgniter\CodeIgniter->run()
 8 SYSTEMPATH\Commands\Server\rewrite.php(46): require_once('FCPATH\\index.php')
CRITICAL - 2022-12-05 13:37:02 --> Class "App\Controllers\TransactionModel" not found
in APPPATH\Controllers\TransactionController.php on line 42.
 1 SYSTEMPATH\CodeIgniter.php(927): App\Controllers\TransactionController->add_Bookings()
 2 SYSTEMPATH\CodeIgniter.php(482): CodeIgniter\CodeIgniter->runController(Object(App\Controllers\TransactionController))
 3 SYSTEMPATH\CodeIgniter.php(351): CodeIgniter\CodeIgniter->handleRequest(null, Object(Config\Cache), false)
 4 FCPATH\index.php(67): CodeIgniter\CodeIgniter->run()
 5 SYSTEMPATH\Commands\Server\rewrite.php(46): require_once('FCPATH\\index.php')
CRITICAL - 2022-12-05 13:37:44 --> Class "CodeIgniter\Model\TransactionModel" not found
in APPPATH\Controllers\TransactionController.php on line 43.
 1 SYSTEMPATH\CodeIgniter.php(927): App\Controllers\TransactionController->add_Bookings()
 2 SYSTEMPATH\CodeIgniter.php(482): CodeIgniter\CodeIgniter->runController(Object(App\Controllers\TransactionController))
 3 SYSTEMPATH\CodeIgniter.php(351): CodeIgniter\CodeIgniter->handleRequest(null, Object(Config\Cache), false)
 4 FCPATH\index.php(67): CodeIgniter\CodeIgniter->run()
 5 SYSTEMPATH\Commands\Server\rewrite.php(46): require_once('FCPATH\\index.php')
ERROR - 2022-12-05 13:38:34 --> mysqli_sql_exception: Column 'dateend' cannot be null in C:\xampp\htdocs\FinancialManagementSystem\vendor\codeigniter4\framework\system\Database\MySQLi\Connection.php:292
Stack trace:
#0 C:\xampp\htdocs\FinancialManagementSystem\vendor\codeigniter4\framework\system\Database\MySQLi\Connection.php(292): mysqli->query('INSERT INTO `tr...', 0)
#1 C:\xampp\htdocs\FinancialManagementSystem\vendor\codeigniter4\framework\system\Database\BaseConnection.php(666): CodeIgniter\Database\MySQLi\Connection->execute('INSERT INTO `tr...')
#2 C:\xampp\htdocs\FinancialManagementSystem\vendor\codeigniter4\framework\system\Database\BaseConnection.php(593): CodeIgniter\Database\BaseConnection->simpleQuery('INSERT INTO `tr...')
#3 C:\xampp\htdocs\FinancialManagementSystem\vendor\codeigniter4\framework\system\Database\BaseBuilder.php(1916): CodeIgniter\Database\BaseConnection->query('INSERT INTO `tr...', Array, false)
#4 C:\xampp\htdocs\FinancialManagementSystem\vendor\codeigniter4\framework\system\Model.php(279): CodeIgniter\Database\BaseBuilder->insert()
#5 C:\xampp\htdocs\FinancialManagementSystem\vendor\codeigniter4\framework\system\BaseModel.php(749): CodeIgniter\Model->doInsert(Array)
#6 C:\xampp\htdocs\FinancialManagementSystem\vendor\codeigniter4\framework\system\Model.php(667): CodeIgniter\BaseModel->insert(Array, false)
#7 C:\xampp\htdocs\FinancialManagementSystem\vendor\codeigniter4\framework\system\BaseModel.php(659): CodeIgniter\Model->insert(Array, false)
#8 C:\xampp\htdocs\FinancialManagementSystem\app\Controllers\TransactionController.php(44): CodeIgniter\BaseModel->save(Array)
#9 C:\xampp\htdocs\FinancialManagementSystem\vendor\codeigniter4\framework\system\CodeIgniter.php(927): App\Controllers\TransactionController->add_Bookings()
#10 C:\xampp\htdocs\FinancialManagementSystem\vendor\codeigniter4\framework\system\CodeIgniter.php(482): CodeIgniter\CodeIgniter->runController(Object(App\Controllers\TransactionController))
#11 C:\xampp\htdocs\FinancialManagementSystem\vendor\codeigniter4\framework\system\CodeIgniter.php(351): CodeIgniter\CodeIgniter->handleRequest(NULL, Object(Config\Cache), false)
#12 C:\xampp\htdocs\FinancialManagementSystem\public\index.php(67): CodeIgniter\CodeIgniter->run()
#13 C:\xampp\htdocs\FinancialManagementSystem\vendor\codeigniter4\framework\system\Commands\Server\rewrite.php(46): require_once('C:\\xampp\\htdocs...')
#14 {main}
ERROR - 2022-12-05 13:39:05 --> mysqli_sql_exception: Column 'dateend' cannot be null in C:\xampp\htdocs\FinancialManagementSystem\vendor\codeigniter4\framework\system\Database\MySQLi\Connection.php:292
Stack trace:
#0 C:\xampp\htdocs\FinancialManagementSystem\vendor\codeigniter4\framework\system\Database\MySQLi\Connection.php(292): mysqli->query('INSERT INTO `tr...', 0)
#1 C:\xampp\htdocs\FinancialManagementSystem\vendor\codeigniter4\framework\system\Database\BaseConnection.php(666): CodeIgniter\Database\MySQLi\Connection->execute('INSERT INTO `tr...')
#2 C:\xampp\htdocs\FinancialManagementSystem\vendor\codeigniter4\framework\system\Database\BaseConnection.php(593): CodeIgniter\Database\BaseConnection->simpleQuery('INSERT INTO `tr...')
#3 C:\xampp\htdocs\FinancialManagementSystem\vendor\codeigniter4\framework\system\Database\BaseBuilder.php(1916): CodeIgniter\Database\BaseConnection->query('INSERT INTO `tr...', Array, false)
#4 C:\xampp\htdocs\FinancialManagementSystem\vendor\codeigniter4\framework\system\Model.php(279): CodeIgniter\Database\BaseBuilder->insert()
#5 C:\xampp\htdocs\FinancialManagementSystem\vendor\codeigniter4\framework\system\BaseModel.php(749): CodeIgniter\Model->doInsert(Array)
#6 C:\xampp\htdocs\FinancialManagementSystem\vendor\codeigniter4\framework\system\Model.php(667): CodeIgniter\BaseModel->insert(Array, false)
#7 C:\xampp\htdocs\FinancialManagementSystem\vendor\codeigniter4\framework\system\BaseModel.php(659): CodeIgniter\Model->insert(Array, false)
#8 C:\xampp\htdocs\FinancialManagementSystem\app\Controllers\TransactionController.php(44): CodeIgniter\BaseModel->save(Array)
#9 C:\xampp\htdocs\FinancialManagementSystem\vendor\codeigniter4\framework\system\CodeIgniter.php(927): App\Controllers\TransactionController->add_Bookings()
#10 C:\xampp\htdocs\FinancialManagementSystem\vendor\codeigniter4\framework\system\CodeIgniter.php(482): CodeIgniter\CodeIgniter->runController(Object(App\Controllers\TransactionController))
#11 C:\xampp\htdocs\FinancialManagementSystem\vendor\codeigniter4\framework\system\CodeIgniter.php(351): CodeIgniter\CodeIgniter->handleRequest(NULL, Object(Config\Cache), false)
#12 C:\xampp\htdocs\FinancialManagementSystem\public\index.php(67): CodeIgniter\CodeIgniter->run()
#13 C:\xampp\htdocs\FinancialManagementSystem\vendor\codeigniter4\framework\system\Commands\Server\rewrite.php(46): require_once('C:\\xampp\\htdocs...')
#14 {main}
CRITICAL - 2022-12-05 13:40:37 --> Undefined variable $transaction_tb
in APPPATH\Controllers\TransactionController.php on line 44.
 1 APPPATH\Controllers\TransactionController.php(44): CodeIgniter\Debug\Exceptions->errorHandler(2, 'Undefined variable $transaction_tb', 'APPPATH\\Controllers\\TransactionController.php', 44)
 2 SYSTEMPATH\CodeIgniter.php(927): App\Controllers\TransactionController->add_Bookings()
 3 SYSTEMPATH\CodeIgniter.php(482): CodeIgniter\CodeIgniter->runController(Object(App\Controllers\TransactionController))
 4 SYSTEMPATH\CodeIgniter.php(351): CodeIgniter\CodeIgniter->handleRequest(null, Object(Config\Cache), false)
 5 FCPATH\index.php(67): CodeIgniter\CodeIgniter->run()
 6 SYSTEMPATH\Commands\Server\rewrite.php(46): require_once('FCPATH\\index.php')
ERROR - 2022-12-05 13:41:18 --> mysqli_sql_exception: Column 'dateend' cannot be null in C:\xampp\htdocs\FinancialManagementSystem\vendor\codeigniter4\framework\system\Database\MySQLi\Connection.php:292
Stack trace:
#0 C:\xampp\htdocs\FinancialManagementSystem\vendor\codeigniter4\framework\system\Database\MySQLi\Connection.php(292): mysqli->query('INSERT INTO `tr...', 0)
#1 C:\xampp\htdocs\FinancialManagementSystem\vendor\codeigniter4\framework\system\Database\BaseConnection.php(666): CodeIgniter\Database\MySQLi\Connection->execute('INSERT INTO `tr...')
#2 C:\xampp\htdocs\FinancialManagementSystem\vendor\codeigniter4\framework\system\Database\BaseConnection.php(593): CodeIgniter\Database\BaseConnection->simpleQuery('INSERT INTO `tr...')
#3 C:\xampp\htdocs\FinancialManagementSystem\vendor\codeigniter4\framework\system\Database\BaseBuilder.php(1916): CodeIgniter\Database\BaseConnection->query('INSERT INTO `tr...', Array, false)
#4 C:\xampp\htdocs\FinancialManagementSystem\vendor\codeigniter4\framework\system\Model.php(279): CodeIgniter\Database\BaseBuilder->insert()
#5 C:\xampp\htdocs\FinancialManagementSystem\vendor\codeigniter4\framework\system\BaseModel.php(749): CodeIgniter\Model->doInsert(Array)
#6 C:\xampp\htdocs\FinancialManagementSystem\vendor\codeigniter4\framework\system\Model.php(667): CodeIgniter\BaseModel->insert(Array, false)
#7 C:\xampp\htdocs\FinancialManagementSystem\vendor\codeigniter4\framework\system\BaseModel.php(659): CodeIgniter\Model->insert(Array, false)
#8 C:\xampp\htdocs\FinancialManagementSystem\app\Controllers\TransactionController.php(44): CodeIgniter\BaseModel->save(Array)
#9 C:\xampp\htdocs\FinancialManagementSystem\vendor\codeigniter4\framework\system\CodeIgniter.php(927): App\Controllers\TransactionController->add_Bookings()
#10 C:\xampp\htdocs\FinancialManagementSystem\vendor\codeigniter4\framework\system\CodeIgniter.php(482): CodeIgniter\CodeIgniter->runController(Object(App\Controllers\TransactionController))
#11 C:\xampp\htdocs\FinancialManagementSystem\vendor\codeigniter4\framework\system\CodeIgniter.php(351): CodeIgniter\CodeIgniter->handleRequest(NULL, Object(Config\Cache), false)
#12 C:\xampp\htdocs\FinancialManagementSystem\public\index.php(67): CodeIgniter\CodeIgniter->run()
#13 C:\xampp\htdocs\FinancialManagementSystem\vendor\codeigniter4\framework\system\Commands\Server\rewrite.php(46): require_once('C:\\xampp\\htdocs...')
#14 {main}
CRITICAL - 2022-12-05 13:53:10 --> Undefined variable $bookings
in APPPATH\Views\page\AllBookings.php on line 86.
 1 APPPATH\Views\page\AllBookings.php(86): CodeIgniter\Debug\Exceptions->errorHandler(2, 'Undefined variable $bookings', 'APPPATH\\Views\\page\\AllBookings.php', 86)
 2 SYSTEMPATH\View\View.php(213): include('APPPATH\\Views\\page\\AllBookings.php')
 3 SYSTEMPATH\View\View.php(216): CodeIgniter\View\View->CodeIgniter\View\{closure}()
 4 SYSTEMPATH\Common.php(1134): CodeIgniter\View\View->render('page/AllBookings', [], true)
 5 APPPATH\Controllers\TransactionController.php(10): view('page/AllBookings')
 6 SYSTEMPATH\CodeIgniter.php(927): App\Controllers\TransactionController->AllBookings()
 7 SYSTEMPATH\CodeIgniter.php(482): CodeIgniter\CodeIgniter->runController(Object(App\Controllers\TransactionController))
 8 SYSTEMPATH\CodeIgniter.php(351): CodeIgniter\CodeIgniter->handleRequest(null, Object(Config\Cache), false)
 9 FCPATH\index.php(67): CodeIgniter\CodeIgniter->run()
10 SYSTEMPATH\Commands\Server\rewrite.php(46): require_once('FCPATH\\index.php')
CRITICAL - 2022-12-05 13:56:52 --> Undefined variable $bookings
in APPPATH\Views\page\AllBookings.php on line 86.
 1 APPPATH\Views\page\AllBookings.php(86): CodeIgniter\Debug\Exceptions->errorHandler(2, 'Undefined variable $bookings', 'APPPATH\\Views\\page\\AllBookings.php', 86)
 2 SYSTEMPATH\View\View.php(213): include('APPPATH\\Views\\page\\AllBookings.php')
 3 SYSTEMPATH\View\View.php(216): CodeIgniter\View\View->CodeIgniter\View\{closure}()
 4 SYSTEMPATH\Common.php(1134): CodeIgniter\View\View->render('page/AllBookings', [], true)
 5 APPPATH\Controllers\TransactionController.php(10): view('page/AllBookings')
 6 SYSTEMPATH\CodeIgniter.php(927): App\Controllers\TransactionController->AllBookings()
 7 SYSTEMPATH\CodeIgniter.php(482): CodeIgniter\CodeIgniter->runController(Object(App\Controllers\TransactionController))
 8 SYSTEMPATH\CodeIgniter.php(351): CodeIgniter\CodeIgniter->handleRequest(null, Object(Config\Cache), false)
 9 FCPATH\index.php(67): CodeIgniter\CodeIgniter->run()
10 SYSTEMPATH\Commands\Server\rewrite.php(46): require_once('FCPATH\\index.php')
CRITICAL - 2022-12-05 13:57:00 --> Undefined variable $bookings
in APPPATH\Views\page\AllBookings.php on line 86.
 1 APPPATH\Views\page\AllBookings.php(86): CodeIgniter\Debug\Exceptions->errorHandler(2, 'Undefined variable $bookings', 'APPPATH\\Views\\page\\AllBookings.php', 86)
 2 SYSTEMPATH\View\View.php(213): include('APPPATH\\Views\\page\\AllBookings.php')
 3 SYSTEMPATH\View\View.php(216): CodeIgniter\View\View->CodeIgniter\View\{closure}()
 4 SYSTEMPATH\Common.php(1134): CodeIgniter\View\View->render('page/AllBookings', [], true)
 5 APPPATH\Controllers\TransactionController.php(10): view('page/AllBookings')
 6 SYSTEMPATH\CodeIgniter.php(927): App\Controllers\TransactionController->AllBookings()
 7 SYSTEMPATH\CodeIgniter.php(482): CodeIgniter\CodeIgniter->runController(Object(App\Controllers\TransactionController))
 8 SYSTEMPATH\CodeIgniter.php(351): CodeIgniter\CodeIgniter->handleRequest(null, Object(Config\Cache), false)
 9 FCPATH\index.php(67): CodeIgniter\CodeIgniter->run()
10 SYSTEMPATH\Commands\Server\rewrite.php(46): require_once('FCPATH\\index.php')
CRITICAL - 2022-12-05 13:58:10 --> Undefined variable $bookings
in APPPATH\Views\page\AllBookings.php on line 86.
 1 APPPATH\Views\page\AllBookings.php(86): CodeIgniter\Debug\Exceptions->errorHandler(2, 'Undefined variable $bookings', 'APPPATH\\Views\\page\\AllBookings.php', 86)
 2 SYSTEMPATH\View\View.php(213): include('APPPATH\\Views\\page\\AllBookings.php')
 3 SYSTEMPATH\View\View.php(216): CodeIgniter\View\View->CodeIgniter\View\{closure}()
 4 SYSTEMPATH\Common.php(1134): CodeIgniter\View\View->render('page/AllBookings', [], true)
 5 APPPATH\Controllers\TransactionController.php(10): view('page/AllBookings')
 6 SYSTEMPATH\CodeIgniter.php(927): App\Controllers\TransactionController->AllBookings()
 7 SYSTEMPATH\CodeIgniter.php(482): CodeIgniter\CodeIgniter->runController(Object(App\Controllers\TransactionController))
 8 SYSTEMPATH\CodeIgniter.php(351): CodeIgniter\CodeIgniter->handleRequest(null, Object(Config\Cache), false)
 9 FCPATH\index.php(67): CodeIgniter\CodeIgniter->run()
10 SYSTEMPATH\Commands\Server\rewrite.php(46): require_once('FCPATH\\index.php')
CRITICAL - 2022-12-05 13:58:15 --> Undefined variable $bookings
in APPPATH\Views\page\AllBookings.php on line 86.
 1 APPPATH\Views\page\AllBookings.php(86): CodeIgniter\Debug\Exceptions->errorHandler(2, 'Undefined variable $bookings', 'APPPATH\\Views\\page\\AllBookings.php', 86)
 2 SYSTEMPATH\View\View.php(213): include('APPPATH\\Views\\page\\AllBookings.php')
 3 SYSTEMPATH\View\View.php(216): CodeIgniter\View\View->CodeIgniter\View\{closure}()
 4 SYSTEMPATH\Common.php(1134): CodeIgniter\View\View->render('page/AllBookings', [], true)
 5 APPPATH\Controllers\TransactionController.php(10): view('page/AllBookings')
 6 SYSTEMPATH\CodeIgniter.php(927): App\Controllers\TransactionController->AllBookings()
 7 SYSTEMPATH\CodeIgniter.php(482): CodeIgniter\CodeIgniter->runController(Object(App\Controllers\TransactionController))
 8 SYSTEMPATH\CodeIgniter.php(351): CodeIgniter\CodeIgniter->handleRequest(null, Object(Config\Cache), false)
 9 FCPATH\index.php(67): CodeIgniter\CodeIgniter->run()
10 SYSTEMPATH\Commands\Server\rewrite.php(46): require_once('FCPATH\\index.php')
CRITICAL - 2022-12-05 13:59:11 --> Undefined array key "cutomer"
in APPPATH\Views\page\AllBookings.php on line 89.
 1 APPPATH\Views\page\AllBookings.php(89): CodeIgniter\Debug\Exceptions->errorHandler(2, 'Undefined array key "cutomer"', 'APPPATH\\Views\\page\\AllBookings.php', 89)
 2 SYSTEMPATH\View\View.php(213): include('APPPATH\\Views\\page\\AllBookings.php')
 3 SYSTEMPATH\View\View.php(216): CodeIgniter\View\View->CodeIgniter\View\{closure}()
 4 SYSTEMPATH\Common.php(1134): CodeIgniter\View\View->render('page/AllBookings', [], true)
 5 APPPATH\Controllers\TransactionController.php(62): view('page/AllBookings', [...])
 6 SYSTEMPATH\CodeIgniter.php(927): App\Controllers\TransactionController->BookingsData()
 7 SYSTEMPATH\CodeIgniter.php(482): CodeIgniter\CodeIgniter->runController(Object(App\Controllers\TransactionController))
 8 SYSTEMPATH\CodeIgniter.php(351): CodeIgniter\CodeIgniter->handleRequest(null, Object(Config\Cache), false)
 9 FCPATH\index.php(67): CodeIgniter\CodeIgniter->run()
10 SYSTEMPATH\Commands\Server\rewrite.php(46): require_once('FCPATH\\index.php')
CRITICAL - 2022-12-05 13:59:27 --> Undefined array key "datestrat"
in APPPATH\Views\page\AllBookings.php on line 90.
 1 APPPATH\Views\page\AllBookings.php(90): CodeIgniter\Debug\Exceptions->errorHandler(2, 'Undefined array key "datestrat"', 'APPPATH\\Views\\page\\AllBookings.php', 90)
 2 SYSTEMPATH\View\View.php(213): include('APPPATH\\Views\\page\\AllBookings.php')
 3 SYSTEMPATH\View\View.php(216): CodeIgniter\View\View->CodeIgniter\View\{closure}()
 4 SYSTEMPATH\Common.php(1134): CodeIgniter\View\View->render('page/AllBookings', [], true)
 5 APPPATH\Controllers\TransactionController.php(62): view('page/AllBookings', [...])
 6 SYSTEMPATH\CodeIgniter.php(927): App\Controllers\TransactionController->BookingsData()
 7 SYSTEMPATH\CodeIgniter.php(482): CodeIgniter\CodeIgniter->runController(Object(App\Controllers\TransactionController))
 8 SYSTEMPATH\CodeIgniter.php(351): CodeIgniter\CodeIgniter->handleRequest(null, Object(Config\Cache), false)
 9 FCPATH\index.php(67): CodeIgniter\CodeIgniter->run()
10 SYSTEMPATH\Commands\Server\rewrite.php(46): require_once('FCPATH\\index.php')
ERROR - 2022-12-05 20:17:05 --> Error connecting to the database: mysqli_sql_exception: No connection could be made because the target machine actively refused it in C:\xampp\htdocs\FinancialManagementSystem\vendor\codeigniter4\framework\system\Database\MySQLi\Connection.php:171
Stack trace:
#0 C:\xampp\htdocs\FinancialManagementSystem\vendor\codeigniter4\framework\system\Database\MySQLi\Connection.php(171): mysqli->real_connect('localhost', 'root', '', 'financialdb', 3306, '', 0)
#1 C:\xampp\htdocs\FinancialManagementSystem\vendor\codeigniter4\framework\system\Database\BaseConnection.php(382): CodeIgniter\Database\MySQLi\Connection->connect(false)
#2 C:\xampp\htdocs\FinancialManagementSystem\vendor\codeigniter4\framework\system\Database\BaseConnection.php(561): CodeIgniter\Database\BaseConnection->initialize()
#3 C:\xampp\htdocs\FinancialManagementSystem\vendor\codeigniter4\framework\system\Database\BaseBuilder.php(1585): CodeIgniter\Database\BaseConnection->query('SELECT *\nFROM `...', Array, false)
#4 C:\xampp\htdocs\FinancialManagementSystem\vendor\codeigniter4\framework\system\Model.php(250): CodeIgniter\Database\BaseBuilder->get()
#5 C:\xampp\htdocs\FinancialManagementSystem\vendor\codeigniter4\framework\system\BaseModel.php(623): CodeIgniter\Model->doFirst()
#6 C:\xampp\htdocs\FinancialManagementSystem\app\Controllers\SigninController.php(21): CodeIgniter\BaseModel->first()
#7 C:\xampp\htdocs\FinancialManagementSystem\vendor\codeigniter4\framework\system\CodeIgniter.php(927): App\Controllers\SigninController->loginAuth()
#8 C:\xampp\htdocs\FinancialManagementSystem\vendor\codeigniter4\framework\system\CodeIgniter.php(482): CodeIgniter\CodeIgniter->runController(Object(App\Controllers\SigninController))
#9 C:\xampp\htdocs\FinancialManagementSystem\vendor\codeigniter4\framework\system\CodeIgniter.php(351): CodeIgniter\CodeIgniter->handleRequest(NULL, Object(Config\Cache), false)
#10 C:\xampp\htdocs\FinancialManagementSystem\public\index.php(67): CodeIgniter\CodeIgniter->run()
#11 C:\xampp\htdocs\FinancialManagementSystem\vendor\codeigniter4\framework\system\Commands\Server\rewrite.php(46): require_once('C:\\xampp\\htdocs...')
#12 {main}

Next CodeIgniter\Database\Exceptions\DatabaseException: No connection could be made because the target machine actively refused it in C:\xampp\htdocs\FinancialManagementSystem\vendor\codeigniter4\framework\system\Database\MySQLi\Connection.php:215
Stack trace:
#0 C:\xampp\htdocs\FinancialManagementSystem\vendor\codeigniter4\framework\system\Database\BaseConnection.php(382): CodeIgniter\Database\MySQLi\Connection->connect(false)
#1 C:\xampp\htdocs\FinancialManagementSystem\vendor\codeigniter4\framework\system\Database\BaseConnection.php(561): CodeIgniter\Database\BaseConnection->initialize()
#2 C:\xampp\htdocs\FinancialManagementSystem\vendor\codeigniter4\framework\system\Database\BaseBuilder.php(1585): CodeIgniter\Database\BaseConnection->query('SELECT *\nFROM `...', Array, false)
#3 C:\xampp\htdocs\FinancialManagementSystem\vendor\codeigniter4\framework\system\Model.php(250): CodeIgniter\Database\BaseBuilder->get()
#4 C:\xampp\htdocs\FinancialManagementSystem\vendor\codeigniter4\framework\system\BaseModel.php(623): CodeIgniter\Model->doFirst()
#5 C:\xampp\htdocs\FinancialManagementSystem\app\Controllers\SigninController.php(21): CodeIgniter\BaseModel->first()
#6 C:\xampp\htdocs\FinancialManagementSystem\vendor\codeigniter4\framework\system\CodeIgniter.php(927): App\Controllers\SigninController->loginAuth()
#7 C:\xampp\htdocs\FinancialManagementSystem\vendor\codeigniter4\framework\system\CodeIgniter.php(482): CodeIgniter\CodeIgniter->runController(Object(App\Controllers\SigninController))
#8 C:\xampp\htdocs\FinancialManagementSystem\vendor\codeigniter4\framework\system\CodeIgniter.php(351): CodeIgniter\CodeIgniter->handleRequest(NULL, Object(Config\Cache), false)
#9 C:\xampp\htdocs\FinancialManagementSystem\public\index.php(67): CodeIgniter\CodeIgniter->run()
#10 C:\xampp\htdocs\FinancialManagementSystem\vendor\codeigniter4\framework\system\Commands\Server\rewrite.php(46): require_once('C:\\xampp\\htdocs...')
#11 {main}
CRITICAL - 2022-12-05 20:17:05 --> Unable to connect to the database.
Main connection [MySQLi]: No connection could be made because the target machine actively refused it
in SYSTEMPATH\Database\BaseConnection.php on line 418.
 1 SYSTEMPATH\Database\BaseConnection.php(561): CodeIgniter\Database\BaseConnection->initialize()
 2 SYSTEMPATH\Database\BaseBuilder.php(1585): CodeIgniter\Database\BaseConnection->query('SELECT *
FROM `users`
WHERE `email` = :email:
 LIMIT 1', [...], false)
 3 SYSTEMPATH\Model.php(250): CodeIgniter\Database\BaseBuilder->get()
 4 SYSTEMPATH\BaseModel.php(623): CodeIgniter\Model->doFirst()
 5 APPPATH\Controllers\SigninController.php(21): CodeIgniter\BaseModel->first()
 6 SYSTEMPATH\CodeIgniter.php(927): App\Controllers\SigninController->loginAuth()
 7 SYSTEMPATH\CodeIgniter.php(482): CodeIgniter\CodeIgniter->runController(Object(App\Controllers\SigninController))
 8 SYSTEMPATH\CodeIgniter.php(351): CodeIgniter\CodeIgniter->handleRequest(null, Object(Config\Cache), false)
 9 FCPATH\index.php(67): CodeIgniter\CodeIgniter->run()
10 SYSTEMPATH\Commands\Server\rewrite.php(46): require_once('FCPATH\\index.php')
