CRITICAL - 2023-01-13 07:35:39 --> Undefined variable $category
in APPPATH\Views\admin\package.php on line 124.
 1 APPPATH\Views\admin\package.php(124): CodeIgniter\Debug\Exceptions->errorHandler(2, 'Undefined variable $category', 'APPPATH\\Views\\admin\\package.php', 124)
 2 SYSTEMPATH\View\View.php(213): include('APPPATH\\Views\\admin\\package.php')
 3 SYSTEMPATH\View\View.php(216): CodeIgniter\View\View->CodeIgniter\View\{closure}()
 4 SYSTEMPATH\Common.php(1135): CodeIgniter\View\View->render('admin/package', [], true)
 5 APPPATH\Controllers\AdminController.php(25): view('admin/package')
 6 SYSTEMPATH\CodeIgniter.php(925): App\Controllers\AdminController->add_package()
 7 SYSTEMPATH\CodeIgniter.php(480): CodeIgniter\CodeIgniter->runController(Object(App\Controllers\AdminController))
 8 SYSTEMPATH\CodeIgniter.php(349): CodeIgniter\CodeIgniter->handleRequest(null, Object(Config\Cache), false)
 9 FCPATH\index.php(67): CodeIgniter\CodeIgniter->run()
10 SYSTEMPATH\Commands\Server\rewrite.php(47): require_once('FCPATH\\index.php')
CRITICAL - 2023-01-13 08:38:57 --> Undefined variable $image
in APPPATH\Controllers\AdminController.php on line 36.
 1 APPPATH\Controllers\AdminController.php(36): CodeIgniter\Debug\Exceptions->errorHandler(2, 'Undefined variable $image', 'APPPATH\\Controllers\\AdminController.php', 36)
 2 SYSTEMPATH\CodeIgniter.php(925): App\Controllers\AdminController->new_package()
 3 SYSTEMPATH\CodeIgniter.php(480): CodeIgniter\CodeIgniter->runController(Object(App\Controllers\AdminController))
 4 SYSTEMPATH\CodeIgniter.php(349): CodeIgniter\CodeIgniter->handleRequest(null, Object(Config\Cache), false)
 5 FCPATH\index.php(67): CodeIgniter\CodeIgniter->run()
 6 SYSTEMPATH\Commands\Server\rewrite.php(47): require_once('FCPATH\\index.php')
CRITICAL - 2023-01-13 08:40:40 --> Undefined variable $image
in APPPATH\Controllers\AdminController.php on line 36.
 1 APPPATH\Controllers\AdminController.php(36): CodeIgniter\Debug\Exceptions->errorHandler(2, 'Undefined variable $image', 'APPPATH\\Controllers\\AdminController.php', 36)
 2 SYSTEMPATH\CodeIgniter.php(925): App\Controllers\AdminController->new_package()
 3 SYSTEMPATH\CodeIgniter.php(480): CodeIgniter\CodeIgniter->runController(Object(App\Controllers\AdminController))
 4 SYSTEMPATH\CodeIgniter.php(349): CodeIgniter\CodeIgniter->handleRequest(null, Object(Config\Cache), false)
 5 FCPATH\index.php(67): CodeIgniter\CodeIgniter->run()
 6 SYSTEMPATH\Commands\Server\rewrite.php(47): require_once('FCPATH\\index.php')
CRITICAL - 2023-01-13 08:41:21 --> Call to a member function move() on null
in APPPATH\Controllers\AdminController.php on line 36.
 1 SYSTEMPATH\CodeIgniter.php(925): App\Controllers\AdminController->new_package()
 2 SYSTEMPATH\CodeIgniter.php(480): CodeIgniter\CodeIgniter->runController(Object(App\Controllers\AdminController))
 3 SYSTEMPATH\CodeIgniter.php(349): CodeIgniter\CodeIgniter->handleRequest(null, Object(Config\Cache), false)
 4 FCPATH\index.php(67): CodeIgniter\CodeIgniter->run()
 5 SYSTEMPATH\Commands\Server\rewrite.php(47): require_once('FCPATH\\index.php')
CRITICAL - 2023-01-13 08:42:56 --> Call to a member function move() on null
in APPPATH\Controllers\AdminController.php on line 36.
 1 SYSTEMPATH\CodeIgniter.php(925): App\Controllers\AdminController->new_package()
 2 SYSTEMPATH\CodeIgniter.php(480): CodeIgniter\CodeIgniter->runController(Object(App\Controllers\AdminController))
 3 SYSTEMPATH\CodeIgniter.php(349): CodeIgniter\CodeIgniter->handleRequest(null, Object(Config\Cache), false)
 4 FCPATH\index.php(67): CodeIgniter\CodeIgniter->run()
 5 SYSTEMPATH\Commands\Server\rewrite.php(47): require_once('FCPATH\\index.php')
CRITICAL - 2023-01-13 08:45:27 --> Call to a member function move() on null
in APPPATH\Controllers\AdminController.php on line 36.
 1 SYSTEMPATH\CodeIgniter.php(925): App\Controllers\AdminController->new_package()
 2 SYSTEMPATH\CodeIgniter.php(480): CodeIgniter\CodeIgniter->runController(Object(App\Controllers\AdminController))
 3 SYSTEMPATH\CodeIgniter.php(349): CodeIgniter\CodeIgniter->handleRequest(null, Object(Config\Cache), false)
 4 FCPATH\index.php(67): CodeIgniter\CodeIgniter->run()
 5 SYSTEMPATH\Commands\Server\rewrite.php(47): require_once('FCPATH\\index.php')
CRITICAL - 2023-01-13 08:47:01 --> Call to a member function move() on null
in APPPATH\Controllers\AdminController.php on line 36.
 1 SYSTEMPATH\CodeIgniter.php(925): App\Controllers\AdminController->new_package()
 2 SYSTEMPATH\CodeIgniter.php(480): CodeIgniter\CodeIgniter->runController(Object(App\Controllers\AdminController))
 3 SYSTEMPATH\CodeIgniter.php(349): CodeIgniter\CodeIgniter->handleRequest(null, Object(Config\Cache), false)
 4 FCPATH\index.php(67): CodeIgniter\CodeIgniter->run()
 5 SYSTEMPATH\Commands\Server\rewrite.php(47): require_once('FCPATH\\index.php')
CRITICAL - 2023-01-13 08:48:31 --> Call to a member function move() on null
in APPPATH\Controllers\AdminController.php on line 36.
 1 SYSTEMPATH\CodeIgniter.php(925): App\Controllers\AdminController->new_package()
 2 SYSTEMPATH\CodeIgniter.php(480): CodeIgniter\CodeIgniter->runController(Object(App\Controllers\AdminController))
 3 SYSTEMPATH\CodeIgniter.php(349): CodeIgniter\CodeIgniter->handleRequest(null, Object(Config\Cache), false)
 4 FCPATH\index.php(67): CodeIgniter\CodeIgniter->run()
 5 SYSTEMPATH\Commands\Server\rewrite.php(47): require_once('FCPATH\\index.php')
CRITICAL - 2023-01-13 08:50:55 --> Call to a member function move() on null
in APPPATH\Controllers\AdminController.php on line 36.
 1 SYSTEMPATH\CodeIgniter.php(925): App\Controllers\AdminController->new_package()
 2 SYSTEMPATH\CodeIgniter.php(480): CodeIgniter\CodeIgniter->runController(Object(App\Controllers\AdminController))
 3 SYSTEMPATH\CodeIgniter.php(349): CodeIgniter\CodeIgniter->handleRequest(null, Object(Config\Cache), false)
 4 FCPATH\index.php(67): CodeIgniter\CodeIgniter->run()
 5 SYSTEMPATH\Commands\Server\rewrite.php(47): require_once('FCPATH\\index.php')
CRITICAL - 2023-01-13 08:52:06 --> Call to a member function move() on null
in APPPATH\Controllers\AdminController.php on line 36.
 1 SYSTEMPATH\CodeIgniter.php(925): App\Controllers\AdminController->new_package()
 2 SYSTEMPATH\CodeIgniter.php(480): CodeIgniter\CodeIgniter->runController(Object(App\Controllers\AdminController))
 3 SYSTEMPATH\CodeIgniter.php(349): CodeIgniter\CodeIgniter->handleRequest(null, Object(Config\Cache), false)
 4 FCPATH\index.php(67): CodeIgniter\CodeIgniter->run()
 5 SYSTEMPATH\Commands\Server\rewrite.php(47): require_once('FCPATH\\index.php')
CRITICAL - 2023-01-13 08:57:24 --> Call to a member function move() on null
in APPPATH\Controllers\AdminController.php on line 36.
 1 SYSTEMPATH\CodeIgniter.php(925): App\Controllers\AdminController->new_package()
 2 SYSTEMPATH\CodeIgniter.php(480): CodeIgniter\CodeIgniter->runController(Object(App\Controllers\AdminController))
 3 SYSTEMPATH\CodeIgniter.php(349): CodeIgniter\CodeIgniter->handleRequest(null, Object(Config\Cache), false)
 4 FCPATH\index.php(67): CodeIgniter\CodeIgniter->run()
 5 SYSTEMPATH\Commands\Server\rewrite.php(47): require_once('FCPATH\\index.php')
CRITICAL - 2023-01-13 08:58:57 --> Call to a member function move() on null
in APPPATH\Controllers\AdminController.php on line 36.
 1 SYSTEMPATH\CodeIgniter.php(925): App\Controllers\AdminController->new_package()
 2 SYSTEMPATH\CodeIgniter.php(480): CodeIgniter\CodeIgniter->runController(Object(App\Controllers\AdminController))
 3 SYSTEMPATH\CodeIgniter.php(349): CodeIgniter\CodeIgniter->handleRequest(null, Object(Config\Cache), false)
 4 FCPATH\index.php(67): CodeIgniter\CodeIgniter->run()
 5 SYSTEMPATH\Commands\Server\rewrite.php(47): require_once('FCPATH\\index.php')
CRITICAL - 2023-01-13 09:03:44 --> Call to a member function move() on null
in APPPATH\Controllers\AdminController.php on line 36.
 1 SYSTEMPATH\CodeIgniter.php(925): App\Controllers\AdminController->new_package()
 2 SYSTEMPATH\CodeIgniter.php(480): CodeIgniter\CodeIgniter->runController(Object(App\Controllers\AdminController))
 3 SYSTEMPATH\CodeIgniter.php(349): CodeIgniter\CodeIgniter->handleRequest(null, Object(Config\Cache), false)
 4 FCPATH\index.php(67): CodeIgniter\CodeIgniter->run()
 5 SYSTEMPATH\Commands\Server\rewrite.php(47): require_once('FCPATH\\index.php')
ERROR - 2023-01-13 09:06:17 --> mysqli_sql_exception: Column 'package_availability' cannot be null in C:\laragon\www\AtoZ-catering\AtoZ\vendor\codeigniter4\framework\system\Database\MySQLi\Connection.php:292
Stack trace:
#0 C:\laragon\www\AtoZ-catering\AtoZ\vendor\codeigniter4\framework\system\Database\MySQLi\Connection.php(292): mysqli->query('INSERT INTO `pa...', 0)
#1 C:\laragon\www\AtoZ-catering\AtoZ\vendor\codeigniter4\framework\system\Database\BaseConnection.php(666): CodeIgniter\Database\MySQLi\Connection->execute('INSERT INTO `pa...')
#2 C:\laragon\www\AtoZ-catering\AtoZ\vendor\codeigniter4\framework\system\Database\BaseConnection.php(593): CodeIgniter\Database\BaseConnection->simpleQuery('INSERT INTO `pa...')
#3 C:\laragon\www\AtoZ-catering\AtoZ\vendor\codeigniter4\framework\system\Database\BaseBuilder.php(1916): CodeIgniter\Database\BaseConnection->query('INSERT INTO `pa...', Array, false)
#4 C:\laragon\www\AtoZ-catering\AtoZ\vendor\codeigniter4\framework\system\Model.php(303): CodeIgniter\Database\BaseBuilder->insert()
#5 C:\laragon\www\AtoZ-catering\AtoZ\vendor\codeigniter4\framework\system\BaseModel.php(750): CodeIgniter\Model->doInsert(Array)
#6 C:\laragon\www\AtoZ-catering\AtoZ\vendor\codeigniter4\framework\system\Model.php(695): CodeIgniter\BaseModel->insert(Array, false)
#7 C:\laragon\www\AtoZ-catering\AtoZ\vendor\codeigniter4\framework\system\BaseModel.php(660): CodeIgniter\Model->insert(Array, false)
#8 C:\laragon\www\AtoZ-catering\AtoZ\app\Controllers\AdminController.php(47): CodeIgniter\BaseModel->save(Array)
#9 C:\laragon\www\AtoZ-catering\AtoZ\vendor\codeigniter4\framework\system\CodeIgniter.php(925): App\Controllers\AdminController->new_package()
#10 C:\laragon\www\AtoZ-catering\AtoZ\vendor\codeigniter4\framework\system\CodeIgniter.php(480): CodeIgniter\CodeIgniter->runController(Object(App\Controllers\AdminController))
#11 C:\laragon\www\AtoZ-catering\AtoZ\vendor\codeigniter4\framework\system\CodeIgniter.php(349): CodeIgniter\CodeIgniter->handleRequest(NULL, Object(Config\Cache), false)
#12 C:\laragon\www\AtoZ-catering\AtoZ\public\index.php(67): CodeIgniter\CodeIgniter->run()
#13 C:\laragon\www\AtoZ-catering\AtoZ\vendor\codeigniter4\framework\system\Commands\Server\rewrite.php(47): require_once('C:\\laragon\\www\\...')
#14 {main}
CRITICAL - 2023-01-13 09:06:17 --> Column 'package_availability' cannot be null
in SYSTEMPATH\Database\MySQLi\Connection.php on line 292.
 1 SYSTEMPATH\Database\MySQLi\Connection.php(292): mysqli->query('INSERT INTO `package` (`package_name`, `package_details`, `package_amount`, `package_image`, `package_availability`) VALUES (\'Package 1\', \'Lumpia\', \'200.00\', \'1_bTs0NsqShIanns-eibWGUw-removebg-preview.png\', NULL)', 0)
 2 SYSTEMPATH\Database\BaseConnection.php(666): CodeIgniter\Database\MySQLi\Connection->execute('INSERT INTO `package` (`package_name`, `package_details`, `package_amount`, `package_image`, `package_availability`) VALUES (\'Package 1\', \'Lumpia\', \'200.00\', \'1_bTs0NsqShIanns-eibWGUw-removebg-preview.png\', NULL)')
 3 SYSTEMPATH\Database\BaseConnection.php(593): CodeIgniter\Database\BaseConnection->simpleQuery('INSERT INTO `package` (`package_name`, `package_details`, `package_amount`, `package_image`, `package_availability`) VALUES (\'Package 1\', \'Lumpia\', \'200.00\', \'1_bTs0NsqShIanns-eibWGUw-removebg-preview.png\', NULL)')
 4 SYSTEMPATH\Database\BaseBuilder.php(1916): CodeIgniter\Database\BaseConnection->query('INSERT INTO `package` (`package_name`, `package_details`, `package_amount`, `package_image`, `package_availability`) VALUES (:package_name:, :package_details:, :package_amount:, :package_image:, :package_availability:)', [...], false)
 5 SYSTEMPATH\Model.php(303): CodeIgniter\Database\BaseBuilder->insert()
 6 SYSTEMPATH\BaseModel.php(750): CodeIgniter\Model->doInsert([...])
 7 SYSTEMPATH\Model.php(695): CodeIgniter\BaseModel->insert([...], false)
 8 SYSTEMPATH\BaseModel.php(660): CodeIgniter\Model->insert([...], false)
 9 APPPATH\Controllers\AdminController.php(47): CodeIgniter\BaseModel->save([...])
10 SYSTEMPATH\CodeIgniter.php(925): App\Controllers\AdminController->new_package()
11 SYSTEMPATH\CodeIgniter.php(480): CodeIgniter\CodeIgniter->runController(Object(App\Controllers\AdminController))
12 SYSTEMPATH\CodeIgniter.php(349): CodeIgniter\CodeIgniter->handleRequest(null, Object(Config\Cache), false)
13 FCPATH\index.php(67): CodeIgniter\CodeIgniter->run()
14 SYSTEMPATH\Commands\Server\rewrite.php(47): require_once('FCPATH\\index.php')
ERROR - 2023-01-13 09:07:26 --> mysqli_sql_exception: Column 'package_availability' cannot be null in C:\laragon\www\AtoZ-catering\AtoZ\vendor\codeigniter4\framework\system\Database\MySQLi\Connection.php:292
Stack trace:
#0 C:\laragon\www\AtoZ-catering\AtoZ\vendor\codeigniter4\framework\system\Database\MySQLi\Connection.php(292): mysqli->query('INSERT INTO `pa...', 0)
#1 C:\laragon\www\AtoZ-catering\AtoZ\vendor\codeigniter4\framework\system\Database\BaseConnection.php(666): CodeIgniter\Database\MySQLi\Connection->execute('INSERT INTO `pa...')
#2 C:\laragon\www\AtoZ-catering\AtoZ\vendor\codeigniter4\framework\system\Database\BaseConnection.php(593): CodeIgniter\Database\BaseConnection->simpleQuery('INSERT INTO `pa...')
#3 C:\laragon\www\AtoZ-catering\AtoZ\vendor\codeigniter4\framework\system\Database\BaseBuilder.php(1916): CodeIgniter\Database\BaseConnection->query('INSERT INTO `pa...', Array, false)
#4 C:\laragon\www\AtoZ-catering\AtoZ\vendor\codeigniter4\framework\system\Model.php(303): CodeIgniter\Database\BaseBuilder->insert()
#5 C:\laragon\www\AtoZ-catering\AtoZ\vendor\codeigniter4\framework\system\BaseModel.php(750): CodeIgniter\Model->doInsert(Array)
#6 C:\laragon\www\AtoZ-catering\AtoZ\vendor\codeigniter4\framework\system\Model.php(695): CodeIgniter\BaseModel->insert(Array, false)
#7 C:\laragon\www\AtoZ-catering\AtoZ\vendor\codeigniter4\framework\system\BaseModel.php(660): CodeIgniter\Model->insert(Array, false)
#8 C:\laragon\www\AtoZ-catering\AtoZ\app\Controllers\AdminController.php(47): CodeIgniter\BaseModel->save(Array)
#9 C:\laragon\www\AtoZ-catering\AtoZ\vendor\codeigniter4\framework\system\CodeIgniter.php(925): App\Controllers\AdminController->new_package()
#10 C:\laragon\www\AtoZ-catering\AtoZ\vendor\codeigniter4\framework\system\CodeIgniter.php(480): CodeIgniter\CodeIgniter->runController(Object(App\Controllers\AdminController))
#11 C:\laragon\www\AtoZ-catering\AtoZ\vendor\codeigniter4\framework\system\CodeIgniter.php(349): CodeIgniter\CodeIgniter->handleRequest(NULL, Object(Config\Cache), false)
#12 C:\laragon\www\AtoZ-catering\AtoZ\public\index.php(67): CodeIgniter\CodeIgniter->run()
#13 C:\laragon\www\AtoZ-catering\AtoZ\vendor\codeigniter4\framework\system\Commands\Server\rewrite.php(47): require_once('C:\\laragon\\www\\...')
#14 {main}
CRITICAL - 2023-01-13 09:07:26 --> Column 'package_availability' cannot be null
in SYSTEMPATH\Database\MySQLi\Connection.php on line 292.
 1 SYSTEMPATH\Database\MySQLi\Connection.php(292): mysqli->query('INSERT INTO `package` (`package_name`, `package_details`, `package_amount`, `package_image`, `package_availability`) VALUES (\'Package 1\', \'Lumpia\', \'200.00\', \'287707634_393171242614934_4983530222573051779_n-removebg-preview.png\', NULL)', 0)
 2 SYSTEMPATH\Database\BaseConnection.php(666): CodeIgniter\Database\MySQLi\Connection->execute('INSERT INTO `package` (`package_name`, `package_details`, `package_amount`, `package_image`, `package_availability`) VALUES (\'Package 1\', \'Lumpia\', \'200.00\', \'287707634_393171242614934_4983530222573051779_n-removebg-preview.png\', NULL)')
 3 SYSTEMPATH\Database\BaseConnection.php(593): CodeIgniter\Database\BaseConnection->simpleQuery('INSERT INTO `package` (`package_name`, `package_details`, `package_amount`, `package_image`, `package_availability`) VALUES (\'Package 1\', \'Lumpia\', \'200.00\', \'287707634_393171242614934_4983530222573051779_n-removebg-preview.png\', NULL)')
 4 SYSTEMPATH\Database\BaseBuilder.php(1916): CodeIgniter\Database\BaseConnection->query('INSERT INTO `package` (`package_name`, `package_details`, `package_amount`, `package_image`, `package_availability`) VALUES (:package_name:, :package_details:, :package_amount:, :package_image:, :package_availability:)', [...], false)
 5 SYSTEMPATH\Model.php(303): CodeIgniter\Database\BaseBuilder->insert()
 6 SYSTEMPATH\BaseModel.php(750): CodeIgniter\Model->doInsert([...])
 7 SYSTEMPATH\Model.php(695): CodeIgniter\BaseModel->insert([...], false)
 8 SYSTEMPATH\BaseModel.php(660): CodeIgniter\Model->insert([...], false)
 9 APPPATH\Controllers\AdminController.php(47): CodeIgniter\BaseModel->save([...])
10 SYSTEMPATH\CodeIgniter.php(925): App\Controllers\AdminController->new_package()
11 SYSTEMPATH\CodeIgniter.php(480): CodeIgniter\CodeIgniter->runController(Object(App\Controllers\AdminController))
12 SYSTEMPATH\CodeIgniter.php(349): CodeIgniter\CodeIgniter->handleRequest(null, Object(Config\Cache), false)
13 FCPATH\index.php(67): CodeIgniter\CodeIgniter->run()
14 SYSTEMPATH\Commands\Server\rewrite.php(47): require_once('FCPATH\\index.php')
