CRITICAL - 2023-01-09 01:10:47 --> Class "App\Controllers\AdminModel" not found
in APPPATH\Controllers\ProfileController.php on line 17.
 1 SYSTEMPATH\CodeIgniter.php(925): App\Controllers\ProfileController->dashboard()
 2 SYSTEMPATH\CodeIgniter.php(480): CodeIgniter\CodeIgniter->runController(Object(App\Controllers\ProfileController))
 3 SYSTEMPATH\CodeIgniter.php(349): CodeIgniter\CodeIgniter->handleRequest(null, Object(Config\Cache), false)
 4 FCPATH\index.php(67): CodeIgniter\CodeIgniter->run()
 5 SYSTEMPATH\Commands\Server\rewrite.php(47): require_once('FCPATH\\index.php')
CRITICAL - 2023-01-09 01:11:14 --> Call to undefined method App\Models\AdminModel::selecount
in SYSTEMPATH\Model.php on line 807.
 1 APPPATH\Controllers\ProfileController.php(18): CodeIgniter\Model->__call('selecount', [...])
 2 SYSTEMPATH\CodeIgniter.php(925): App\Controllers\ProfileController->dashboard()
 3 SYSTEMPATH\CodeIgniter.php(480): CodeIgniter\CodeIgniter->runController(Object(App\Controllers\ProfileController))
 4 SYSTEMPATH\CodeIgniter.php(349): CodeIgniter\CodeIgniter->handleRequest(null, Object(Config\Cache), false)
 5 FCPATH\index.php(67): CodeIgniter\CodeIgniter->run()
 6 SYSTEMPATH\Commands\Server\rewrite.php(47): require_once('FCPATH\\index.php')
CRITICAL - 2023-01-09 01:11:38 --> Object of class App\Models\AdminModel could not be converted to string
in APPPATH\Views\admin\dashboard.php on line 73.
 1 SYSTEMPATH\View\View.php(213): include()
 2 SYSTEMPATH\View\View.php(216): CodeIgniter\View\View->CodeIgniter\View\{closure}()
 3 SYSTEMPATH\Common.php(1135): CodeIgniter\View\View->render('admin/dashboard', [], true)
 4 APPPATH\Controllers\ProfileController.php(19): view('admin/dashboard', [...])
 5 SYSTEMPATH\CodeIgniter.php(925): App\Controllers\ProfileController->dashboard()
 6 SYSTEMPATH\CodeIgniter.php(480): CodeIgniter\CodeIgniter->runController(Object(App\Controllers\ProfileController))
 7 SYSTEMPATH\CodeIgniter.php(349): CodeIgniter\CodeIgniter->handleRequest(null, Object(Config\Cache), false)
 8 FCPATH\index.php(67): CodeIgniter\CodeIgniter->run()
 9 SYSTEMPATH\Commands\Server\rewrite.php(47): require_once('FCPATH\\index.php')
CRITICAL - 2023-01-09 01:12:30 --> Cannot use object of type App\Models\AdminModel as array
in APPPATH\Views\admin\dashboard.php on line 73.
 1 SYSTEMPATH\View\View.php(213): include()
 2 SYSTEMPATH\View\View.php(216): CodeIgniter\View\View->CodeIgniter\View\{closure}()
 3 SYSTEMPATH\Common.php(1135): CodeIgniter\View\View->render('admin/dashboard', [], true)
 4 APPPATH\Controllers\ProfileController.php(19): view('admin/dashboard', [...])
 5 SYSTEMPATH\CodeIgniter.php(925): App\Controllers\ProfileController->dashboard()
 6 SYSTEMPATH\CodeIgniter.php(480): CodeIgniter\CodeIgniter->runController(Object(App\Controllers\ProfileController))
 7 SYSTEMPATH\CodeIgniter.php(349): CodeIgniter\CodeIgniter->handleRequest(null, Object(Config\Cache), false)
 8 FCPATH\index.php(67): CodeIgniter\CodeIgniter->run()
 9 SYSTEMPATH\Commands\Server\rewrite.php(47): require_once('FCPATH\\index.php')
CRITICAL - 2023-01-09 01:19:45 --> Undefined variable $booking
in APPPATH\Views\admin\dashboard.php on line 3.
 1 APPPATH\Views\admin\dashboard.php(3): CodeIgniter\Debug\Exceptions->errorHandler(2, 'Undefined variable $booking', 'APPPATH\\Views\\admin\\dashboard.php', 3)
 2 SYSTEMPATH\View\View.php(213): include('APPPATH\\Views\\admin\\dashboard.php')
 3 SYSTEMPATH\View\View.php(216): CodeIgniter\View\View->CodeIgniter\View\{closure}()
 4 SYSTEMPATH\Common.php(1135): CodeIgniter\View\View->render('admin/dashboard', [], true)
 5 APPPATH\Controllers\ProfileController.php(19): view('admin/dashboard', [...])
 6 SYSTEMPATH\CodeIgniter.php(925): App\Controllers\ProfileController->dashboard()
 7 SYSTEMPATH\CodeIgniter.php(480): CodeIgniter\CodeIgniter->runController(Object(App\Controllers\ProfileController))
 8 SYSTEMPATH\CodeIgniter.php(349): CodeIgniter\CodeIgniter->handleRequest(null, Object(Config\Cache), false)
 9 FCPATH\index.php(67): CodeIgniter\CodeIgniter->run()
10 SYSTEMPATH\Commands\Server\rewrite.php(47): require_once('FCPATH\\index.php')
CRITICAL - 2023-01-09 01:19:57 --> Undefined variable $book
in APPPATH\Views\admin\dashboard.php on line 3.
 1 APPPATH\Views\admin\dashboard.php(3): CodeIgniter\Debug\Exceptions->errorHandler(2, 'Undefined variable $book', 'APPPATH\\Views\\admin\\dashboard.php', 3)
 2 SYSTEMPATH\View\View.php(213): include('APPPATH\\Views\\admin\\dashboard.php')
 3 SYSTEMPATH\View\View.php(216): CodeIgniter\View\View->CodeIgniter\View\{closure}()
 4 SYSTEMPATH\Common.php(1135): CodeIgniter\View\View->render('admin/dashboard', [], true)
 5 APPPATH\Controllers\ProfileController.php(19): view('admin/dashboard', [...])
 6 SYSTEMPATH\CodeIgniter.php(925): App\Controllers\ProfileController->dashboard()
 7 SYSTEMPATH\CodeIgniter.php(480): CodeIgniter\CodeIgniter->runController(Object(App\Controllers\ProfileController))
 8 SYSTEMPATH\CodeIgniter.php(349): CodeIgniter\CodeIgniter->handleRequest(null, Object(Config\Cache), false)
 9 FCPATH\index.php(67): CodeIgniter\CodeIgniter->run()
10 SYSTEMPATH\Commands\Server\rewrite.php(47): require_once('FCPATH\\index.php')
CRITICAL - 2023-01-09 01:21:31 --> Undefined variable $books
in APPPATH\Views\admin\dashboard.php on line 3.
 1 APPPATH\Views\admin\dashboard.php(3): CodeIgniter\Debug\Exceptions->errorHandler(2, 'Undefined variable $books', 'APPPATH\\Views\\admin\\dashboard.php', 3)
 2 SYSTEMPATH\View\View.php(213): include('APPPATH\\Views\\admin\\dashboard.php')
 3 SYSTEMPATH\View\View.php(216): CodeIgniter\View\View->CodeIgniter\View\{closure}()
 4 SYSTEMPATH\Common.php(1135): CodeIgniter\View\View->render('admin/dashboard', [], true)
 5 APPPATH\Controllers\ProfileController.php(19): view('admin/dashboard', [...])
 6 SYSTEMPATH\CodeIgniter.php(925): App\Controllers\ProfileController->dashboard()
 7 SYSTEMPATH\CodeIgniter.php(480): CodeIgniter\CodeIgniter->runController(Object(App\Controllers\ProfileController))
 8 SYSTEMPATH\CodeIgniter.php(349): CodeIgniter\CodeIgniter->handleRequest(null, Object(Config\Cache), false)
 9 FCPATH\index.php(67): CodeIgniter\CodeIgniter->run()
10 SYSTEMPATH\Commands\Server\rewrite.php(47): require_once('FCPATH\\index.php')
