CRITICAL - 2023-01-08 07:20:05 --> Invalid file: guest/insdex.php
in SYSTEMPATH\Exceptions\FrameworkException.php on line 33.
 1 SYSTEMPATH\View\View.php(201): CodeIgniter\Exceptions\FrameworkException::forInvalidFile('guest/insdex.php')
 2 SYSTEMPATH\Common.php(1135): CodeIgniter\View\View->render('guest/insdex', [], true)
 3 APPPATH\Controllers\GuestController.php(9): view('guest/insdex')
 4 SYSTEMPATH\CodeIgniter.php(925): App\Controllers\GuestController->index()
 5 SYSTEMPATH\CodeIgniter.php(480): CodeIgniter\CodeIgniter->runController(Object(App\Controllers\GuestController))
 6 SYSTEMPATH\CodeIgniter.php(349): CodeIgniter\CodeIgniter->handleRequest(null, Object(Config\Cache), false)
 7 FCPATH\index.php(67): CodeIgniter\CodeIgniter->run()
 8 SYSTEMPATH\Commands\Server\rewrite.php(47): require_once('FCPATH\\index.php')
CRITICAL - 2023-01-08 08:24:17 --> Invalid file: auth/signin.php
in SYSTEMPATH\Exceptions\FrameworkException.php on line 33.
 1 SYSTEMPATH\View\View.php(201): CodeIgniter\Exceptions\FrameworkException::forInvalidFile('auth/signin.php')
 2 SYSTEMPATH\Common.php(1135): CodeIgniter\View\View->render('auth/signin', [], true)
 3 APPPATH\Controllers\SigninController.php(11): view('auth/signin')
 4 SYSTEMPATH\CodeIgniter.php(925): App\Controllers\SigninController->index()
 5 SYSTEMPATH\CodeIgniter.php(480): CodeIgniter\CodeIgniter->runController(Object(App\Controllers\SigninController))
 6 SYSTEMPATH\CodeIgniter.php(349): CodeIgniter\CodeIgniter->handleRequest(null, Object(Config\Cache), false)
 7 FCPATH\index.php(67): CodeIgniter\CodeIgniter->run()
 8 SYSTEMPATH\Commands\Server\rewrite.php(47): require_once('FCPATH\\index.php')
CRITICAL - 2023-01-08 08:25:29 --> Invalid file: auth/signin.php
in SYSTEMPATH\Exceptions\FrameworkException.php on line 33.
 1 SYSTEMPATH\View\View.php(201): CodeIgniter\Exceptions\FrameworkException::forInvalidFile('auth/signin.php')
 2 SYSTEMPATH\Common.php(1135): CodeIgniter\View\View->render('auth/signin', [], true)
 3 APPPATH\Controllers\SigninController.php(11): view('auth/signin')
 4 SYSTEMPATH\CodeIgniter.php(925): App\Controllers\SigninController->index()
 5 SYSTEMPATH\CodeIgniter.php(480): CodeIgniter\CodeIgniter->runController(Object(App\Controllers\SigninController))
 6 SYSTEMPATH\CodeIgniter.php(349): CodeIgniter\CodeIgniter->handleRequest(null, Object(Config\Cache), false)
 7 FCPATH\index.php(67): CodeIgniter\CodeIgniter->run()
 8 SYSTEMPATH\Commands\Server\rewrite.php(47): require_once('FCPATH\\index.php')
