CRITICAL - 2022-12-25 00:00:19 --> Call to a member function where() on string
in APPPATH\Controllers\Package.php on line 61.
 1 SYSTEMPATH\CodeIgniter.php(925): App\Controllers\Package->addtocart()
 2 SYSTEMPATH\CodeIgniter.php(480): CodeIgniter\CodeIgniter->runController(Object(App\Controllers\Package))
 3 SYSTEMPATH\CodeIgniter.php(349): CodeIgniter\CodeIgniter->handleRequest(null, Object(Config\Cache), false)
 4 FCPATH\index.php(67): CodeIgniter\CodeIgniter->run()
 5 SYSTEMPATH\Commands\Server\rewrite.php(47): require_once('FCPATH\\index.php')
CRITICAL - 2022-12-25 01:24:54 --> Undefined property: App\Controllers\Package::$cart
in APPPATH\Controllers\Package.php on line 64.
 1 APPPATH\Controllers\Package.php(64): CodeIgniter\Debug\Exceptions->errorHandler(2, 'Undefined property: App\\Controllers\\Package::$cart', 'APPPATH\\Controllers\\Package.php', 64)
 2 SYSTEMPATH\CodeIgniter.php(925): App\Controllers\Package->addtocart()
 3 SYSTEMPATH\CodeIgniter.php(480): CodeIgniter\CodeIgniter->runController(Object(App\Controllers\Package))
 4 SYSTEMPATH\CodeIgniter.php(349): CodeIgniter\CodeIgniter->handleRequest(null, Object(Config\Cache), false)
 5 FCPATH\index.php(67): CodeIgniter\CodeIgniter->run()
 6 SYSTEMPATH\Commands\Server\rewrite.php(47): require_once('FCPATH\\index.php')
CRITICAL - 2022-12-25 01:26:19 --> Undefined property: App\Controllers\Package::$cart
in APPPATH\Controllers\Package.php on line 64.
 1 APPPATH\Controllers\Package.php(64): CodeIgniter\Debug\Exceptions->errorHandler(2, 'Undefined property: App\\Controllers\\Package::$cart', 'APPPATH\\Controllers\\Package.php', 64)
 2 SYSTEMPATH\CodeIgniter.php(925): App\Controllers\Package->addtocart()
 3 SYSTEMPATH\CodeIgniter.php(480): CodeIgniter\CodeIgniter->runController(Object(App\Controllers\Package))
 4 SYSTEMPATH\CodeIgniter.php(349): CodeIgniter\CodeIgniter->handleRequest(null, Object(Config\Cache), false)
 5 FCPATH\index.php(67): CodeIgniter\CodeIgniter->run()
 6 SYSTEMPATH\Commands\Server\rewrite.php(47): require_once('FCPATH\\index.php')
CRITICAL - 2022-12-25 01:26:39 --> Undefined property: App\Controllers\Package::$cart
in APPPATH\Controllers\Package.php on line 64.
 1 APPPATH\Controllers\Package.php(64): CodeIgniter\Debug\Exceptions->errorHandler(2, 'Undefined property: App\\Controllers\\Package::$cart', 'APPPATH\\Controllers\\Package.php', 64)
 2 SYSTEMPATH\CodeIgniter.php(925): App\Controllers\Package->addtocart()
 3 SYSTEMPATH\CodeIgniter.php(480): CodeIgniter\CodeIgniter->runController(Object(App\Controllers\Package))
 4 SYSTEMPATH\CodeIgniter.php(349): CodeIgniter\CodeIgniter->handleRequest(null, Object(Config\Cache), false)
 5 FCPATH\index.php(67): CodeIgniter\CodeIgniter->run()
 6 SYSTEMPATH\Commands\Server\rewrite.php(47): require_once('FCPATH\\index.php')
CRITICAL - 2022-12-25 01:27:08 --> Undefined property: App\Controllers\Package::$cart
in APPPATH\Controllers\Package.php on line 64.
 1 APPPATH\Controllers\Package.php(64): CodeIgniter\Debug\Exceptions->errorHandler(2, 'Undefined property: App\\Controllers\\Package::$cart', 'APPPATH\\Controllers\\Package.php', 64)
 2 SYSTEMPATH\CodeIgniter.php(925): App\Controllers\Package->addtocart()
 3 SYSTEMPATH\CodeIgniter.php(480): CodeIgniter\CodeIgniter->runController(Object(App\Controllers\Package))
 4 SYSTEMPATH\CodeIgniter.php(349): CodeIgniter\CodeIgniter->handleRequest(null, Object(Config\Cache), false)
 5 FCPATH\index.php(67): CodeIgniter\CodeIgniter->run()
 6 SYSTEMPATH\Commands\Server\rewrite.php(47): require_once('FCPATH\\index.php')
CRITICAL - 2022-12-25 01:27:21 --> Undefined property: App\Controllers\Package::$cart
in APPPATH\Controllers\Package.php on line 64.
 1 APPPATH\Controllers\Package.php(64): CodeIgniter\Debug\Exceptions->errorHandler(2, 'Undefined property: App\\Controllers\\Package::$cart', 'APPPATH\\Controllers\\Package.php', 64)
 2 SYSTEMPATH\CodeIgniter.php(925): App\Controllers\Package->addtocart()
 3 SYSTEMPATH\CodeIgniter.php(480): CodeIgniter\CodeIgniter->runController(Object(App\Controllers\Package))
 4 SYSTEMPATH\CodeIgniter.php(349): CodeIgniter\CodeIgniter->handleRequest(null, Object(Config\Cache), false)
 5 FCPATH\index.php(67): CodeIgniter\CodeIgniter->run()
 6 SYSTEMPATH\Commands\Server\rewrite.php(47): require_once('FCPATH\\index.php')
CRITICAL - 2022-12-25 01:28:30 --> Undefined property: App\Controllers\Package::$cart
in APPPATH\Controllers\Package.php on line 64.
 1 APPPATH\Controllers\Package.php(64): CodeIgniter\Debug\Exceptions->errorHandler(2, 'Undefined property: App\\Controllers\\Package::$cart', 'APPPATH\\Controllers\\Package.php', 64)
 2 SYSTEMPATH\CodeIgniter.php(925): App\Controllers\Package->addtocart()
 3 SYSTEMPATH\CodeIgniter.php(480): CodeIgniter\CodeIgniter->runController(Object(App\Controllers\Package))
 4 SYSTEMPATH\CodeIgniter.php(349): CodeIgniter\CodeIgniter->handleRequest(null, Object(Config\Cache), false)
 5 FCPATH\index.php(67): CodeIgniter\CodeIgniter->run()
 6 SYSTEMPATH\Commands\Server\rewrite.php(47): require_once('FCPATH\\index.php')
CRITICAL - 2022-12-25 01:28:53 --> syntax error, unexpected token "else"
in APPPATH\Controllers\Package.php on line 71.
 1 SYSTEMPATH\Autoloader\Autoloader.php(260): CodeIgniter\Autoloader\Autoloader->includeFile('APPPATH\\Controllers\\Package.php')
 2 SYSTEMPATH\Autoloader\Autoloader.php(238): CodeIgniter\Autoloader\Autoloader->loadInNamespace('App\\Controllers\\Package')
 3 [internal function]: CodeIgniter\Autoloader\Autoloader->loadClass('App\\Controllers\\Package')
 4 SYSTEMPATH\CodeIgniter.php(875): class_exists('\\App\\Controllers\\Package', true)
 5 SYSTEMPATH\CodeIgniter.php(467): CodeIgniter\CodeIgniter->startController()
 6 SYSTEMPATH\CodeIgniter.php(349): CodeIgniter\CodeIgniter->handleRequest(null, Object(Config\Cache), false)
 7 FCPATH\index.php(67): CodeIgniter\CodeIgniter->run()
 8 SYSTEMPATH\Commands\Server\rewrite.php(47): require_once('FCPATH\\index.php')
CRITICAL - 2022-12-25 01:29:19 --> Undefined property: App\Controllers\Package::$cart
in APPPATH\Controllers\Package.php on line 64.
 1 APPPATH\Controllers\Package.php(64): CodeIgniter\Debug\Exceptions->errorHandler(2, 'Undefined property: App\\Controllers\\Package::$cart', 'APPPATH\\Controllers\\Package.php', 64)
 2 SYSTEMPATH\CodeIgniter.php(925): App\Controllers\Package->addtocart()
 3 SYSTEMPATH\CodeIgniter.php(480): CodeIgniter\CodeIgniter->runController(Object(App\Controllers\Package))
 4 SYSTEMPATH\CodeIgniter.php(349): CodeIgniter\CodeIgniter->handleRequest(null, Object(Config\Cache), false)
 5 FCPATH\index.php(67): CodeIgniter\CodeIgniter->run()
 6 SYSTEMPATH\Commands\Server\rewrite.php(47): require_once('FCPATH\\index.php')
CRITICAL - 2022-12-25 01:29:55 --> Call to a member function where() on string
in APPPATH\Controllers\Package.php on line 64.
 1 SYSTEMPATH\CodeIgniter.php(925): App\Controllers\Package->addtocart()
 2 SYSTEMPATH\CodeIgniter.php(480): CodeIgniter\CodeIgniter->runController(Object(App\Controllers\Package))
 3 SYSTEMPATH\CodeIgniter.php(349): CodeIgniter\CodeIgniter->handleRequest(null, Object(Config\Cache), false)
 4 FCPATH\index.php(67): CodeIgniter\CodeIgniter->run()
 5 SYSTEMPATH\Commands\Server\rewrite.php(47): require_once('FCPATH\\index.php')
CRITICAL - 2022-12-25 01:30:02 --> Call to a member function where() on string
in APPPATH\Controllers\Package.php on line 64.
 1 SYSTEMPATH\CodeIgniter.php(925): App\Controllers\Package->addtocart()
 2 SYSTEMPATH\CodeIgniter.php(480): CodeIgniter\CodeIgniter->runController(Object(App\Controllers\Package))
 3 SYSTEMPATH\CodeIgniter.php(349): CodeIgniter\CodeIgniter->handleRequest(null, Object(Config\Cache), false)
 4 FCPATH\index.php(67): CodeIgniter\CodeIgniter->run()
 5 SYSTEMPATH\Commands\Server\rewrite.php(47): require_once('FCPATH\\index.php')
ERROR - 2022-12-25 01:43:42 --> mysqli_sql_exception: Unknown column 'status' in 'field list' in C:\wamp64\www\AtoZ\user\system\Database\MySQLi\Connection.php:292
Stack trace:
#0 C:\wamp64\www\AtoZ\user\system\Database\MySQLi\Connection.php(292): mysqli->query('INSERT INTO `ca...', 0)
#1 C:\wamp64\www\AtoZ\user\system\Database\BaseConnection.php(666): CodeIgniter\Database\MySQLi\Connection->execute('INSERT INTO `ca...')
#2 C:\wamp64\www\AtoZ\user\system\Database\BaseConnection.php(593): CodeIgniter\Database\BaseConnection->simpleQuery('INSERT INTO `ca...')
#3 C:\wamp64\www\AtoZ\user\system\Database\BaseBuilder.php(1916): CodeIgniter\Database\BaseConnection->query('INSERT INTO `ca...', Array, false)
#4 C:\wamp64\www\AtoZ\user\system\Model.php(303): CodeIgniter\Database\BaseBuilder->insert()
#5 C:\wamp64\www\AtoZ\user\system\BaseModel.php(750): CodeIgniter\Model->doInsert(Array)
#6 C:\wamp64\www\AtoZ\user\system\Model.php(695): CodeIgniter\BaseModel->insert(Array, false)
#7 C:\wamp64\www\AtoZ\user\system\BaseModel.php(660): CodeIgniter\Model->insert(Array, false)
#8 C:\wamp64\www\AtoZ\user\app\Controllers\Package.php(82): CodeIgniter\BaseModel->save(Array)
#9 C:\wamp64\www\AtoZ\user\system\CodeIgniter.php(925): App\Controllers\Package->addtocart()
#10 C:\wamp64\www\AtoZ\user\system\CodeIgniter.php(480): CodeIgniter\CodeIgniter->runController(Object(App\Controllers\Package))
#11 C:\wamp64\www\AtoZ\user\system\CodeIgniter.php(349): CodeIgniter\CodeIgniter->handleRequest(NULL, Object(Config\Cache), false)
#12 C:\wamp64\www\AtoZ\user\public\index.php(67): CodeIgniter\CodeIgniter->run()
#13 C:\wamp64\www\AtoZ\user\system\Commands\Server\rewrite.php(47): require_once('C:\\wamp64\\www\\A...')
#14 {main}
ERROR - 2022-12-25 01:44:40 --> mysqli_sql_exception: Unknown column 'status' in 'field list' in C:\wamp64\www\AtoZ\user\system\Database\MySQLi\Connection.php:292
Stack trace:
#0 C:\wamp64\www\AtoZ\user\system\Database\MySQLi\Connection.php(292): mysqli->query('INSERT INTO `ca...', 0)
#1 C:\wamp64\www\AtoZ\user\system\Database\BaseConnection.php(666): CodeIgniter\Database\MySQLi\Connection->execute('INSERT INTO `ca...')
#2 C:\wamp64\www\AtoZ\user\system\Database\BaseConnection.php(593): CodeIgniter\Database\BaseConnection->simpleQuery('INSERT INTO `ca...')
#3 C:\wamp64\www\AtoZ\user\system\Database\BaseBuilder.php(1916): CodeIgniter\Database\BaseConnection->query('INSERT INTO `ca...', Array, false)
#4 C:\wamp64\www\AtoZ\user\system\Model.php(303): CodeIgniter\Database\BaseBuilder->insert()
#5 C:\wamp64\www\AtoZ\user\system\BaseModel.php(750): CodeIgniter\Model->doInsert(Array)
#6 C:\wamp64\www\AtoZ\user\system\Model.php(695): CodeIgniter\BaseModel->insert(Array, false)
#7 C:\wamp64\www\AtoZ\user\system\BaseModel.php(660): CodeIgniter\Model->insert(Array, false)
#8 C:\wamp64\www\AtoZ\user\app\Controllers\Package.php(82): CodeIgniter\BaseModel->save(Array)
#9 C:\wamp64\www\AtoZ\user\system\CodeIgniter.php(925): App\Controllers\Package->addtocart()
#10 C:\wamp64\www\AtoZ\user\system\CodeIgniter.php(480): CodeIgniter\CodeIgniter->runController(Object(App\Controllers\Package))
#11 C:\wamp64\www\AtoZ\user\system\CodeIgniter.php(349): CodeIgniter\CodeIgniter->handleRequest(NULL, Object(Config\Cache), false)
#12 C:\wamp64\www\AtoZ\user\public\index.php(67): CodeIgniter\CodeIgniter->run()
#13 C:\wamp64\www\AtoZ\user\system\Commands\Server\rewrite.php(47): require_once('C:\\wamp64\\www\\A...')
#14 {main}
ERROR - 2022-12-25 01:46:10 --> mysqli_sql_exception: Unknown column 'status' in 'field list' in C:\wamp64\www\AtoZ\user\system\Database\MySQLi\Connection.php:292
Stack trace:
#0 C:\wamp64\www\AtoZ\user\system\Database\MySQLi\Connection.php(292): mysqli->query('INSERT INTO `ca...', 0)
#1 C:\wamp64\www\AtoZ\user\system\Database\BaseConnection.php(666): CodeIgniter\Database\MySQLi\Connection->execute('INSERT INTO `ca...')
#2 C:\wamp64\www\AtoZ\user\system\Database\BaseConnection.php(593): CodeIgniter\Database\BaseConnection->simpleQuery('INSERT INTO `ca...')
#3 C:\wamp64\www\AtoZ\user\system\Database\BaseBuilder.php(1916): CodeIgniter\Database\BaseConnection->query('INSERT INTO `ca...', Array, false)
#4 C:\wamp64\www\AtoZ\user\system\Model.php(303): CodeIgniter\Database\BaseBuilder->insert()
#5 C:\wamp64\www\AtoZ\user\system\BaseModel.php(750): CodeIgniter\Model->doInsert(Array)
#6 C:\wamp64\www\AtoZ\user\system\Model.php(695): CodeIgniter\BaseModel->insert(Array, false)
#7 C:\wamp64\www\AtoZ\user\system\BaseModel.php(660): CodeIgniter\Model->insert(Array, false)
#8 C:\wamp64\www\AtoZ\user\app\Controllers\Package.php(82): CodeIgniter\BaseModel->save(Array)
#9 C:\wamp64\www\AtoZ\user\system\CodeIgniter.php(925): App\Controllers\Package->addtocart()
#10 C:\wamp64\www\AtoZ\user\system\CodeIgniter.php(480): CodeIgniter\CodeIgniter->runController(Object(App\Controllers\Package))
#11 C:\wamp64\www\AtoZ\user\system\CodeIgniter.php(349): CodeIgniter\CodeIgniter->handleRequest(NULL, Object(Config\Cache), false)
#12 C:\wamp64\www\AtoZ\user\public\index.php(67): CodeIgniter\CodeIgniter->run()
#13 C:\wamp64\www\AtoZ\user\system\Commands\Server\rewrite.php(47): require_once('C:\\wamp64\\www\\A...')
#14 {main}
ERROR - 2022-12-25 01:46:38 --> mysqli_sql_exception: Unknown column 'status' in 'field list' in C:\wamp64\www\AtoZ\user\system\Database\MySQLi\Connection.php:292
Stack trace:
#0 C:\wamp64\www\AtoZ\user\system\Database\MySQLi\Connection.php(292): mysqli->query('INSERT INTO `ca...', 0)
#1 C:\wamp64\www\AtoZ\user\system\Database\BaseConnection.php(666): CodeIgniter\Database\MySQLi\Connection->execute('INSERT INTO `ca...')
#2 C:\wamp64\www\AtoZ\user\system\Database\BaseConnection.php(593): CodeIgniter\Database\BaseConnection->simpleQuery('INSERT INTO `ca...')
#3 C:\wamp64\www\AtoZ\user\system\Database\BaseBuilder.php(1916): CodeIgniter\Database\BaseConnection->query('INSERT INTO `ca...', Array, false)
#4 C:\wamp64\www\AtoZ\user\system\Model.php(303): CodeIgniter\Database\BaseBuilder->insert()
#5 C:\wamp64\www\AtoZ\user\system\BaseModel.php(750): CodeIgniter\Model->doInsert(Array)
#6 C:\wamp64\www\AtoZ\user\system\Model.php(695): CodeIgniter\BaseModel->insert(Array, false)
#7 C:\wamp64\www\AtoZ\user\system\BaseModel.php(660): CodeIgniter\Model->insert(Array, false)
#8 C:\wamp64\www\AtoZ\user\app\Controllers\Package.php(82): CodeIgniter\BaseModel->save(Array)
#9 C:\wamp64\www\AtoZ\user\system\CodeIgniter.php(925): App\Controllers\Package->addtocart()
#10 C:\wamp64\www\AtoZ\user\system\CodeIgniter.php(480): CodeIgniter\CodeIgniter->runController(Object(App\Controllers\Package))
#11 C:\wamp64\www\AtoZ\user\system\CodeIgniter.php(349): CodeIgniter\CodeIgniter->handleRequest(NULL, Object(Config\Cache), false)
#12 C:\wamp64\www\AtoZ\user\public\index.php(67): CodeIgniter\CodeIgniter->run()
#13 C:\wamp64\www\AtoZ\user\system\Commands\Server\rewrite.php(47): require_once('C:\\wamp64\\www\\A...')
#14 {main}
CRITICAL - 2022-12-25 01:47:02 --> Trying to access array offset on value of type null
in APPPATH\Controllers\Package.php on line 67.
 1 APPPATH\Controllers\Package.php(67): CodeIgniter\Debug\Exceptions->errorHandler(2, 'Trying to access array offset on value of type null', 'APPPATH\\Controllers\\Package.php', 67)
 2 SYSTEMPATH\CodeIgniter.php(925): App\Controllers\Package->addtocart()
 3 SYSTEMPATH\CodeIgniter.php(480): CodeIgniter\CodeIgniter->runController(Object(App\Controllers\Package))
 4 SYSTEMPATH\CodeIgniter.php(349): CodeIgniter\CodeIgniter->handleRequest(null, Object(Config\Cache), false)
 5 FCPATH\index.php(67): CodeIgniter\CodeIgniter->run()
 6 SYSTEMPATH\Commands\Server\rewrite.php(47): require_once('FCPATH\\index.php')
ERROR - 2022-12-25 01:47:27 --> mysqli_sql_exception: Unknown column 'status' in 'field list' in C:\wamp64\www\AtoZ\user\system\Database\MySQLi\Connection.php:292
Stack trace:
#0 C:\wamp64\www\AtoZ\user\system\Database\MySQLi\Connection.php(292): mysqli->query('INSERT INTO `ca...', 0)
#1 C:\wamp64\www\AtoZ\user\system\Database\BaseConnection.php(666): CodeIgniter\Database\MySQLi\Connection->execute('INSERT INTO `ca...')
#2 C:\wamp64\www\AtoZ\user\system\Database\BaseConnection.php(593): CodeIgniter\Database\BaseConnection->simpleQuery('INSERT INTO `ca...')
#3 C:\wamp64\www\AtoZ\user\system\Database\BaseBuilder.php(1916): CodeIgniter\Database\BaseConnection->query('INSERT INTO `ca...', Array, false)
#4 C:\wamp64\www\AtoZ\user\system\Model.php(303): CodeIgniter\Database\BaseBuilder->insert()
#5 C:\wamp64\www\AtoZ\user\system\BaseModel.php(750): CodeIgniter\Model->doInsert(Array)
#6 C:\wamp64\www\AtoZ\user\system\Model.php(695): CodeIgniter\BaseModel->insert(Array, false)
#7 C:\wamp64\www\AtoZ\user\system\BaseModel.php(660): CodeIgniter\Model->insert(Array, false)
#8 C:\wamp64\www\AtoZ\user\app\Controllers\Package.php(82): CodeIgniter\BaseModel->save(Array)
#9 C:\wamp64\www\AtoZ\user\system\CodeIgniter.php(925): App\Controllers\Package->addtocart()
#10 C:\wamp64\www\AtoZ\user\system\CodeIgniter.php(480): CodeIgniter\CodeIgniter->runController(Object(App\Controllers\Package))
#11 C:\wamp64\www\AtoZ\user\system\CodeIgniter.php(349): CodeIgniter\CodeIgniter->handleRequest(NULL, Object(Config\Cache), false)
#12 C:\wamp64\www\AtoZ\user\public\index.php(67): CodeIgniter\CodeIgniter->run()
#13 C:\wamp64\www\AtoZ\user\system\Commands\Server\rewrite.php(47): require_once('C:\\wamp64\\www\\A...')
#14 {main}
CRITICAL - 2022-12-25 01:47:28 --> count(): Argument #1 ($value) must be of type Countable|array, null given
in APPPATH\Controllers\Package.php on line 85.
 1 APPPATH\Controllers\Package.php(85): count(null)
 2 SYSTEMPATH\CodeIgniter.php(925): App\Controllers\Package->addtocart()
 3 SYSTEMPATH\CodeIgniter.php(480): CodeIgniter\CodeIgniter->runController(Object(App\Controllers\Package))
 4 SYSTEMPATH\CodeIgniter.php(349): CodeIgniter\CodeIgniter->handleRequest(null, Object(Config\Cache), false)
 5 FCPATH\index.php(67): CodeIgniter\CodeIgniter->run()
 6 SYSTEMPATH\Commands\Server\rewrite.php(47): require_once('FCPATH\\index.php')
ERROR - 2022-12-25 01:47:36 --> mysqli_sql_exception: Unknown column 'status' in 'field list' in C:\wamp64\www\AtoZ\user\system\Database\MySQLi\Connection.php:292
Stack trace:
#0 C:\wamp64\www\AtoZ\user\system\Database\MySQLi\Connection.php(292): mysqli->query('INSERT INTO `ca...', 0)
#1 C:\wamp64\www\AtoZ\user\system\Database\BaseConnection.php(666): CodeIgniter\Database\MySQLi\Connection->execute('INSERT INTO `ca...')
#2 C:\wamp64\www\AtoZ\user\system\Database\BaseConnection.php(593): CodeIgniter\Database\BaseConnection->simpleQuery('INSERT INTO `ca...')
#3 C:\wamp64\www\AtoZ\user\system\Database\BaseBuilder.php(1916): CodeIgniter\Database\BaseConnection->query('INSERT INTO `ca...', Array, false)
#4 C:\wamp64\www\AtoZ\user\system\Model.php(303): CodeIgniter\Database\BaseBuilder->insert()
#5 C:\wamp64\www\AtoZ\user\system\BaseModel.php(750): CodeIgniter\Model->doInsert(Array)
#6 C:\wamp64\www\AtoZ\user\system\Model.php(695): CodeIgniter\BaseModel->insert(Array, false)
#7 C:\wamp64\www\AtoZ\user\system\BaseModel.php(660): CodeIgniter\Model->insert(Array, false)
#8 C:\wamp64\www\AtoZ\user\app\Controllers\Package.php(82): CodeIgniter\BaseModel->save(Array)
#9 C:\wamp64\www\AtoZ\user\system\CodeIgniter.php(925): App\Controllers\Package->addtocart()
#10 C:\wamp64\www\AtoZ\user\system\CodeIgniter.php(480): CodeIgniter\CodeIgniter->runController(Object(App\Controllers\Package))
#11 C:\wamp64\www\AtoZ\user\system\CodeIgniter.php(349): CodeIgniter\CodeIgniter->handleRequest(NULL, Object(Config\Cache), false)
#12 C:\wamp64\www\AtoZ\user\public\index.php(67): CodeIgniter\CodeIgniter->run()
#13 C:\wamp64\www\AtoZ\user\system\Commands\Server\rewrite.php(47): require_once('C:\\wamp64\\www\\A...')
#14 {main}
CRITICAL - 2022-12-25 01:47:36 --> Call to undefined function App\Controllers\countof()
in APPPATH\Controllers\Package.php on line 85.
 1 SYSTEMPATH\CodeIgniter.php(925): App\Controllers\Package->addtocart()
 2 SYSTEMPATH\CodeIgniter.php(480): CodeIgniter\CodeIgniter->runController(Object(App\Controllers\Package))
 3 SYSTEMPATH\CodeIgniter.php(349): CodeIgniter\CodeIgniter->handleRequest(null, Object(Config\Cache), false)
 4 FCPATH\index.php(67): CodeIgniter\CodeIgniter->run()
 5 SYSTEMPATH\Commands\Server\rewrite.php(47): require_once('FCPATH\\index.php')
ERROR - 2022-12-25 01:47:47 --> mysqli_sql_exception: Unknown column 'status' in 'field list' in C:\wamp64\www\AtoZ\user\system\Database\MySQLi\Connection.php:292
Stack trace:
#0 C:\wamp64\www\AtoZ\user\system\Database\MySQLi\Connection.php(292): mysqli->query('INSERT INTO `ca...', 0)
#1 C:\wamp64\www\AtoZ\user\system\Database\BaseConnection.php(666): CodeIgniter\Database\MySQLi\Connection->execute('INSERT INTO `ca...')
#2 C:\wamp64\www\AtoZ\user\system\Database\BaseConnection.php(593): CodeIgniter\Database\BaseConnection->simpleQuery('INSERT INTO `ca...')
#3 C:\wamp64\www\AtoZ\user\system\Database\BaseBuilder.php(1916): CodeIgniter\Database\BaseConnection->query('INSERT INTO `ca...', Array, false)
#4 C:\wamp64\www\AtoZ\user\system\Model.php(303): CodeIgniter\Database\BaseBuilder->insert()
#5 C:\wamp64\www\AtoZ\user\system\BaseModel.php(750): CodeIgniter\Model->doInsert(Array)
#6 C:\wamp64\www\AtoZ\user\system\Model.php(695): CodeIgniter\BaseModel->insert(Array, false)
#7 C:\wamp64\www\AtoZ\user\system\BaseModel.php(660): CodeIgniter\Model->insert(Array, false)
#8 C:\wamp64\www\AtoZ\user\app\Controllers\Package.php(82): CodeIgniter\BaseModel->save(Array)
#9 C:\wamp64\www\AtoZ\user\system\CodeIgniter.php(925): App\Controllers\Package->addtocart()
#10 C:\wamp64\www\AtoZ\user\system\CodeIgniter.php(480): CodeIgniter\CodeIgniter->runController(Object(App\Controllers\Package))
#11 C:\wamp64\www\AtoZ\user\system\CodeIgniter.php(349): CodeIgniter\CodeIgniter->handleRequest(NULL, Object(Config\Cache), false)
#12 C:\wamp64\www\AtoZ\user\public\index.php(67): CodeIgniter\CodeIgniter->run()
#13 C:\wamp64\www\AtoZ\user\system\Commands\Server\rewrite.php(47): require_once('C:\\wamp64\\www\\A...')
#14 {main}
CRITICAL - 2022-12-25 01:47:47 --> sizeof(): Argument #1 ($value) must be of type Countable|array, null given
in APPPATH\Controllers\Package.php on line 85.
 1 APPPATH\Controllers\Package.php(85): sizeof(null)
 2 SYSTEMPATH\CodeIgniter.php(925): App\Controllers\Package->addtocart()
 3 SYSTEMPATH\CodeIgniter.php(480): CodeIgniter\CodeIgniter->runController(Object(App\Controllers\Package))
 4 SYSTEMPATH\CodeIgniter.php(349): CodeIgniter\CodeIgniter->handleRequest(null, Object(Config\Cache), false)
 5 FCPATH\index.php(67): CodeIgniter\CodeIgniter->run()
 6 SYSTEMPATH\Commands\Server\rewrite.php(47): require_once('FCPATH\\index.php')
ERROR - 2022-12-25 01:48:17 --> mysqli_sql_exception: Unknown column 'status' in 'field list' in C:\wamp64\www\AtoZ\user\system\Database\MySQLi\Connection.php:292
Stack trace:
#0 C:\wamp64\www\AtoZ\user\system\Database\MySQLi\Connection.php(292): mysqli->query('INSERT INTO `ca...', 0)
#1 C:\wamp64\www\AtoZ\user\system\Database\BaseConnection.php(666): CodeIgniter\Database\MySQLi\Connection->execute('INSERT INTO `ca...')
#2 C:\wamp64\www\AtoZ\user\system\Database\BaseConnection.php(593): CodeIgniter\Database\BaseConnection->simpleQuery('INSERT INTO `ca...')
#3 C:\wamp64\www\AtoZ\user\system\Database\BaseBuilder.php(1916): CodeIgniter\Database\BaseConnection->query('INSERT INTO `ca...', Array, false)
#4 C:\wamp64\www\AtoZ\user\system\Model.php(303): CodeIgniter\Database\BaseBuilder->insert()
#5 C:\wamp64\www\AtoZ\user\system\BaseModel.php(750): CodeIgniter\Model->doInsert(Array)
#6 C:\wamp64\www\AtoZ\user\system\Model.php(695): CodeIgniter\BaseModel->insert(Array, false)
#7 C:\wamp64\www\AtoZ\user\system\BaseModel.php(660): CodeIgniter\Model->insert(Array, false)
#8 C:\wamp64\www\AtoZ\user\app\Controllers\Package.php(82): CodeIgniter\BaseModel->save(Array)
#9 C:\wamp64\www\AtoZ\user\system\CodeIgniter.php(925): App\Controllers\Package->addtocart()
#10 C:\wamp64\www\AtoZ\user\system\CodeIgniter.php(480): CodeIgniter\CodeIgniter->runController(Object(App\Controllers\Package))
#11 C:\wamp64\www\AtoZ\user\system\CodeIgniter.php(349): CodeIgniter\CodeIgniter->handleRequest(NULL, Object(Config\Cache), false)
#12 C:\wamp64\www\AtoZ\user\public\index.php(67): CodeIgniter\CodeIgniter->run()
#13 C:\wamp64\www\AtoZ\user\system\Commands\Server\rewrite.php(47): require_once('C:\\wamp64\\www\\A...')
#14 {main}
CRITICAL - 2022-12-25 01:48:17 --> count(): Argument #1 ($value) must be of type Countable|array, null given
in APPPATH\Controllers\Package.php on line 85.
 1 APPPATH\Controllers\Package.php(85): count(null)
 2 SYSTEMPATH\CodeIgniter.php(925): App\Controllers\Package->addtocart()
 3 SYSTEMPATH\CodeIgniter.php(480): CodeIgniter\CodeIgniter->runController(Object(App\Controllers\Package))
 4 SYSTEMPATH\CodeIgniter.php(349): CodeIgniter\CodeIgniter->handleRequest(null, Object(Config\Cache), false)
 5 FCPATH\index.php(67): CodeIgniter\CodeIgniter->run()
 6 SYSTEMPATH\Commands\Server\rewrite.php(47): require_once('FCPATH\\index.php')
ERROR - 2022-12-25 01:48:51 --> mysqli_sql_exception: Unknown column 'status' in 'field list' in C:\wamp64\www\AtoZ\user\system\Database\MySQLi\Connection.php:292
Stack trace:
#0 C:\wamp64\www\AtoZ\user\system\Database\MySQLi\Connection.php(292): mysqli->query('INSERT INTO `ca...', 0)
#1 C:\wamp64\www\AtoZ\user\system\Database\BaseConnection.php(666): CodeIgniter\Database\MySQLi\Connection->execute('INSERT INTO `ca...')
#2 C:\wamp64\www\AtoZ\user\system\Database\BaseConnection.php(593): CodeIgniter\Database\BaseConnection->simpleQuery('INSERT INTO `ca...')
#3 C:\wamp64\www\AtoZ\user\system\Database\BaseBuilder.php(1916): CodeIgniter\Database\BaseConnection->query('INSERT INTO `ca...', Array, false)
#4 C:\wamp64\www\AtoZ\user\system\Model.php(303): CodeIgniter\Database\BaseBuilder->insert()
#5 C:\wamp64\www\AtoZ\user\system\BaseModel.php(750): CodeIgniter\Model->doInsert(Array)
#6 C:\wamp64\www\AtoZ\user\system\Model.php(695): CodeIgniter\BaseModel->insert(Array, false)
#7 C:\wamp64\www\AtoZ\user\system\BaseModel.php(660): CodeIgniter\Model->insert(Array, false)
#8 C:\wamp64\www\AtoZ\user\app\Controllers\Package.php(82): CodeIgniter\BaseModel->save(Array)
#9 C:\wamp64\www\AtoZ\user\system\CodeIgniter.php(925): App\Controllers\Package->addtocart()
#10 C:\wamp64\www\AtoZ\user\system\CodeIgniter.php(480): CodeIgniter\CodeIgniter->runController(Object(App\Controllers\Package))
#11 C:\wamp64\www\AtoZ\user\system\CodeIgniter.php(349): CodeIgniter\CodeIgniter->handleRequest(NULL, Object(Config\Cache), false)
#12 C:\wamp64\www\AtoZ\user\public\index.php(67): CodeIgniter\CodeIgniter->run()
#13 C:\wamp64\www\AtoZ\user\system\Commands\Server\rewrite.php(47): require_once('C:\\wamp64\\www\\A...')
#14 {main}
CRITICAL - 2022-12-25 01:48:51 --> count(): Argument #1 ($value) must be of type Countable|array, null given
in APPPATH\Controllers\Package.php on line 85.
 1 APPPATH\Controllers\Package.php(85): count(null)
 2 SYSTEMPATH\CodeIgniter.php(925): App\Controllers\Package->addtocart()
 3 SYSTEMPATH\CodeIgniter.php(480): CodeIgniter\CodeIgniter->runController(Object(App\Controllers\Package))
 4 SYSTEMPATH\CodeIgniter.php(349): CodeIgniter\CodeIgniter->handleRequest(null, Object(Config\Cache), false)
 5 FCPATH\index.php(67): CodeIgniter\CodeIgniter->run()
 6 SYSTEMPATH\Commands\Server\rewrite.php(47): require_once('FCPATH\\index.php')
CRITICAL - 2022-12-25 01:49:16 --> Undefined variable $select
in APPPATH\Controllers\Package.php on line 84.
 1 APPPATH\Controllers\Package.php(84): CodeIgniter\Debug\Exceptions->errorHandler(2, 'Undefined variable $select', 'APPPATH\\Controllers\\Package.php', 84)
 2 SYSTEMPATH\CodeIgniter.php(925): App\Controllers\Package->addtocart()
 3 SYSTEMPATH\CodeIgniter.php(480): CodeIgniter\CodeIgniter->runController(Object(App\Controllers\Package))
 4 SYSTEMPATH\CodeIgniter.php(349): CodeIgniter\CodeIgniter->handleRequest(null, Object(Config\Cache), false)
 5 FCPATH\index.php(67): CodeIgniter\CodeIgniter->run()
 6 SYSTEMPATH\Commands\Server\rewrite.php(47): require_once('FCPATH\\index.php')
ERROR - 2022-12-25 01:49:44 --> mysqli_sql_exception: Unknown column 'status' in 'field list' in C:\wamp64\www\AtoZ\user\system\Database\MySQLi\Connection.php:292
Stack trace:
#0 C:\wamp64\www\AtoZ\user\system\Database\MySQLi\Connection.php(292): mysqli->query('INSERT INTO `ca...', 0)
#1 C:\wamp64\www\AtoZ\user\system\Database\BaseConnection.php(666): CodeIgniter\Database\MySQLi\Connection->execute('INSERT INTO `ca...')
#2 C:\wamp64\www\AtoZ\user\system\Database\BaseConnection.php(593): CodeIgniter\Database\BaseConnection->simpleQuery('INSERT INTO `ca...')
#3 C:\wamp64\www\AtoZ\user\system\Database\BaseBuilder.php(1916): CodeIgniter\Database\BaseConnection->query('INSERT INTO `ca...', Array, false)
#4 C:\wamp64\www\AtoZ\user\system\Model.php(303): CodeIgniter\Database\BaseBuilder->insert()
#5 C:\wamp64\www\AtoZ\user\system\BaseModel.php(750): CodeIgniter\Model->doInsert(Array)
#6 C:\wamp64\www\AtoZ\user\system\Model.php(695): CodeIgniter\BaseModel->insert(Array, false)
#7 C:\wamp64\www\AtoZ\user\system\BaseModel.php(660): CodeIgniter\Model->insert(Array, false)
#8 C:\wamp64\www\AtoZ\user\app\Controllers\Package.php(81): CodeIgniter\BaseModel->save(Array)
#9 C:\wamp64\www\AtoZ\user\system\CodeIgniter.php(925): App\Controllers\Package->addtocart()
#10 C:\wamp64\www\AtoZ\user\system\CodeIgniter.php(480): CodeIgniter\CodeIgniter->runController(Object(App\Controllers\Package))
#11 C:\wamp64\www\AtoZ\user\system\CodeIgniter.php(349): CodeIgniter\CodeIgniter->handleRequest(NULL, Object(Config\Cache), false)
#12 C:\wamp64\www\AtoZ\user\public\index.php(67): CodeIgniter\CodeIgniter->run()
#13 C:\wamp64\www\AtoZ\user\system\Commands\Server\rewrite.php(47): require_once('C:\\wamp64\\www\\A...')
#14 {main}
ERROR - 2022-12-25 01:51:19 --> mysqli_sql_exception: Unknown column 'status' in 'field list' in C:\wamp64\www\AtoZ\user\system\Database\MySQLi\Connection.php:292
Stack trace:
#0 C:\wamp64\www\AtoZ\user\system\Database\MySQLi\Connection.php(292): mysqli->query('INSERT INTO `ca...', 0)
#1 C:\wamp64\www\AtoZ\user\system\Database\BaseConnection.php(666): CodeIgniter\Database\MySQLi\Connection->execute('INSERT INTO `ca...')
#2 C:\wamp64\www\AtoZ\user\system\Database\BaseConnection.php(593): CodeIgniter\Database\BaseConnection->simpleQuery('INSERT INTO `ca...')
#3 C:\wamp64\www\AtoZ\user\system\Database\BaseBuilder.php(1916): CodeIgniter\Database\BaseConnection->query('INSERT INTO `ca...', Array, false)
#4 C:\wamp64\www\AtoZ\user\system\Model.php(303): CodeIgniter\Database\BaseBuilder->insert()
#5 C:\wamp64\www\AtoZ\user\system\BaseModel.php(750): CodeIgniter\Model->doInsert(Array)
#6 C:\wamp64\www\AtoZ\user\system\Model.php(695): CodeIgniter\BaseModel->insert(Array, false)
#7 C:\wamp64\www\AtoZ\user\system\BaseModel.php(660): CodeIgniter\Model->insert(Array, false)
#8 C:\wamp64\www\AtoZ\user\app\Controllers\Package.php(81): CodeIgniter\BaseModel->save(Array)
#9 C:\wamp64\www\AtoZ\user\system\CodeIgniter.php(925): App\Controllers\Package->addtocart()
#10 C:\wamp64\www\AtoZ\user\system\CodeIgniter.php(480): CodeIgniter\CodeIgniter->runController(Object(App\Controllers\Package))
#11 C:\wamp64\www\AtoZ\user\system\CodeIgniter.php(349): CodeIgniter\CodeIgniter->handleRequest(NULL, Object(Config\Cache), false)
#12 C:\wamp64\www\AtoZ\user\public\index.php(67): CodeIgniter\CodeIgniter->run()
#13 C:\wamp64\www\AtoZ\user\system\Commands\Server\rewrite.php(47): require_once('C:\\wamp64\\www\\A...')
#14 {main}
ERROR - 2022-12-25 01:52:19 --> mysqli_sql_exception: Unknown column 'status' in 'field list' in C:\wamp64\www\AtoZ\user\system\Database\MySQLi\Connection.php:292
Stack trace:
#0 C:\wamp64\www\AtoZ\user\system\Database\MySQLi\Connection.php(292): mysqli->query('INSERT INTO `ca...', 0)
#1 C:\wamp64\www\AtoZ\user\system\Database\BaseConnection.php(666): CodeIgniter\Database\MySQLi\Connection->execute('INSERT INTO `ca...')
#2 C:\wamp64\www\AtoZ\user\system\Database\BaseConnection.php(593): CodeIgniter\Database\BaseConnection->simpleQuery('INSERT INTO `ca...')
#3 C:\wamp64\www\AtoZ\user\system\Database\BaseBuilder.php(1916): CodeIgniter\Database\BaseConnection->query('INSERT INTO `ca...', Array, false)
#4 C:\wamp64\www\AtoZ\user\system\Model.php(303): CodeIgniter\Database\BaseBuilder->insert()
#5 C:\wamp64\www\AtoZ\user\system\BaseModel.php(750): CodeIgniter\Model->doInsert(Array)
#6 C:\wamp64\www\AtoZ\user\system\Model.php(695): CodeIgniter\BaseModel->insert(Array, false)
#7 C:\wamp64\www\AtoZ\user\system\BaseModel.php(660): CodeIgniter\Model->insert(Array, false)
#8 C:\wamp64\www\AtoZ\user\app\Controllers\Package.php(81): CodeIgniter\BaseModel->save(Array)
#9 C:\wamp64\www\AtoZ\user\system\CodeIgniter.php(925): App\Controllers\Package->addtocart()
#10 C:\wamp64\www\AtoZ\user\system\CodeIgniter.php(480): CodeIgniter\CodeIgniter->runController(Object(App\Controllers\Package))
#11 C:\wamp64\www\AtoZ\user\system\CodeIgniter.php(349): CodeIgniter\CodeIgniter->handleRequest(NULL, Object(Config\Cache), false)
#12 C:\wamp64\www\AtoZ\user\public\index.php(67): CodeIgniter\CodeIgniter->run()
#13 C:\wamp64\www\AtoZ\user\system\Commands\Server\rewrite.php(47): require_once('C:\\wamp64\\www\\A...')
#14 {main}
ERROR - 2022-12-25 01:53:15 --> mysqli_sql_exception: Unknown column 'status' in 'field list' in C:\wamp64\www\AtoZ\user\system\Database\MySQLi\Connection.php:292
Stack trace:
#0 C:\wamp64\www\AtoZ\user\system\Database\MySQLi\Connection.php(292): mysqli->query('INSERT INTO `ca...', 0)
#1 C:\wamp64\www\AtoZ\user\system\Database\BaseConnection.php(666): CodeIgniter\Database\MySQLi\Connection->execute('INSERT INTO `ca...')
#2 C:\wamp64\www\AtoZ\user\system\Database\BaseConnection.php(593): CodeIgniter\Database\BaseConnection->simpleQuery('INSERT INTO `ca...')
#3 C:\wamp64\www\AtoZ\user\system\Database\BaseBuilder.php(1916): CodeIgniter\Database\BaseConnection->query('INSERT INTO `ca...', Array, false)
#4 C:\wamp64\www\AtoZ\user\system\Model.php(303): CodeIgniter\Database\BaseBuilder->insert()
#5 C:\wamp64\www\AtoZ\user\system\BaseModel.php(750): CodeIgniter\Model->doInsert(Array)
#6 C:\wamp64\www\AtoZ\user\system\Model.php(695): CodeIgniter\BaseModel->insert(Array, false)
#7 C:\wamp64\www\AtoZ\user\system\BaseModel.php(660): CodeIgniter\Model->insert(Array, false)
#8 C:\wamp64\www\AtoZ\user\app\Controllers\Package.php(81): CodeIgniter\BaseModel->save(Array)
#9 C:\wamp64\www\AtoZ\user\system\CodeIgniter.php(925): App\Controllers\Package->addtocart()
#10 C:\wamp64\www\AtoZ\user\system\CodeIgniter.php(480): CodeIgniter\CodeIgniter->runController(Object(App\Controllers\Package))
#11 C:\wamp64\www\AtoZ\user\system\CodeIgniter.php(349): CodeIgniter\CodeIgniter->handleRequest(NULL, Object(Config\Cache), false)
#12 C:\wamp64\www\AtoZ\user\public\index.php(67): CodeIgniter\CodeIgniter->run()
#13 C:\wamp64\www\AtoZ\user\system\Commands\Server\rewrite.php(47): require_once('C:\\wamp64\\www\\A...')
#14 {main}
ERROR - 2022-12-25 01:57:08 --> mysqli_sql_exception: Unknown column 'status' in 'field list' in C:\wamp64\www\AtoZ\user\system\Database\MySQLi\Connection.php:292
Stack trace:
#0 C:\wamp64\www\AtoZ\user\system\Database\MySQLi\Connection.php(292): mysqli->query('INSERT INTO `ca...', 0)
#1 C:\wamp64\www\AtoZ\user\system\Database\BaseConnection.php(666): CodeIgniter\Database\MySQLi\Connection->execute('INSERT INTO `ca...')
#2 C:\wamp64\www\AtoZ\user\system\Database\BaseConnection.php(593): CodeIgniter\Database\BaseConnection->simpleQuery('INSERT INTO `ca...')
#3 C:\wamp64\www\AtoZ\user\system\Database\BaseBuilder.php(1916): CodeIgniter\Database\BaseConnection->query('INSERT INTO `ca...', Array, false)
#4 C:\wamp64\www\AtoZ\user\system\Model.php(303): CodeIgniter\Database\BaseBuilder->insert()
#5 C:\wamp64\www\AtoZ\user\system\BaseModel.php(750): CodeIgniter\Model->doInsert(Array)
#6 C:\wamp64\www\AtoZ\user\system\Model.php(695): CodeIgniter\BaseModel->insert(Array, false)
#7 C:\wamp64\www\AtoZ\user\system\BaseModel.php(660): CodeIgniter\Model->insert(Array, false)
#8 C:\wamp64\www\AtoZ\user\app\Controllers\Package.php(81): CodeIgniter\BaseModel->save(Array)
#9 C:\wamp64\www\AtoZ\user\system\CodeIgniter.php(925): App\Controllers\Package->addtocart()
#10 C:\wamp64\www\AtoZ\user\system\CodeIgniter.php(480): CodeIgniter\CodeIgniter->runController(Object(App\Controllers\Package))
#11 C:\wamp64\www\AtoZ\user\system\CodeIgniter.php(349): CodeIgniter\CodeIgniter->handleRequest(NULL, Object(Config\Cache), false)
#12 C:\wamp64\www\AtoZ\user\public\index.php(67): CodeIgniter\CodeIgniter->run()
#13 C:\wamp64\www\AtoZ\user\system\Commands\Server\rewrite.php(47): require_once('C:\\wamp64\\www\\A...')
#14 {main}
ERROR - 2022-12-25 01:58:37 --> mysqli_sql_exception: Unknown column 'status' in 'field list' in C:\wamp64\www\AtoZ\user\system\Database\MySQLi\Connection.php:292
Stack trace:
#0 C:\wamp64\www\AtoZ\user\system\Database\MySQLi\Connection.php(292): mysqli->query('INSERT INTO `ca...', 0)
#1 C:\wamp64\www\AtoZ\user\system\Database\BaseConnection.php(666): CodeIgniter\Database\MySQLi\Connection->execute('INSERT INTO `ca...')
#2 C:\wamp64\www\AtoZ\user\system\Database\BaseConnection.php(593): CodeIgniter\Database\BaseConnection->simpleQuery('INSERT INTO `ca...')
#3 C:\wamp64\www\AtoZ\user\system\Database\BaseBuilder.php(1916): CodeIgniter\Database\BaseConnection->query('INSERT INTO `ca...', Array, false)
#4 C:\wamp64\www\AtoZ\user\system\Model.php(303): CodeIgniter\Database\BaseBuilder->insert()
#5 C:\wamp64\www\AtoZ\user\system\BaseModel.php(750): CodeIgniter\Model->doInsert(Array)
#6 C:\wamp64\www\AtoZ\user\system\Model.php(695): CodeIgniter\BaseModel->insert(Array, false)
#7 C:\wamp64\www\AtoZ\user\system\BaseModel.php(660): CodeIgniter\Model->insert(Array, false)
#8 C:\wamp64\www\AtoZ\user\app\Controllers\Package.php(81): CodeIgniter\BaseModel->save(Array)
#9 C:\wamp64\www\AtoZ\user\system\CodeIgniter.php(925): App\Controllers\Package->addtocart()
#10 C:\wamp64\www\AtoZ\user\system\CodeIgniter.php(480): CodeIgniter\CodeIgniter->runController(Object(App\Controllers\Package))
#11 C:\wamp64\www\AtoZ\user\system\CodeIgniter.php(349): CodeIgniter\CodeIgniter->handleRequest(NULL, Object(Config\Cache), false)
#12 C:\wamp64\www\AtoZ\user\public\index.php(67): CodeIgniter\CodeIgniter->run()
#13 C:\wamp64\www\AtoZ\user\system\Commands\Server\rewrite.php(47): require_once('C:\\wamp64\\www\\A...')
#14 {main}
ERROR - 2022-12-25 01:59:09 --> mysqli_sql_exception: Unknown column 'status' in 'field list' in C:\wamp64\www\AtoZ\user\system\Database\MySQLi\Connection.php:292
Stack trace:
#0 C:\wamp64\www\AtoZ\user\system\Database\MySQLi\Connection.php(292): mysqli->query('INSERT INTO `ca...', 0)
#1 C:\wamp64\www\AtoZ\user\system\Database\BaseConnection.php(666): CodeIgniter\Database\MySQLi\Connection->execute('INSERT INTO `ca...')
#2 C:\wamp64\www\AtoZ\user\system\Database\BaseConnection.php(593): CodeIgniter\Database\BaseConnection->simpleQuery('INSERT INTO `ca...')
#3 C:\wamp64\www\AtoZ\user\system\Database\BaseBuilder.php(1916): CodeIgniter\Database\BaseConnection->query('INSERT INTO `ca...', Array, false)
#4 C:\wamp64\www\AtoZ\user\system\Model.php(303): CodeIgniter\Database\BaseBuilder->insert()
#5 C:\wamp64\www\AtoZ\user\system\BaseModel.php(750): CodeIgniter\Model->doInsert(Array)
#6 C:\wamp64\www\AtoZ\user\system\Model.php(695): CodeIgniter\BaseModel->insert(Array, false)
#7 C:\wamp64\www\AtoZ\user\system\BaseModel.php(660): CodeIgniter\Model->insert(Array, false)
#8 C:\wamp64\www\AtoZ\user\app\Controllers\Package.php(81): CodeIgniter\BaseModel->save(Array)
#9 C:\wamp64\www\AtoZ\user\system\CodeIgniter.php(925): App\Controllers\Package->addtocart()
#10 C:\wamp64\www\AtoZ\user\system\CodeIgniter.php(480): CodeIgniter\CodeIgniter->runController(Object(App\Controllers\Package))
#11 C:\wamp64\www\AtoZ\user\system\CodeIgniter.php(349): CodeIgniter\CodeIgniter->handleRequest(NULL, Object(Config\Cache), false)
#12 C:\wamp64\www\AtoZ\user\public\index.php(67): CodeIgniter\CodeIgniter->run()
#13 C:\wamp64\www\AtoZ\user\system\Commands\Server\rewrite.php(47): require_once('C:\\wamp64\\www\\A...')
#14 {main}
ERROR - 2022-12-25 01:59:40 --> mysqli_sql_exception: Unknown column 'status' in 'field list' in C:\wamp64\www\AtoZ\user\system\Database\MySQLi\Connection.php:292
Stack trace:
#0 C:\wamp64\www\AtoZ\user\system\Database\MySQLi\Connection.php(292): mysqli->query('INSERT INTO `ca...', 0)
#1 C:\wamp64\www\AtoZ\user\system\Database\BaseConnection.php(666): CodeIgniter\Database\MySQLi\Connection->execute('INSERT INTO `ca...')
#2 C:\wamp64\www\AtoZ\user\system\Database\BaseConnection.php(593): CodeIgniter\Database\BaseConnection->simpleQuery('INSERT INTO `ca...')
#3 C:\wamp64\www\AtoZ\user\system\Database\BaseBuilder.php(1916): CodeIgniter\Database\BaseConnection->query('INSERT INTO `ca...', Array, false)
#4 C:\wamp64\www\AtoZ\user\system\Model.php(303): CodeIgniter\Database\BaseBuilder->insert()
#5 C:\wamp64\www\AtoZ\user\system\BaseModel.php(750): CodeIgniter\Model->doInsert(Array)
#6 C:\wamp64\www\AtoZ\user\system\Model.php(695): CodeIgniter\BaseModel->insert(Array, false)
#7 C:\wamp64\www\AtoZ\user\system\BaseModel.php(660): CodeIgniter\Model->insert(Array, false)
#8 C:\wamp64\www\AtoZ\user\app\Controllers\Package.php(81): CodeIgniter\BaseModel->save(Array)
#9 C:\wamp64\www\AtoZ\user\system\CodeIgniter.php(925): App\Controllers\Package->addtocart()
#10 C:\wamp64\www\AtoZ\user\system\CodeIgniter.php(480): CodeIgniter\CodeIgniter->runController(Object(App\Controllers\Package))
#11 C:\wamp64\www\AtoZ\user\system\CodeIgniter.php(349): CodeIgniter\CodeIgniter->handleRequest(NULL, Object(Config\Cache), false)
#12 C:\wamp64\www\AtoZ\user\public\index.php(67): CodeIgniter\CodeIgniter->run()
#13 C:\wamp64\www\AtoZ\user\system\Commands\Server\rewrite.php(47): require_once('C:\\wamp64\\www\\A...')
#14 {main}
CRITICAL - 2022-12-25 02:00:21 --> Trying to access array offset on value of type null
in APPPATH\Controllers\Package.php on line 67.
 1 APPPATH\Controllers\Package.php(67): CodeIgniter\Debug\Exceptions->errorHandler(2, 'Trying to access array offset on value of type null', 'APPPATH\\Controllers\\Package.php', 67)
 2 SYSTEMPATH\CodeIgniter.php(925): App\Controllers\Package->addtocart()
 3 SYSTEMPATH\CodeIgniter.php(480): CodeIgniter\CodeIgniter->runController(Object(App\Controllers\Package))
 4 SYSTEMPATH\CodeIgniter.php(349): CodeIgniter\CodeIgniter->handleRequest(null, Object(Config\Cache), false)
 5 FCPATH\index.php(67): CodeIgniter\CodeIgniter->run()
 6 SYSTEMPATH\Commands\Server\rewrite.php(47): require_once('FCPATH\\index.php')
ERROR - 2022-12-25 02:00:57 --> mysqli_sql_exception: Unknown column 'status' in 'field list' in C:\wamp64\www\AtoZ\user\system\Database\MySQLi\Connection.php:292
Stack trace:
#0 C:\wamp64\www\AtoZ\user\system\Database\MySQLi\Connection.php(292): mysqli->query('INSERT INTO `ca...', 0)
#1 C:\wamp64\www\AtoZ\user\system\Database\BaseConnection.php(666): CodeIgniter\Database\MySQLi\Connection->execute('INSERT INTO `ca...')
#2 C:\wamp64\www\AtoZ\user\system\Database\BaseConnection.php(593): CodeIgniter\Database\BaseConnection->simpleQuery('INSERT INTO `ca...')
#3 C:\wamp64\www\AtoZ\user\system\Database\BaseBuilder.php(1916): CodeIgniter\Database\BaseConnection->query('INSERT INTO `ca...', Array, false)
#4 C:\wamp64\www\AtoZ\user\system\Model.php(303): CodeIgniter\Database\BaseBuilder->insert()
#5 C:\wamp64\www\AtoZ\user\system\BaseModel.php(750): CodeIgniter\Model->doInsert(Array)
#6 C:\wamp64\www\AtoZ\user\system\Model.php(695): CodeIgniter\BaseModel->insert(Array, false)
#7 C:\wamp64\www\AtoZ\user\system\BaseModel.php(660): CodeIgniter\Model->insert(Array, false)
#8 C:\wamp64\www\AtoZ\user\app\Controllers\Package.php(75): CodeIgniter\BaseModel->save(Array)
#9 C:\wamp64\www\AtoZ\user\system\CodeIgniter.php(925): App\Controllers\Package->addtocart()
#10 C:\wamp64\www\AtoZ\user\system\CodeIgniter.php(480): CodeIgniter\CodeIgniter->runController(Object(App\Controllers\Package))
#11 C:\wamp64\www\AtoZ\user\system\CodeIgniter.php(349): CodeIgniter\CodeIgniter->handleRequest(NULL, Object(Config\Cache), false)
#12 C:\wamp64\www\AtoZ\user\public\index.php(67): CodeIgniter\CodeIgniter->run()
#13 C:\wamp64\www\AtoZ\user\system\Commands\Server\rewrite.php(47): require_once('C:\\wamp64\\www\\A...')
#14 {main}
ERROR - 2022-12-25 02:02:07 --> mysqli_sql_exception: Unknown column 'status' in 'field list' in C:\wamp64\www\AtoZ\user\system\Database\MySQLi\Connection.php:292
Stack trace:
#0 C:\wamp64\www\AtoZ\user\system\Database\MySQLi\Connection.php(292): mysqli->query('INSERT INTO `ca...', 0)
#1 C:\wamp64\www\AtoZ\user\system\Database\BaseConnection.php(666): CodeIgniter\Database\MySQLi\Connection->execute('INSERT INTO `ca...')
#2 C:\wamp64\www\AtoZ\user\system\Database\BaseConnection.php(593): CodeIgniter\Database\BaseConnection->simpleQuery('INSERT INTO `ca...')
#3 C:\wamp64\www\AtoZ\user\system\Database\BaseBuilder.php(1916): CodeIgniter\Database\BaseConnection->query('INSERT INTO `ca...', Array, false)
#4 C:\wamp64\www\AtoZ\user\system\Model.php(303): CodeIgniter\Database\BaseBuilder->insert()
#5 C:\wamp64\www\AtoZ\user\system\BaseModel.php(750): CodeIgniter\Model->doInsert(Array)
#6 C:\wamp64\www\AtoZ\user\system\Model.php(695): CodeIgniter\BaseModel->insert(Array, false)
#7 C:\wamp64\www\AtoZ\user\system\BaseModel.php(660): CodeIgniter\Model->insert(Array, false)
#8 C:\wamp64\www\AtoZ\user\app\Controllers\Package.php(77): CodeIgniter\BaseModel->save(Array)
#9 C:\wamp64\www\AtoZ\user\system\CodeIgniter.php(925): App\Controllers\Package->addtocart()
#10 C:\wamp64\www\AtoZ\user\system\CodeIgniter.php(480): CodeIgniter\CodeIgniter->runController(Object(App\Controllers\Package))
#11 C:\wamp64\www\AtoZ\user\system\CodeIgniter.php(349): CodeIgniter\CodeIgniter->handleRequest(NULL, Object(Config\Cache), false)
#12 C:\wamp64\www\AtoZ\user\public\index.php(67): CodeIgniter\CodeIgniter->run()
#13 C:\wamp64\www\AtoZ\user\system\Commands\Server\rewrite.php(47): require_once('C:\\wamp64\\www\\A...')
#14 {main}
ERROR - 2022-12-25 02:03:13 --> mysqli_sql_exception: Unknown column 'status' in 'field list' in C:\wamp64\www\AtoZ\user\system\Database\MySQLi\Connection.php:292
Stack trace:
#0 C:\wamp64\www\AtoZ\user\system\Database\MySQLi\Connection.php(292): mysqli->query('INSERT INTO `ca...', 0)
#1 C:\wamp64\www\AtoZ\user\system\Database\BaseConnection.php(666): CodeIgniter\Database\MySQLi\Connection->execute('INSERT INTO `ca...')
#2 C:\wamp64\www\AtoZ\user\system\Database\BaseConnection.php(593): CodeIgniter\Database\BaseConnection->simpleQuery('INSERT INTO `ca...')
#3 C:\wamp64\www\AtoZ\user\system\Database\BaseBuilder.php(1916): CodeIgniter\Database\BaseConnection->query('INSERT INTO `ca...', Array, false)
#4 C:\wamp64\www\AtoZ\user\system\Model.php(303): CodeIgniter\Database\BaseBuilder->insert()
#5 C:\wamp64\www\AtoZ\user\system\BaseModel.php(750): CodeIgniter\Model->doInsert(Array)
#6 C:\wamp64\www\AtoZ\user\system\Model.php(695): CodeIgniter\BaseModel->insert(Array, false)
#7 C:\wamp64\www\AtoZ\user\system\BaseModel.php(660): CodeIgniter\Model->insert(Array, false)
#8 C:\wamp64\www\AtoZ\user\app\Controllers\Package.php(84): CodeIgniter\BaseModel->save(Array)
#9 C:\wamp64\www\AtoZ\user\system\CodeIgniter.php(925): App\Controllers\Package->addtocart()
#10 C:\wamp64\www\AtoZ\user\system\CodeIgniter.php(480): CodeIgniter\CodeIgniter->runController(Object(App\Controllers\Package))
#11 C:\wamp64\www\AtoZ\user\system\CodeIgniter.php(349): CodeIgniter\CodeIgniter->handleRequest(NULL, Object(Config\Cache), false)
#12 C:\wamp64\www\AtoZ\user\public\index.php(67): CodeIgniter\CodeIgniter->run()
#13 C:\wamp64\www\AtoZ\user\system\Commands\Server\rewrite.php(47): require_once('C:\\wamp64\\www\\A...')
#14 {main}
ERROR - 2022-12-25 02:03:33 --> mysqli_sql_exception: Unknown column 'status' in 'field list' in C:\wamp64\www\AtoZ\user\system\Database\MySQLi\Connection.php:292
Stack trace:
#0 C:\wamp64\www\AtoZ\user\system\Database\MySQLi\Connection.php(292): mysqli->query('INSERT INTO `ca...', 0)
#1 C:\wamp64\www\AtoZ\user\system\Database\BaseConnection.php(666): CodeIgniter\Database\MySQLi\Connection->execute('INSERT INTO `ca...')
#2 C:\wamp64\www\AtoZ\user\system\Database\BaseConnection.php(593): CodeIgniter\Database\BaseConnection->simpleQuery('INSERT INTO `ca...')
#3 C:\wamp64\www\AtoZ\user\system\Database\BaseBuilder.php(1916): CodeIgniter\Database\BaseConnection->query('INSERT INTO `ca...', Array, false)
#4 C:\wamp64\www\AtoZ\user\system\Model.php(303): CodeIgniter\Database\BaseBuilder->insert()
#5 C:\wamp64\www\AtoZ\user\system\BaseModel.php(750): CodeIgniter\Model->doInsert(Array)
#6 C:\wamp64\www\AtoZ\user\system\Model.php(695): CodeIgniter\BaseModel->insert(Array, false)
#7 C:\wamp64\www\AtoZ\user\system\BaseModel.php(660): CodeIgniter\Model->insert(Array, false)
#8 C:\wamp64\www\AtoZ\user\app\Controllers\Package.php(84): CodeIgniter\BaseModel->save(Array)
#9 C:\wamp64\www\AtoZ\user\system\CodeIgniter.php(925): App\Controllers\Package->addtocart()
#10 C:\wamp64\www\AtoZ\user\system\CodeIgniter.php(480): CodeIgniter\CodeIgniter->runController(Object(App\Controllers\Package))
#11 C:\wamp64\www\AtoZ\user\system\CodeIgniter.php(349): CodeIgniter\CodeIgniter->handleRequest(NULL, Object(Config\Cache), false)
#12 C:\wamp64\www\AtoZ\user\public\index.php(67): CodeIgniter\CodeIgniter->run()
#13 C:\wamp64\www\AtoZ\user\system\Commands\Server\rewrite.php(47): require_once('C:\\wamp64\\www\\A...')
#14 {main}
ERROR - 2022-12-25 02:04:30 --> mysqli_sql_exception: Unknown column 'status' in 'field list' in C:\wamp64\www\AtoZ\user\system\Database\MySQLi\Connection.php:292
Stack trace:
#0 C:\wamp64\www\AtoZ\user\system\Database\MySQLi\Connection.php(292): mysqli->query('INSERT INTO `ca...', 0)
#1 C:\wamp64\www\AtoZ\user\system\Database\BaseConnection.php(666): CodeIgniter\Database\MySQLi\Connection->execute('INSERT INTO `ca...')
#2 C:\wamp64\www\AtoZ\user\system\Database\BaseConnection.php(593): CodeIgniter\Database\BaseConnection->simpleQuery('INSERT INTO `ca...')
#3 C:\wamp64\www\AtoZ\user\system\Database\BaseBuilder.php(1916): CodeIgniter\Database\BaseConnection->query('INSERT INTO `ca...', Array, false)
#4 C:\wamp64\www\AtoZ\user\system\Model.php(303): CodeIgniter\Database\BaseBuilder->insert()
#5 C:\wamp64\www\AtoZ\user\system\BaseModel.php(750): CodeIgniter\Model->doInsert(Array)
#6 C:\wamp64\www\AtoZ\user\system\Model.php(695): CodeIgniter\BaseModel->insert(Array, false)
#7 C:\wamp64\www\AtoZ\user\system\BaseModel.php(660): CodeIgniter\Model->insert(Array, false)
#8 C:\wamp64\www\AtoZ\user\app\Controllers\Package.php(83): CodeIgniter\BaseModel->save(Array)
#9 C:\wamp64\www\AtoZ\user\system\CodeIgniter.php(925): App\Controllers\Package->addtocart()
#10 C:\wamp64\www\AtoZ\user\system\CodeIgniter.php(480): CodeIgniter\CodeIgniter->runController(Object(App\Controllers\Package))
#11 C:\wamp64\www\AtoZ\user\system\CodeIgniter.php(349): CodeIgniter\CodeIgniter->handleRequest(NULL, Object(Config\Cache), false)
#12 C:\wamp64\www\AtoZ\user\public\index.php(67): CodeIgniter\CodeIgniter->run()
#13 C:\wamp64\www\AtoZ\user\system\Commands\Server\rewrite.php(47): require_once('C:\\wamp64\\www\\A...')
#14 {main}
ERROR - 2022-12-25 02:05:34 --> mysqli_sql_exception: Unknown column 'status' in 'field list' in C:\wamp64\www\AtoZ\user\system\Database\MySQLi\Connection.php:292
Stack trace:
#0 C:\wamp64\www\AtoZ\user\system\Database\MySQLi\Connection.php(292): mysqli->query('INSERT INTO `ca...', 0)
#1 C:\wamp64\www\AtoZ\user\system\Database\BaseConnection.php(666): CodeIgniter\Database\MySQLi\Connection->execute('INSERT INTO `ca...')
#2 C:\wamp64\www\AtoZ\user\system\Database\BaseConnection.php(593): CodeIgniter\Database\BaseConnection->simpleQuery('INSERT INTO `ca...')
#3 C:\wamp64\www\AtoZ\user\system\Database\BaseBuilder.php(1916): CodeIgniter\Database\BaseConnection->query('INSERT INTO `ca...', Array, false)
#4 C:\wamp64\www\AtoZ\user\system\Model.php(303): CodeIgniter\Database\BaseBuilder->insert()
#5 C:\wamp64\www\AtoZ\user\system\BaseModel.php(750): CodeIgniter\Model->doInsert(Array)
#6 C:\wamp64\www\AtoZ\user\system\Model.php(695): CodeIgniter\BaseModel->insert(Array, false)
#7 C:\wamp64\www\AtoZ\user\system\BaseModel.php(660): CodeIgniter\Model->insert(Array, false)
#8 C:\wamp64\www\AtoZ\user\app\Controllers\Package.php(83): CodeIgniter\BaseModel->save(Array)
#9 C:\wamp64\www\AtoZ\user\system\CodeIgniter.php(925): App\Controllers\Package->addtocart()
#10 C:\wamp64\www\AtoZ\user\system\CodeIgniter.php(480): CodeIgniter\CodeIgniter->runController(Object(App\Controllers\Package))
#11 C:\wamp64\www\AtoZ\user\system\CodeIgniter.php(349): CodeIgniter\CodeIgniter->handleRequest(NULL, Object(Config\Cache), false)
#12 C:\wamp64\www\AtoZ\user\public\index.php(67): CodeIgniter\CodeIgniter->run()
#13 C:\wamp64\www\AtoZ\user\system\Commands\Server\rewrite.php(47): require_once('C:\\wamp64\\www\\A...')
#14 {main}
ERROR - 2022-12-25 02:07:23 --> mysqli_sql_exception: Unknown column 'status' in 'field list' in C:\wamp64\www\AtoZ\user\system\Database\MySQLi\Connection.php:292
Stack trace:
#0 C:\wamp64\www\AtoZ\user\system\Database\MySQLi\Connection.php(292): mysqli->query('INSERT INTO `ca...', 0)
#1 C:\wamp64\www\AtoZ\user\system\Database\BaseConnection.php(666): CodeIgniter\Database\MySQLi\Connection->execute('INSERT INTO `ca...')
#2 C:\wamp64\www\AtoZ\user\system\Database\BaseConnection.php(593): CodeIgniter\Database\BaseConnection->simpleQuery('INSERT INTO `ca...')
#3 C:\wamp64\www\AtoZ\user\system\Database\BaseBuilder.php(1916): CodeIgniter\Database\BaseConnection->query('INSERT INTO `ca...', Array, false)
#4 C:\wamp64\www\AtoZ\user\system\Model.php(303): CodeIgniter\Database\BaseBuilder->insert()
#5 C:\wamp64\www\AtoZ\user\system\BaseModel.php(750): CodeIgniter\Model->doInsert(Array)
#6 C:\wamp64\www\AtoZ\user\system\Model.php(695): CodeIgniter\BaseModel->insert(Array, false)
#7 C:\wamp64\www\AtoZ\user\system\BaseModel.php(660): CodeIgniter\Model->insert(Array, false)
#8 C:\wamp64\www\AtoZ\user\app\Controllers\Package.php(85): CodeIgniter\BaseModel->save(Array)
#9 C:\wamp64\www\AtoZ\user\system\CodeIgniter.php(925): App\Controllers\Package->addtocart()
#10 C:\wamp64\www\AtoZ\user\system\CodeIgniter.php(480): CodeIgniter\CodeIgniter->runController(Object(App\Controllers\Package))
#11 C:\wamp64\www\AtoZ\user\system\CodeIgniter.php(349): CodeIgniter\CodeIgniter->handleRequest(NULL, Object(Config\Cache), false)
#12 C:\wamp64\www\AtoZ\user\public\index.php(67): CodeIgniter\CodeIgniter->run()
#13 C:\wamp64\www\AtoZ\user\system\Commands\Server\rewrite.php(47): require_once('C:\\wamp64\\www\\A...')
#14 {main}
ERROR - 2022-12-25 02:07:44 --> mysqli_sql_exception: Unknown column 'status' in 'field list' in C:\wamp64\www\AtoZ\user\system\Database\MySQLi\Connection.php:292
Stack trace:
#0 C:\wamp64\www\AtoZ\user\system\Database\MySQLi\Connection.php(292): mysqli->query('INSERT INTO `ca...', 0)
#1 C:\wamp64\www\AtoZ\user\system\Database\BaseConnection.php(666): CodeIgniter\Database\MySQLi\Connection->execute('INSERT INTO `ca...')
#2 C:\wamp64\www\AtoZ\user\system\Database\BaseConnection.php(593): CodeIgniter\Database\BaseConnection->simpleQuery('INSERT INTO `ca...')
#3 C:\wamp64\www\AtoZ\user\system\Database\BaseBuilder.php(1916): CodeIgniter\Database\BaseConnection->query('INSERT INTO `ca...', Array, false)
#4 C:\wamp64\www\AtoZ\user\system\Model.php(303): CodeIgniter\Database\BaseBuilder->insert()
#5 C:\wamp64\www\AtoZ\user\system\BaseModel.php(750): CodeIgniter\Model->doInsert(Array)
#6 C:\wamp64\www\AtoZ\user\system\Model.php(695): CodeIgniter\BaseModel->insert(Array, false)
#7 C:\wamp64\www\AtoZ\user\system\BaseModel.php(660): CodeIgniter\Model->insert(Array, false)
#8 C:\wamp64\www\AtoZ\user\app\Controllers\Package.php(85): CodeIgniter\BaseModel->save(Array)
#9 C:\wamp64\www\AtoZ\user\system\CodeIgniter.php(925): App\Controllers\Package->addtocart()
#10 C:\wamp64\www\AtoZ\user\system\CodeIgniter.php(480): CodeIgniter\CodeIgniter->runController(Object(App\Controllers\Package))
#11 C:\wamp64\www\AtoZ\user\system\CodeIgniter.php(349): CodeIgniter\CodeIgniter->handleRequest(NULL, Object(Config\Cache), false)
#12 C:\wamp64\www\AtoZ\user\public\index.php(67): CodeIgniter\CodeIgniter->run()
#13 C:\wamp64\www\AtoZ\user\system\Commands\Server\rewrite.php(47): require_once('C:\\wamp64\\www\\A...')
#14 {main}
ERROR - 2022-12-25 02:08:53 --> mysqli_sql_exception: Unknown column 'status' in 'field list' in C:\wamp64\www\AtoZ\user\system\Database\MySQLi\Connection.php:292
Stack trace:
#0 C:\wamp64\www\AtoZ\user\system\Database\MySQLi\Connection.php(292): mysqli->query('INSERT INTO `ca...', 0)
#1 C:\wamp64\www\AtoZ\user\system\Database\BaseConnection.php(666): CodeIgniter\Database\MySQLi\Connection->execute('INSERT INTO `ca...')
#2 C:\wamp64\www\AtoZ\user\system\Database\BaseConnection.php(593): CodeIgniter\Database\BaseConnection->simpleQuery('INSERT INTO `ca...')
#3 C:\wamp64\www\AtoZ\user\system\Database\BaseBuilder.php(1916): CodeIgniter\Database\BaseConnection->query('INSERT INTO `ca...', Array, false)
#4 C:\wamp64\www\AtoZ\user\system\Model.php(303): CodeIgniter\Database\BaseBuilder->insert()
#5 C:\wamp64\www\AtoZ\user\system\BaseModel.php(750): CodeIgniter\Model->doInsert(Array)
#6 C:\wamp64\www\AtoZ\user\system\Model.php(695): CodeIgniter\BaseModel->insert(Array, false)
#7 C:\wamp64\www\AtoZ\user\system\BaseModel.php(660): CodeIgniter\Model->insert(Array, false)
#8 C:\wamp64\www\AtoZ\user\app\Controllers\Package.php(86): CodeIgniter\BaseModel->save(Array)
#9 C:\wamp64\www\AtoZ\user\system\CodeIgniter.php(925): App\Controllers\Package->addtocart()
#10 C:\wamp64\www\AtoZ\user\system\CodeIgniter.php(480): CodeIgniter\CodeIgniter->runController(Object(App\Controllers\Package))
#11 C:\wamp64\www\AtoZ\user\system\CodeIgniter.php(349): CodeIgniter\CodeIgniter->handleRequest(NULL, Object(Config\Cache), false)
#12 C:\wamp64\www\AtoZ\user\public\index.php(67): CodeIgniter\CodeIgniter->run()
#13 C:\wamp64\www\AtoZ\user\system\Commands\Server\rewrite.php(47): require_once('C:\\wamp64\\www\\A...')
#14 {main}
ERROR - 2022-12-25 02:09:51 --> mysqli_sql_exception: Unknown column 'status' in 'field list' in C:\wamp64\www\AtoZ\user\system\Database\MySQLi\Connection.php:292
Stack trace:
#0 C:\wamp64\www\AtoZ\user\system\Database\MySQLi\Connection.php(292): mysqli->query('INSERT INTO `ca...', 0)
#1 C:\wamp64\www\AtoZ\user\system\Database\BaseConnection.php(666): CodeIgniter\Database\MySQLi\Connection->execute('INSERT INTO `ca...')
#2 C:\wamp64\www\AtoZ\user\system\Database\BaseConnection.php(593): CodeIgniter\Database\BaseConnection->simpleQuery('INSERT INTO `ca...')
#3 C:\wamp64\www\AtoZ\user\system\Database\BaseBuilder.php(1916): CodeIgniter\Database\BaseConnection->query('INSERT INTO `ca...', Array, false)
#4 C:\wamp64\www\AtoZ\user\system\Model.php(303): CodeIgniter\Database\BaseBuilder->insert()
#5 C:\wamp64\www\AtoZ\user\system\BaseModel.php(750): CodeIgniter\Model->doInsert(Array)
#6 C:\wamp64\www\AtoZ\user\system\Model.php(695): CodeIgniter\BaseModel->insert(Array, false)
#7 C:\wamp64\www\AtoZ\user\system\BaseModel.php(660): CodeIgniter\Model->insert(Array, false)
#8 C:\wamp64\www\AtoZ\user\app\Controllers\Package.php(83): CodeIgniter\BaseModel->save(Array)
#9 C:\wamp64\www\AtoZ\user\system\CodeIgniter.php(925): App\Controllers\Package->addtocart()
#10 C:\wamp64\www\AtoZ\user\system\CodeIgniter.php(480): CodeIgniter\CodeIgniter->runController(Object(App\Controllers\Package))
#11 C:\wamp64\www\AtoZ\user\system\CodeIgniter.php(349): CodeIgniter\CodeIgniter->handleRequest(NULL, Object(Config\Cache), false)
#12 C:\wamp64\www\AtoZ\user\public\index.php(67): CodeIgniter\CodeIgniter->run()
#13 C:\wamp64\www\AtoZ\user\system\Commands\Server\rewrite.php(47): require_once('C:\\wamp64\\www\\A...')
#14 {main}
ERROR - 2022-12-25 02:10:11 --> mysqli_sql_exception: Unknown column 'status' in 'field list' in C:\wamp64\www\AtoZ\user\system\Database\MySQLi\Connection.php:292
Stack trace:
#0 C:\wamp64\www\AtoZ\user\system\Database\MySQLi\Connection.php(292): mysqli->query('INSERT INTO `ca...', 0)
#1 C:\wamp64\www\AtoZ\user\system\Database\BaseConnection.php(666): CodeIgniter\Database\MySQLi\Connection->execute('INSERT INTO `ca...')
#2 C:\wamp64\www\AtoZ\user\system\Database\BaseConnection.php(593): CodeIgniter\Database\BaseConnection->simpleQuery('INSERT INTO `ca...')
#3 C:\wamp64\www\AtoZ\user\system\Database\BaseBuilder.php(1916): CodeIgniter\Database\BaseConnection->query('INSERT INTO `ca...', Array, false)
#4 C:\wamp64\www\AtoZ\user\system\Model.php(303): CodeIgniter\Database\BaseBuilder->insert()
#5 C:\wamp64\www\AtoZ\user\system\BaseModel.php(750): CodeIgniter\Model->doInsert(Array)
#6 C:\wamp64\www\AtoZ\user\system\Model.php(695): CodeIgniter\BaseModel->insert(Array, false)
#7 C:\wamp64\www\AtoZ\user\system\BaseModel.php(660): CodeIgniter\Model->insert(Array, false)
#8 C:\wamp64\www\AtoZ\user\app\Controllers\Package.php(82): CodeIgniter\BaseModel->save(Array)
#9 C:\wamp64\www\AtoZ\user\system\CodeIgniter.php(925): App\Controllers\Package->addtocart()
#10 C:\wamp64\www\AtoZ\user\system\CodeIgniter.php(480): CodeIgniter\CodeIgniter->runController(Object(App\Controllers\Package))
#11 C:\wamp64\www\AtoZ\user\system\CodeIgniter.php(349): CodeIgniter\CodeIgniter->handleRequest(NULL, Object(Config\Cache), false)
#12 C:\wamp64\www\AtoZ\user\public\index.php(67): CodeIgniter\CodeIgniter->run()
#13 C:\wamp64\www\AtoZ\user\system\Commands\Server\rewrite.php(47): require_once('C:\\wamp64\\www\\A...')
#14 {main}
ERROR - 2022-12-25 02:10:11 --> mysqli_sql_exception: Unknown column 'status' in 'field list' in C:\wamp64\www\AtoZ\user\system\Database\MySQLi\Connection.php:292
Stack trace:
#0 C:\wamp64\www\AtoZ\user\system\Database\MySQLi\Connection.php(292): mysqli->query('INSERT INTO `ca...', 0)
#1 C:\wamp64\www\AtoZ\user\system\Database\BaseConnection.php(666): CodeIgniter\Database\MySQLi\Connection->execute('INSERT INTO `ca...')
#2 C:\wamp64\www\AtoZ\user\system\Database\BaseConnection.php(593): CodeIgniter\Database\BaseConnection->simpleQuery('INSERT INTO `ca...')
#3 C:\wamp64\www\AtoZ\user\system\Database\BaseBuilder.php(1916): CodeIgniter\Database\BaseConnection->query('INSERT INTO `ca...', Array, false)
#4 C:\wamp64\www\AtoZ\user\system\Model.php(303): CodeIgniter\Database\BaseBuilder->insert()
#5 C:\wamp64\www\AtoZ\user\system\BaseModel.php(750): CodeIgniter\Model->doInsert(Array)
#6 C:\wamp64\www\AtoZ\user\system\Model.php(695): CodeIgniter\BaseModel->insert(Array, false)
#7 C:\wamp64\www\AtoZ\user\system\BaseModel.php(660): CodeIgniter\Model->insert(Array, false)
#8 C:\wamp64\www\AtoZ\user\app\Controllers\Package.php(83): CodeIgniter\BaseModel->save(Array)
#9 C:\wamp64\www\AtoZ\user\system\CodeIgniter.php(925): App\Controllers\Package->addtocart()
#10 C:\wamp64\www\AtoZ\user\system\CodeIgniter.php(480): CodeIgniter\CodeIgniter->runController(Object(App\Controllers\Package))
#11 C:\wamp64\www\AtoZ\user\system\CodeIgniter.php(349): CodeIgniter\CodeIgniter->handleRequest(NULL, Object(Config\Cache), false)
#12 C:\wamp64\www\AtoZ\user\public\index.php(67): CodeIgniter\CodeIgniter->run()
#13 C:\wamp64\www\AtoZ\user\system\Commands\Server\rewrite.php(47): require_once('C:\\wamp64\\www\\A...')
#14 {main}
